INFO 2026-05-28 13:24:40,968 autoreload Watching for file changes with StatReloader
INFO 2026-05-28 13:24:40,968 autoreload Watching for file changes with StatReloader
INFO 2026-05-28 13:49:09,852 basehttp "OPTIONS /api/v1/auth/login/ HTTP/1.1" 200 0
INFO 2026-05-28 13:49:09,852 basehttp "OPTIONS /api/v1/auth/login/ HTTP/1.1" 200 0
INFO 2026-05-28 13:49:11,545 basehttp "POST /api/v1/auth/login/ HTTP/1.1" 200 790
INFO 2026-05-28 13:49:11,545 basehttp "POST /api/v1/auth/login/ HTTP/1.1" 200 790
INFO 2026-05-28 13:49:16,989 basehttp "OPTIONS /api/v1/inventory/products/ HTTP/1.1" 200 0
INFO 2026-05-28 13:49:16,989 basehttp "OPTIONS /api/v1/inventory/products/ HTTP/1.1" 200 0
INFO 2026-05-28 13:49:16,997 basehttp "OPTIONS /api/v1/inventory/products/ HTTP/1.1" 200 0
INFO 2026-05-28 13:49:16,997 basehttp "OPTIONS /api/v1/inventory/products/ HTTP/1.1" 200 0
INFO 2026-05-28 13:49:17,005 basehttp "OPTIONS /api/v1/sales/customers/ HTTP/1.1" 200 0
INFO 2026-05-28 13:49:17,005 basehttp "OPTIONS /api/v1/sales/customers/ HTTP/1.1" 200 0
INFO 2026-05-28 13:49:17,026 basehttp "OPTIONS /api/v1/sales/customers/ HTTP/1.1" 200 0
INFO 2026-05-28 13:49:17,026 basehttp "OPTIONS /api/v1/sales/customers/ HTTP/1.1" 200 0
INFO 2026-05-28 13:49:17,326 basehttp "GET /api/v1/sales/customers/ HTTP/1.1" 200 2221
INFO 2026-05-28 13:49:17,345 basehttp "GET /api/v1/inventory/products/ HTTP/1.1" 200 1597
INFO 2026-05-28 13:49:17,326 basehttp "GET /api/v1/sales/customers/ HTTP/1.1" 200 2221
INFO 2026-05-28 13:49:17,373 basehttp "GET /api/v1/sales/customers/ HTTP/1.1" 200 2221
INFO 2026-05-28 13:49:17,373 basehttp "GET /api/v1/sales/customers/ HTTP/1.1" 200 2221
INFO 2026-05-28 13:49:17,345 basehttp "GET /api/v1/inventory/products/ HTTP/1.1" 200 1597
INFO 2026-05-28 13:49:17,527 basehttp "GET /api/v1/inventory/products/ HTTP/1.1" 200 1597
INFO 2026-05-28 13:49:17,527 basehttp "GET /api/v1/inventory/products/ HTTP/1.1" 200 1597
INFO 2026-05-28 13:50:12,137 basehttp "OPTIONS /api/v1/sales/sales/process/ HTTP/1.1" 200 0
INFO 2026-05-28 13:50:12,137 basehttp "OPTIONS /api/v1/sales/sales/process/ HTTP/1.1" 200 0
INFO 2026-05-28 13:50:12,214 basehttp "POST /api/v1/sales/sales/process/ HTTP/1.1" 201 1032
INFO 2026-05-28 13:50:12,214 basehttp "POST /api/v1/sales/sales/process/ HTTP/1.1" 201 1032
INFO 2026-05-28 13:50:12,273 basehttp "GET /api/v1/sales/customers/ HTTP/1.1" 200 2222
INFO 2026-05-28 13:50:12,273 basehttp "GET /api/v1/sales/customers/ HTTP/1.1" 200 2222
INFO 2026-05-28 13:50:12,300 basehttp "GET /api/v1/inventory/products/ HTTP/1.1" 200 1597
INFO 2026-05-28 13:50:12,300 basehttp "GET /api/v1/inventory/products/ HTTP/1.1" 200 1597
INFO 2026-05-28 13:51:40,968 basehttp "OPTIONS /api/v1/sales/items/ HTTP/1.1" 200 0
INFO 2026-05-28 13:51:40,968 basehttp "OPTIONS /api/v1/sales/items/ HTTP/1.1" 200 0
INFO 2026-05-28 13:51:40,968 basehttp "OPTIONS /api/v1/sales/items/ HTTP/1.1" 200 0
INFO 2026-05-28 13:51:40,968 basehttp "OPTIONS /api/v1/sales/items/ HTTP/1.1" 200 0
INFO 2026-05-28 13:51:41,019 basehttp "GET /api/v1/sales/items/ HTTP/1.1" 200 2022
INFO 2026-05-28 13:51:41,019 basehttp "GET /api/v1/sales/items/ HTTP/1.1" 200 2022
INFO 2026-05-28 13:51:41,102 basehttp "GET /api/v1/sales/items/ HTTP/1.1" 200 2022
INFO 2026-05-28 13:51:41,102 basehttp "GET /api/v1/sales/items/ HTTP/1.1" 200 2022
INFO 2026-05-28 13:54:26,110 basehttp "OPTIONS /api/v1/sales/returns/ HTTP/1.1" 200 0
INFO 2026-05-28 13:54:26,110 basehttp "OPTIONS /api/v1/sales/returns/ HTTP/1.1" 200 0
INFO 2026-05-28 13:54:26,115 basehttp "OPTIONS /api/v1/sales/sales/?page=1&page_size=20 HTTP/1.1" 200 0
INFO 2026-05-28 13:54:26,115 basehttp "OPTIONS /api/v1/sales/sales/?page=1&page_size=20 HTTP/1.1" 200 0
INFO 2026-05-28 13:54:26,129 basehttp "OPTIONS /api/v1/sales/sales/?page=1&page_size=20 HTTP/1.1" 200 0
INFO 2026-05-28 13:54:26,129 basehttp "OPTIONS /api/v1/sales/sales/?page=1&page_size=20 HTTP/1.1" 200 0
INFO 2026-05-28 13:54:26,131 basehttp "OPTIONS /api/v1/sales/returns/ HTTP/1.1" 200 0
INFO 2026-05-28 13:54:26,131 basehttp "OPTIONS /api/v1/sales/returns/ HTTP/1.1" 200 0
INFO 2026-05-28 13:54:26,288 basehttp "GET /api/v1/sales/returns/ HTTP/1.1" 200 1572
INFO 2026-05-28 13:54:26,288 basehttp "GET /api/v1/sales/returns/ HTTP/1.1" 200 1572
INFO 2026-05-28 13:54:26,332 basehttp "GET /api/v1/sales/sales/?page=1&page_size=20 HTTP/1.1" 200 7830
INFO 2026-05-28 13:54:26,332 basehttp "GET /api/v1/sales/sales/?page=1&page_size=20 HTTP/1.1" 200 7830
INFO 2026-05-28 13:54:26,452 basehttp "GET /api/v1/sales/returns/ HTTP/1.1" 200 1572
INFO 2026-05-28 13:54:26,452 basehttp "GET /api/v1/sales/returns/ HTTP/1.1" 200 1572
INFO 2026-05-28 13:54:26,528 basehttp "GET /api/v1/sales/sales/?page=1&page_size=20 HTTP/1.1" 200 7830
INFO 2026-05-28 13:54:26,528 basehttp "GET /api/v1/sales/sales/?page=1&page_size=20 HTTP/1.1" 200 7830
INFO 2026-05-28 13:54:38,346 basehttp "GET /api/v1/sales/customers/ HTTP/1.1" 200 2222
INFO 2026-05-28 13:54:38,346 basehttp "GET /api/v1/sales/customers/ HTTP/1.1" 200 2222
INFO 2026-05-28 13:54:38,436 basehttp "GET /api/v1/sales/customers/ HTTP/1.1" 200 2222
INFO 2026-05-28 13:54:38,436 basehttp "GET /api/v1/sales/customers/ HTTP/1.1" 200 2222
INFO 2026-05-28 13:55:09,544 basehttp "OPTIONS /api/v1/sales/returns/?page=1&page_size=20 HTTP/1.1" 200 0
INFO 2026-05-28 13:55:09,544 basehttp "OPTIONS /api/v1/sales/returns/?page=1&page_size=20 HTTP/1.1" 200 0
INFO 2026-05-28 13:55:09,608 basehttp "GET /api/v1/sales/returns/?page=1&page_size=20 HTTP/1.1" 200 1572
INFO 2026-05-28 13:55:09,608 basehttp "GET /api/v1/sales/returns/?page=1&page_size=20 HTTP/1.1" 200 1572
INFO 2026-05-28 13:55:09,679 basehttp "GET /api/v1/sales/returns/?page=1&page_size=20 HTTP/1.1" 200 1572
INFO 2026-05-28 13:55:09,679 basehttp "GET /api/v1/sales/returns/?page=1&page_size=20 HTTP/1.1" 200 1572
INFO 2026-05-28 13:55:32,767 basehttp "OPTIONS /api/v1/auth/profile/ HTTP/1.1" 200 0
INFO 2026-05-28 13:55:32,768 basehttp "OPTIONS /api/v1/auth/profile/ HTTP/1.1" 200 0
INFO 2026-05-28 13:55:32,767 basehttp "OPTIONS /api/v1/auth/profile/ HTTP/1.1" 200 0
INFO 2026-05-28 13:55:32,768 basehttp "OPTIONS /api/v1/auth/profile/ HTTP/1.1" 200 0
INFO 2026-05-28 13:55:32,808 basehttp "GET /api/v1/auth/profile/ HTTP/1.1" 200 267
INFO 2026-05-28 13:55:32,808 basehttp "GET /api/v1/auth/profile/ HTTP/1.1" 200 267
INFO 2026-05-28 13:55:32,879 basehttp "GET /api/v1/auth/profile/ HTTP/1.1" 200 267
INFO 2026-05-28 13:55:32,879 basehttp "GET /api/v1/auth/profile/ HTTP/1.1" 200 267
WARNING 2026-05-28 13:56:52,943 basehttp "POST /api/v1/auth/login/ HTTP/1.1" 401 50
WARNING 2026-05-28 13:56:52,943 basehttp "POST /api/v1/auth/login/ HTTP/1.1" 401 50
INFO 2026-05-28 13:58:10,010 basehttp "POST /api/v1/auth/login/ HTTP/1.1" 200 791
INFO 2026-05-28 13:58:10,010 basehttp "POST /api/v1/auth/login/ HTTP/1.1" 200 791
INFO 2026-05-28 13:58:13,947 basehttp "OPTIONS /api/v1/financials/transactions/?page=1&page_size=20 HTTP/1.1" 200 0
INFO 2026-05-28 13:58:13,947 basehttp "OPTIONS /api/v1/financials/transactions/?page=1&page_size=20 HTTP/1.1" 200 0
INFO 2026-05-28 13:58:13,948 basehttp "OPTIONS /api/v1/financials/transactions/?page=1&page_size=20 HTTP/1.1" 200 0
INFO 2026-05-28 13:58:13,948 basehttp "OPTIONS /api/v1/financials/transactions/?page=1&page_size=20 HTTP/1.1" 200 0
INFO 2026-05-28 13:58:14,017 basehttp "GET /api/v1/financials/transactions/?page=1&page_size=20 HTTP/1.1" 200 4527
INFO 2026-05-28 13:58:14,017 basehttp "GET /api/v1/financials/transactions/?page=1&page_size=20 HTTP/1.1" 200 4527
INFO 2026-05-28 13:58:14,217 basehttp "GET /api/v1/financials/transactions/?page=1&page_size=20 HTTP/1.1" 200 4527
INFO 2026-05-28 13:58:14,217 basehttp "GET /api/v1/financials/transactions/?page=1&page_size=20 HTTP/1.1" 200 4527
INFO 2026-05-28 13:58:27,409 basehttp "OPTIONS /api/v1/financials/transactions/27/ HTTP/1.1" 200 0
INFO 2026-05-28 13:58:27,409 basehttp "OPTIONS /api/v1/financials/transactions/27/ HTTP/1.1" 200 0
INFO 2026-05-28 13:58:27,435 basehttp "DELETE /api/v1/financials/transactions/27/ HTTP/1.1" 204 0
INFO 2026-05-28 13:58:27,435 basehttp "DELETE /api/v1/financials/transactions/27/ HTTP/1.1" 204 0
INFO 2026-05-28 13:58:27,495 basehttp "GET /api/v1/financials/transactions/?page=1&page_size=20 HTTP/1.1" 200 4513
INFO 2026-05-28 13:58:27,495 basehttp "GET /api/v1/financials/transactions/?page=1&page_size=20 HTTP/1.1" 200 4513
INFO 2026-05-28 13:58:34,754 basehttp "OPTIONS /api/v1/financials/invoices/?page=1&page_size=20&status=&start_date=&end_date= HTTP/1.1" 200 0
INFO 2026-05-28 13:58:34,756 basehttp "OPTIONS /api/v1/financials/invoices/?page=1&page_size=20&status=&start_date=&end_date= HTTP/1.1" 200 0
INFO 2026-05-28 13:58:34,754 basehttp "OPTIONS /api/v1/financials/invoices/?page=1&page_size=20&status=&start_date=&end_date= HTTP/1.1" 200 0
INFO 2026-05-28 13:58:34,756 basehttp "OPTIONS /api/v1/financials/invoices/?page=1&page_size=20&status=&start_date=&end_date= HTTP/1.1" 200 0
WARNING 2026-05-28 13:58:34,772 basehttp "GET /api/v1/inventory/products/ HTTP/1.1" 403 63
WARNING 2026-05-28 13:58:34,772 basehttp "GET /api/v1/inventory/products/ HTTP/1.1" 403 63
WARNING 2026-05-28 13:58:34,867 basehttp "GET /api/v1/inventory/products/ HTTP/1.1" 403 63
WARNING 2026-05-28 13:58:34,867 basehttp "GET /api/v1/inventory/products/ HTTP/1.1" 403 63
INFO 2026-05-28 13:58:34,916 basehttp "GET /api/v1/sales/customers/ HTTP/1.1" 200 2222
INFO 2026-05-28 13:58:34,916 basehttp "GET /api/v1/sales/customers/ HTTP/1.1" 200 2222
INFO 2026-05-28 13:58:34,963 basehttp "GET /api/v1/financials/invoices/?page=1&page_size=20&status=&start_date=&end_date= HTTP/1.1" 200 2612
INFO 2026-05-28 13:58:34,963 basehttp "GET /api/v1/financials/invoices/?page=1&page_size=20&status=&start_date=&end_date= HTTP/1.1" 200 2612
INFO 2026-05-28 13:58:34,988 basehttp "GET /api/v1/sales/customers/ HTTP/1.1" 200 2222
INFO 2026-05-28 13:58:34,988 basehttp "GET /api/v1/sales/customers/ HTTP/1.1" 200 2222
INFO 2026-05-28 13:58:35,048 basehttp "GET /api/v1/financials/invoices/?page=1&page_size=20&status=&start_date=&end_date= HTTP/1.1" 200 2612
INFO 2026-05-28 13:58:35,048 basehttp "GET /api/v1/financials/invoices/?page=1&page_size=20&status=&start_date=&end_date= HTTP/1.1" 200 2612
INFO 2026-05-28 13:58:38,169 basehttp "OPTIONS /api/v1/financials/petty-cash/?page=1&page_size=20 HTTP/1.1" 200 0
INFO 2026-05-28 13:58:38,169 basehttp "OPTIONS /api/v1/financials/petty-cash/?page=1&page_size=20 HTTP/1.1" 200 0
INFO 2026-05-28 13:58:38,197 basehttp "OPTIONS /api/v1/financials/petty-cash/?page=1&page_size=20 HTTP/1.1" 200 0
INFO 2026-05-28 13:58:38,197 basehttp "OPTIONS /api/v1/financials/petty-cash/?page=1&page_size=20 HTTP/1.1" 200 0
INFO 2026-05-28 13:58:38,218 basehttp "GET /api/v1/financials/petty-cash/?page=1&page_size=20 HTTP/1.1" 200 881
INFO 2026-05-28 13:58:38,218 basehttp "GET /api/v1/financials/petty-cash/?page=1&page_size=20 HTTP/1.1" 200 881
INFO 2026-05-28 13:58:38,318 basehttp "GET /api/v1/financials/petty-cash/?page=1&page_size=20 HTTP/1.1" 200 881
INFO 2026-05-28 13:58:38,318 basehttp "GET /api/v1/financials/petty-cash/?page=1&page_size=20 HTTP/1.1" 200 881
INFO 2026-05-28 13:59:22,294 basehttp "OPTIONS /api/v1/financials/petty-cash/ HTTP/1.1" 200 0
INFO 2026-05-28 13:59:22,294 basehttp "OPTIONS /api/v1/financials/petty-cash/ HTTP/1.1" 200 0
INFO 2026-05-28 13:59:22,331 basehttp "POST /api/v1/financials/petty-cash/ HTTP/1.1" 201 214
INFO 2026-05-28 13:59:22,331 basehttp "POST /api/v1/financials/petty-cash/ HTTP/1.1" 201 214
INFO 2026-05-28 13:59:22,406 basehttp "GET /api/v1/financials/petty-cash/?page=1&page_size=20 HTTP/1.1" 200 1096
INFO 2026-05-28 13:59:22,406 basehttp "GET /api/v1/financials/petty-cash/?page=1&page_size=20 HTTP/1.1" 200 1096
INFO 2026-05-28 13:59:49,974 basehttp "OPTIONS /api/v1/financials/loans/?page=1&page_size=20 HTTP/1.1" 200 0
INFO 2026-05-28 13:59:49,974 basehttp "OPTIONS /api/v1/financials/loans/?page=1&page_size=20 HTTP/1.1" 200 0
INFO 2026-05-28 13:59:49,978 basehttp "OPTIONS /api/v1/financials/loans/?page=1&page_size=20 HTTP/1.1" 200 0
INFO 2026-05-28 13:59:49,978 basehttp "OPTIONS /api/v1/financials/loans/?page=1&page_size=20 HTTP/1.1" 200 0
INFO 2026-05-28 13:59:50,025 basehttp "GET /api/v1/financials/loans/?page=1&page_size=20 HTTP/1.1" 200 474
INFO 2026-05-28 13:59:50,025 basehttp "GET /api/v1/financials/loans/?page=1&page_size=20 HTTP/1.1" 200 474
INFO 2026-05-28 13:59:50,071 basehttp "GET /api/v1/financials/loans/?page=1&page_size=20 HTTP/1.1" 200 474
INFO 2026-05-28 13:59:50,071 basehttp "GET /api/v1/financials/loans/?page=1&page_size=20 HTTP/1.1" 200 474
INFO 2026-05-28 14:00:01,815 basehttp "OPTIONS /api/v1/financials/loans/5/ HTTP/1.1" 200 0
INFO 2026-05-28 14:00:01,815 basehttp "OPTIONS /api/v1/financials/loans/5/ HTTP/1.1" 200 0
WARNING 2026-05-28 14:00:01,838 basehttp "PUT /api/v1/financials/loans/5/ HTTP/1.1" 400 193
WARNING 2026-05-28 14:00:01,838 basehttp "PUT /api/v1/financials/loans/5/ HTTP/1.1" 400 193
WARNING 2026-05-28 14:00:13,773 basehttp "PUT /api/v1/financials/loans/5/ HTTP/1.1" 400 193
WARNING 2026-05-28 14:00:13,773 basehttp "PUT /api/v1/financials/loans/5/ HTTP/1.1" 400 193
INFO 2026-05-28 14:00:34,248 basehttp "GET /api/v1/auth/profile/ HTTP/1.1" 200 268
INFO 2026-05-28 14:00:34,248 basehttp "GET /api/v1/auth/profile/ HTTP/1.1" 200 268
INFO 2026-05-28 14:00:34,288 basehttp "GET /api/v1/auth/profile/ HTTP/1.1" 200 268
INFO 2026-05-28 14:00:34,288 basehttp "GET /api/v1/auth/profile/ HTTP/1.1" 200 268
INFO 2026-05-28 14:03:20,486 basehttp "GET /api/v1/financials/loans/?page=1&page_size=20 HTTP/1.1" 200 474
INFO 2026-05-28 14:03:20,486 basehttp "GET /api/v1/financials/loans/?page=1&page_size=20 HTTP/1.1" 200 474
INFO 2026-05-28 14:03:20,541 basehttp "GET /api/v1/financials/loans/?page=1&page_size=20 HTTP/1.1" 200 474
INFO 2026-05-28 14:03:20,541 basehttp "GET /api/v1/financials/loans/?page=1&page_size=20 HTTP/1.1" 200 474
INFO 2026-05-28 14:03:24,592 basehttp "DELETE /api/v1/financials/loans/5/ HTTP/1.1" 204 0
INFO 2026-05-28 14:03:24,592 basehttp "DELETE /api/v1/financials/loans/5/ HTTP/1.1" 204 0
INFO 2026-05-28 14:03:24,626 basehttp "GET /api/v1/financials/loans/?page=1&page_size=20 HTTP/1.1" 200 52
INFO 2026-05-28 14:03:24,626 basehttp "GET /api/v1/financials/loans/?page=1&page_size=20 HTTP/1.1" 200 52
INFO 2026-05-28 14:03:37,320 basehttp "OPTIONS /api/v1/bi/dashboard/ HTTP/1.1" 200 0
INFO 2026-05-28 14:03:37,320 basehttp "OPTIONS /api/v1/bi/dashboard/ HTTP/1.1" 200 0
INFO 2026-05-28 14:03:37,324 basehttp "OPTIONS /api/v1/bi/trends/?days=180 HTTP/1.1" 200 0
INFO 2026-05-28 14:03:37,324 basehttp "OPTIONS /api/v1/bi/trends/?days=180 HTTP/1.1" 200 0
INFO 2026-05-28 14:03:37,335 basehttp "OPTIONS /api/v1/sales/sales/?page=1&page_size=10 HTTP/1.1" 200 0
INFO 2026-05-28 14:03:37,335 basehttp "OPTIONS /api/v1/sales/sales/?page=1&page_size=10 HTTP/1.1" 200 0
INFO 2026-05-28 14:03:37,354 basehttp "OPTIONS /api/v1/financials/transactions/?page=1&page_size=100 HTTP/1.1" 200 0
INFO 2026-05-28 14:03:37,354 basehttp "OPTIONS /api/v1/financials/transactions/?page=1&page_size=100 HTTP/1.1" 200 0
INFO 2026-05-28 14:03:37,359 basehttp "OPTIONS /api/v1/inventory/products/low-stock/ HTTP/1.1" 200 0
INFO 2026-05-28 14:03:37,359 basehttp "OPTIONS /api/v1/inventory/products/low-stock/ HTTP/1.1" 200 0
INFO 2026-05-28 14:03:37,354 basehttp "OPTIONS /api/v1/inventory/products/low-stock/ HTTP/1.1" 200 0
INFO 2026-05-28 14:03:37,354 basehttp "OPTIONS /api/v1/inventory/products/low-stock/ HTTP/1.1" 200 0
INFO 2026-05-28 14:03:37,408 basehttp "OPTIONS /api/v1/sales/sales/?page=1&page_size=10 HTTP/1.1" 200 0
INFO 2026-05-28 14:03:37,408 basehttp "OPTIONS /api/v1/sales/sales/?page=1&page_size=10 HTTP/1.1" 200 0
WARNING 2026-05-28 14:03:37,450 basehttp "GET /api/v1/inventory/products/low-stock/ HTTP/1.1" 403 63
WARNING 2026-05-28 14:03:37,450 basehttp "GET /api/v1/inventory/products/low-stock/ HTTP/1.1" 403 63
WARNING 2026-05-28 14:03:37,527 basehttp "GET /api/v1/inventory/products/low-stock/ HTTP/1.1" 403 63
WARNING 2026-05-28 14:03:37,527 basehttp "GET /api/v1/inventory/products/low-stock/ HTTP/1.1" 403 63
INFO 2026-05-28 14:03:37,733 basehttp "GET /api/v1/financials/transactions/?page=1&page_size=100 HTTP/1.1" 200 4514
INFO 2026-05-28 14:03:37,733 basehttp "GET /api/v1/financials/transactions/?page=1&page_size=100 HTTP/1.1" 200 4514
INFO 2026-05-28 14:03:37,852 basehttp "GET /api/v1/sales/sales/?page=1&page_size=10 HTTP/1.1" 200 7830
INFO 2026-05-28 14:03:37,852 basehttp "GET /api/v1/sales/sales/?page=1&page_size=10 HTTP/1.1" 200 7830
INFO 2026-05-28 14:03:37,910 basehttp "GET /api/v1/bi/dashboard/ HTTP/1.1" 200 628
INFO 2026-05-28 14:03:37,910 basehttp "GET /api/v1/bi/dashboard/ HTTP/1.1" 200 628
INFO 2026-05-28 14:03:37,963 basehttp "GET /api/v1/financials/transactions/?page=1&page_size=100 HTTP/1.1" 200 4514
INFO 2026-05-28 14:03:37,963 basehttp "GET /api/v1/financials/transactions/?page=1&page_size=100 HTTP/1.1" 200 4514
INFO 2026-05-28 14:03:38,333 basehttp "GET /api/v1/bi/dashboard/ HTTP/1.1" 200 628
INFO 2026-05-28 14:03:38,333 basehttp "GET /api/v1/bi/dashboard/ HTTP/1.1" 200 628
INFO 2026-05-28 14:03:38,354 basehttp "GET /api/v1/sales/sales/?page=1&page_size=10 HTTP/1.1" 200 7830
INFO 2026-05-28 14:03:38,354 basehttp "GET /api/v1/sales/sales/?page=1&page_size=10 HTTP/1.1" 200 7830
INFO 2026-05-28 14:03:39,127 basehttp "GET /api/v1/bi/trends/?days=180 HTTP/1.1" 200 12409
INFO 2026-05-28 14:03:39,127 basehttp "GET /api/v1/bi/trends/?days=180 HTTP/1.1" 200 12409
INFO 2026-05-28 14:03:40,001 basehttp "GET /api/v1/bi/trends/?days=180 HTTP/1.1" 200 12409
INFO 2026-05-28 14:03:40,001 basehttp "GET /api/v1/bi/trends/?days=180 HTTP/1.1" 200 12409
INFO 2026-05-28 14:06:01,213 basehttp "GET /admin/ HTTP/1.1" 200 21418
INFO 2026-05-28 14:06:01,213 basehttp "GET /admin/ HTTP/1.1" 200 21418
INFO 2026-05-28 14:06:01,322 basehttp "GET /static/admin/css/dark_mode.css HTTP/1.1" 304 0
INFO 2026-05-28 14:06:01,322 basehttp "GET /static/admin/css/dark_mode.css HTTP/1.1" 304 0
INFO 2026-05-28 14:06:01,328 basehttp "GET /static/admin/css/nav_sidebar.css HTTP/1.1" 304 0
INFO 2026-05-28 14:06:01,328 basehttp "GET /static/admin/css/nav_sidebar.css HTTP/1.1" 304 0
INFO 2026-05-28 14:06:01,334 basehttp "GET /static/admin/css/dashboard.css HTTP/1.1" 304 0
INFO 2026-05-28 14:06:01,334 basehttp "GET /static/admin/css/dashboard.css HTTP/1.1" 304 0
INFO 2026-05-28 14:06:01,352 basehttp "GET /static/admin/css/responsive.css HTTP/1.1" 304 0
INFO 2026-05-28 14:06:01,352 basehttp "GET /static/admin/css/responsive.css HTTP/1.1" 304 0
INFO 2026-05-28 14:06:01,377 basehttp "GET /static/admin/js/theme.js HTTP/1.1" 304 0
INFO 2026-05-28 14:06:01,377 basehttp "GET /static/admin/js/theme.js HTTP/1.1" 304 0
INFO 2026-05-28 14:06:01,377 basehttp "GET /static/admin/js/nav_sidebar.js HTTP/1.1" 304 0
INFO 2026-05-28 14:06:01,377 basehttp "GET /static/admin/js/nav_sidebar.js HTTP/1.1" 304 0
INFO 2026-05-28 14:06:01,388 basehttp "GET /static/admin/css/base.css HTTP/1.1" 304 0
INFO 2026-05-28 14:06:01,388 basehttp "GET /static/admin/css/base.css HTTP/1.1" 304 0
INFO 2026-05-28 14:06:01,449 basehttp "GET /static/admin/img/icon-changelink.svg HTTP/1.1" 304 0
INFO 2026-05-28 14:06:01,449 basehttp "GET /static/admin/img/icon-changelink.svg HTTP/1.1" 304 0
INFO 2026-05-28 14:06:01,449 basehttp "GET /static/admin/img/icon-viewlink.svg HTTP/1.1" 304 0
INFO 2026-05-28 14:06:01,449 basehttp "GET /static/admin/img/icon-viewlink.svg HTTP/1.1" 304 0
INFO 2026-05-28 14:06:01,462 basehttp "GET /static/admin/img/icon-deletelink.svg HTTP/1.1" 304 0
INFO 2026-05-28 14:06:01,462 basehttp "GET /static/admin/img/icon-deletelink.svg HTTP/1.1" 304 0
INFO 2026-05-28 14:06:01,468 basehttp "GET /static/admin/img/icon-addlink.svg HTTP/1.1" 304 0
INFO 2026-05-28 14:06:01,468 basehttp "GET /static/admin/img/icon-addlink.svg HTTP/1.1" 304 0
WARNING 2026-05-28 14:06:01,945 basehttp "GET /favicon.ico HTTP/1.1" 404 3304
WARNING 2026-05-28 14:06:01,945 basehttp "GET /favicon.ico HTTP/1.1" 404 3304
INFO 2026-05-28 14:06:09,260 basehttp "GET /api/docs/ HTTP/1.1" 200 4645
INFO 2026-05-28 14:06:09,260 basehttp "GET /api/docs/ HTTP/1.1" 200 4645
INFO 2026-05-28 14:06:12,643 basehttp "GET /api/schema/ HTTP/1.1" 200 316731
INFO 2026-05-28 14:06:12,643 basehttp "GET /api/schema/ HTTP/1.1" 200 316731
INFO 2026-05-28 14:11:04,622 basehttp "OPTIONS /api/v1/sales/sales/?start_date=2026-05-28&end_date=2026-05-28&page_size=100 HTTP/1.1" 200 0
INFO 2026-05-28 14:11:04,622 basehttp "OPTIONS /api/v1/sales/sales/?start_date=2026-05-28&end_date=2026-05-28&page_size=100 HTTP/1.1" 200 0
INFO 2026-05-28 14:11:04,630 basehttp "OPTIONS /api/v1/financials/transactions/?start_date=2026-05-28&end_date=2026-05-28&page_size=100 HTTP/1.1" 200 0
INFO 2026-05-28 14:11:04,643 basehttp "OPTIONS /api/v1/sales/sales/?start_date=2026-05-28&end_date=2026-05-28&page_size=100 HTTP/1.1" 200 0
INFO 2026-05-28 14:11:04,630 basehttp "OPTIONS /api/v1/financials/transactions/?start_date=2026-05-28&end_date=2026-05-28&page_size=100 HTTP/1.1" 200 0
INFO 2026-05-28 14:11:04,643 basehttp "OPTIONS /api/v1/sales/sales/?start_date=2026-05-28&end_date=2026-05-28&page_size=100 HTTP/1.1" 200 0
INFO 2026-05-28 14:11:04,669 basehttp "OPTIONS /api/v1/financials/transactions/?start_date=2026-05-28&end_date=2026-05-28&page_size=100 HTTP/1.1" 200 0
INFO 2026-05-28 14:11:04,669 basehttp "OPTIONS /api/v1/financials/transactions/?start_date=2026-05-28&end_date=2026-05-28&page_size=100 HTTP/1.1" 200 0
INFO 2026-05-28 14:11:04,776 basehttp "GET /api/v1/financials/transactions/?start_date=2026-05-28&end_date=2026-05-28&page_size=100 HTTP/1.1" 200 4556
INFO 2026-05-28 14:11:04,776 basehttp "GET /api/v1/financials/transactions/?start_date=2026-05-28&end_date=2026-05-28&page_size=100 HTTP/1.1" 200 4556
INFO 2026-05-28 14:11:04,784 basehttp "GET /api/v1/sales/sales/?start_date=2026-05-28&end_date=2026-05-28&page_size=100 HTTP/1.1" 200 817
INFO 2026-05-28 14:11:04,784 basehttp "GET /api/v1/sales/sales/?start_date=2026-05-28&end_date=2026-05-28&page_size=100 HTTP/1.1" 200 817
INFO 2026-05-28 14:11:04,833 basehttp "GET /api/v1/financials/transactions/?start_date=2026-05-28&end_date=2026-05-28&page_size=100 HTTP/1.1" 200 4556
INFO 2026-05-28 14:11:04,833 basehttp "GET /api/v1/financials/transactions/?start_date=2026-05-28&end_date=2026-05-28&page_size=100 HTTP/1.1" 200 4556
INFO 2026-05-28 14:11:04,865 basehttp "GET /api/v1/sales/sales/?start_date=2026-05-28&end_date=2026-05-28&page_size=100 HTTP/1.1" 200 817
INFO 2026-05-28 14:11:04,865 basehttp "GET /api/v1/sales/sales/?start_date=2026-05-28&end_date=2026-05-28&page_size=100 HTTP/1.1" 200 817
INFO 2026-05-28 14:11:30,909 basehttp "GET /api/v1/financials/petty-cash/?page=1&page_size=20 HTTP/1.1" 200 1096
INFO 2026-05-28 14:11:30,909 basehttp "GET /api/v1/financials/petty-cash/?page=1&page_size=20 HTTP/1.1" 200 1096
INFO 2026-05-28 14:11:30,971 basehttp "GET /api/v1/financials/petty-cash/?page=1&page_size=20 HTTP/1.1" 200 1096
INFO 2026-05-28 14:11:30,971 basehttp "GET /api/v1/financials/petty-cash/?page=1&page_size=20 HTTP/1.1" 200 1096
INFO 2026-05-28 14:11:54,140 basehttp "POST /api/v1/financials/petty-cash/ HTTP/1.1" 201 215
INFO 2026-05-28 14:11:54,140 basehttp "POST /api/v1/financials/petty-cash/ HTTP/1.1" 201 215
INFO 2026-05-28 14:11:54,188 basehttp "GET /api/v1/financials/petty-cash/?page=1&page_size=20 HTTP/1.1" 200 1312
INFO 2026-05-28 14:11:54,188 basehttp "GET /api/v1/financials/petty-cash/?page=1&page_size=20 HTTP/1.1" 200 1312
INFO 2026-05-28 14:12:04,006 basehttp "GET /api/v1/financials/transactions/?start_date=2026-05-28&end_date=2026-05-28&page_size=100 HTTP/1.1" 200 4556
INFO 2026-05-28 14:12:04,006 basehttp "GET /api/v1/financials/transactions/?start_date=2026-05-28&end_date=2026-05-28&page_size=100 HTTP/1.1" 200 4556
INFO 2026-05-28 14:12:04,025 basehttp "GET /api/v1/sales/sales/?start_date=2026-05-28&end_date=2026-05-28&page_size=100 HTTP/1.1" 200 817
INFO 2026-05-28 14:12:04,025 basehttp "GET /api/v1/sales/sales/?start_date=2026-05-28&end_date=2026-05-28&page_size=100 HTTP/1.1" 200 817
INFO 2026-05-28 14:12:04,175 basehttp "GET /api/v1/financials/transactions/?start_date=2026-05-28&end_date=2026-05-28&page_size=100 HTTP/1.1" 200 4556
INFO 2026-05-28 14:12:04,175 basehttp "GET /api/v1/financials/transactions/?start_date=2026-05-28&end_date=2026-05-28&page_size=100 HTTP/1.1" 200 4556
INFO 2026-05-28 14:12:04,210 basehttp "GET /api/v1/sales/sales/?start_date=2026-05-28&end_date=2026-05-28&page_size=100 HTTP/1.1" 200 817
INFO 2026-05-28 14:12:04,210 basehttp "GET /api/v1/sales/sales/?start_date=2026-05-28&end_date=2026-05-28&page_size=100 HTTP/1.1" 200 817
INFO 2026-05-28 14:12:08,664 basehttp "GET /api/v1/financials/transactions/?page=1&page_size=20 HTTP/1.1" 200 4513
INFO 2026-05-28 14:12:08,664 basehttp "GET /api/v1/financials/transactions/?page=1&page_size=20 HTTP/1.1" 200 4513
INFO 2026-05-28 14:12:08,729 basehttp "GET /api/v1/financials/transactions/?page=1&page_size=20 HTTP/1.1" 200 4513
INFO 2026-05-28 14:12:08,729 basehttp "GET /api/v1/financials/transactions/?page=1&page_size=20 HTTP/1.1" 200 4513
INFO 2026-05-28 14:13:40,748 basehttp "OPTIONS /api/v1/financials/transactions/ HTTP/1.1" 200 0
INFO 2026-05-28 14:13:40,748 basehttp "OPTIONS /api/v1/financials/transactions/ HTTP/1.1" 200 0
WARNING 2026-05-28 14:13:40,790 basehttp "POST /api/v1/financials/transactions/ HTTP/1.1" 401 183
WARNING 2026-05-28 14:13:40,790 basehttp "POST /api/v1/financials/transactions/ HTTP/1.1" 401 183
INFO 2026-05-28 14:13:40,797 basehttp "OPTIONS /api/v1/auth/refresh/ HTTP/1.1" 200 0
INFO 2026-05-28 14:13:40,797 basehttp "OPTIONS /api/v1/auth/refresh/ HTTP/1.1" 200 0
INFO 2026-05-28 14:13:40,832 basehttp "POST /api/v1/auth/refresh/ HTTP/1.1" 200 486
INFO 2026-05-28 14:13:40,832 basehttp "POST /api/v1/auth/refresh/ HTTP/1.1" 200 486
INFO 2026-05-28 14:13:40,868 basehttp "POST /api/v1/financials/transactions/ HTTP/1.1" 201 453
INFO 2026-05-28 14:13:40,868 basehttp "POST /api/v1/financials/transactions/ HTTP/1.1" 201 453
INFO 2026-05-28 14:13:40,934 basehttp "GET /api/v1/financials/transactions/?page=1&page_size=20 HTTP/1.1" 200 4530
INFO 2026-05-28 14:13:40,934 basehttp "GET /api/v1/financials/transactions/?page=1&page_size=20 HTTP/1.1" 200 4530
INFO 2026-05-28 14:13:46,664 basehttp "GET /api/v1/financials/transactions/?start_date=2026-05-28&end_date=2026-05-28&page_size=100 HTTP/1.1" 200 4573
INFO 2026-05-28 14:13:46,664 basehttp "GET /api/v1/financials/transactions/?start_date=2026-05-28&end_date=2026-05-28&page_size=100 HTTP/1.1" 200 4573
INFO 2026-05-28 14:13:46,673 basehttp "GET /api/v1/sales/sales/?start_date=2026-05-28&end_date=2026-05-28&page_size=100 HTTP/1.1" 200 817
INFO 2026-05-28 14:13:46,673 basehttp "GET /api/v1/sales/sales/?start_date=2026-05-28&end_date=2026-05-28&page_size=100 HTTP/1.1" 200 817
INFO 2026-05-28 14:13:46,814 basehttp "GET /api/v1/financials/transactions/?start_date=2026-05-28&end_date=2026-05-28&page_size=100 HTTP/1.1" 200 4573
INFO 2026-05-28 14:13:46,814 basehttp "GET /api/v1/financials/transactions/?start_date=2026-05-28&end_date=2026-05-28&page_size=100 HTTP/1.1" 200 4573
INFO 2026-05-28 14:13:46,825 basehttp "GET /api/v1/sales/sales/?start_date=2026-05-28&end_date=2026-05-28&page_size=100 HTTP/1.1" 200 817
INFO 2026-05-28 14:13:46,825 basehttp "GET /api/v1/sales/sales/?start_date=2026-05-28&end_date=2026-05-28&page_size=100 HTTP/1.1" 200 817
INFO 2026-05-28 14:14:30,349 basehttp "OPTIONS /api/v1/hr/employees/ HTTP/1.1" 200 0
INFO 2026-05-28 14:14:30,349 basehttp "OPTIONS /api/v1/hr/employees/ HTTP/1.1" 200 0
INFO 2026-05-28 14:14:30,362 basehttp "OPTIONS /api/v1/hr/salaries/ HTTP/1.1" 200 0
INFO 2026-05-28 14:14:30,382 basehttp "OPTIONS /api/v1/hr/salaries/ HTTP/1.1" 200 0
INFO 2026-05-28 14:14:30,362 basehttp "OPTIONS /api/v1/hr/salaries/ HTTP/1.1" 200 0
INFO 2026-05-28 14:14:30,352 basehttp "OPTIONS /api/v1/hr/employees/ HTTP/1.1" 200 0
INFO 2026-05-28 14:14:30,352 basehttp "OPTIONS /api/v1/hr/employees/ HTTP/1.1" 200 0
INFO 2026-05-28 14:14:30,382 basehttp "OPTIONS /api/v1/hr/salaries/ HTTP/1.1" 200 0
INFO 2026-05-28 14:14:30,479 basehttp "GET /api/v1/hr/salaries/ HTTP/1.1" 200 665
INFO 2026-05-28 14:14:30,479 basehttp "GET /api/v1/hr/salaries/ HTTP/1.1" 200 665
INFO 2026-05-28 14:14:30,488 basehttp "GET /api/v1/hr/employees/ HTTP/1.1" 200 4540
INFO 2026-05-28 14:14:30,488 basehttp "GET /api/v1/hr/employees/ HTTP/1.1" 200 4540
INFO 2026-05-28 14:14:30,566 basehttp "GET /api/v1/hr/salaries/ HTTP/1.1" 200 665
INFO 2026-05-28 14:14:30,566 basehttp "GET /api/v1/hr/salaries/ HTTP/1.1" 200 665
INFO 2026-05-28 14:14:30,579 basehttp "GET /api/v1/hr/employees/ HTTP/1.1" 200 4540
INFO 2026-05-28 14:14:30,579 basehttp "GET /api/v1/hr/employees/ HTTP/1.1" 200 4540
INFO 2026-05-28 14:14:55,654 basehttp "OPTIONS /api/v1/hr/payroll/ HTTP/1.1" 200 0
INFO 2026-05-28 14:14:55,654 basehttp "OPTIONS /api/v1/hr/payroll/ HTTP/1.1" 200 0
INFO 2026-05-28 14:14:55,657 basehttp "OPTIONS /api/v1/hr/payroll/ HTTP/1.1" 200 0
INFO 2026-05-28 14:14:55,657 basehttp "OPTIONS /api/v1/hr/payroll/ HTTP/1.1" 200 0
INFO 2026-05-28 14:14:55,758 basehttp "GET /api/v1/hr/salaries/ HTTP/1.1" 200 665
INFO 2026-05-28 14:14:55,758 basehttp "GET /api/v1/hr/salaries/ HTTP/1.1" 200 665
INFO 2026-05-28 14:14:55,809 basehttp "GET /api/v1/hr/employees/ HTTP/1.1" 200 4540
INFO 2026-05-28 14:14:55,809 basehttp "GET /api/v1/hr/employees/ HTTP/1.1" 200 4540
INFO 2026-05-28 14:14:55,867 basehttp "GET /api/v1/hr/payroll/ HTTP/1.1" 200 4108
INFO 2026-05-28 14:14:55,867 basehttp "GET /api/v1/hr/payroll/ HTTP/1.1" 200 4108
INFO 2026-05-28 14:14:55,877 basehttp "GET /api/v1/hr/salaries/ HTTP/1.1" 200 665
INFO 2026-05-28 14:14:55,877 basehttp "GET /api/v1/hr/salaries/ HTTP/1.1" 200 665
INFO 2026-05-28 14:14:55,922 basehttp "GET /api/v1/hr/employees/ HTTP/1.1" 200 4540
INFO 2026-05-28 14:14:55,922 basehttp "GET /api/v1/hr/employees/ HTTP/1.1" 200 4540
INFO 2026-05-28 14:14:55,944 basehttp "OPTIONS /api/v1/hr/payroll/4/ HTTP/1.1" 200 0
INFO 2026-05-28 14:14:55,944 basehttp "OPTIONS /api/v1/hr/payroll/4/ HTTP/1.1" 200 0
INFO 2026-05-28 14:14:55,995 basehttp "GET /api/v1/hr/payroll/ HTTP/1.1" 200 4108
INFO 2026-05-28 14:14:55,995 basehttp "GET /api/v1/hr/payroll/ HTTP/1.1" 200 4108
INFO 2026-05-28 14:14:56,017 basehttp "GET /api/v1/hr/payroll/4/ HTTP/1.1" 200 1368
INFO 2026-05-28 14:14:56,017 basehttp "GET /api/v1/hr/payroll/4/ HTTP/1.1" 200 1368
INFO 2026-05-28 14:14:56,029 basehttp "OPTIONS /api/v1/hr/payroll/3/ HTTP/1.1" 200 0
INFO 2026-05-28 14:14:56,029 basehttp "OPTIONS /api/v1/hr/payroll/3/ HTTP/1.1" 200 0
INFO 2026-05-28 14:14:56,084 basehttp "GET /api/v1/hr/payroll/4/ HTTP/1.1" 200 1368
INFO 2026-05-28 14:14:56,084 basehttp "GET /api/v1/hr/payroll/4/ HTTP/1.1" 200 1368
INFO 2026-05-28 14:14:56,088 basehttp "GET /api/v1/hr/payroll/3/ HTTP/1.1" 200 1368
INFO 2026-05-28 14:14:56,088 basehttp "GET /api/v1/hr/payroll/3/ HTTP/1.1" 200 1368
INFO 2026-05-28 14:14:56,105 basehttp "OPTIONS /api/v1/hr/payroll/1/ HTTP/1.1" 200 0
INFO 2026-05-28 14:14:56,105 basehttp "OPTIONS /api/v1/hr/payroll/1/ HTTP/1.1" 200 0
INFO 2026-05-28 14:14:56,146 basehttp "GET /api/v1/hr/payroll/3/ HTTP/1.1" 200 1368
INFO 2026-05-28 14:14:56,146 basehttp "GET /api/v1/hr/payroll/3/ HTTP/1.1" 200 1368
INFO 2026-05-28 14:14:56,167 basehttp "GET /api/v1/hr/payroll/1/ HTTP/1.1" 200 434
INFO 2026-05-28 14:14:56,167 basehttp "GET /api/v1/hr/payroll/1/ HTTP/1.1" 200 434
INFO 2026-05-28 14:14:56,178 basehttp "OPTIONS /api/v1/hr/payroll/5/ HTTP/1.1" 200 0
INFO 2026-05-28 14:14:56,178 basehttp "OPTIONS /api/v1/hr/payroll/5/ HTTP/1.1" 200 0
INFO 2026-05-28 14:14:56,215 basehttp "GET /api/v1/hr/payroll/1/ HTTP/1.1" 200 434
INFO 2026-05-28 14:14:56,215 basehttp "GET /api/v1/hr/payroll/1/ HTTP/1.1" 200 434
INFO 2026-05-28 14:14:56,221 basehttp "GET /api/v1/hr/payroll/5/ HTTP/1.1" 200 436
INFO 2026-05-28 14:14:56,221 basehttp "GET /api/v1/hr/payroll/5/ HTTP/1.1" 200 436
INFO 2026-05-28 14:14:56,237 basehttp "OPTIONS /api/v1/hr/payroll/2/ HTTP/1.1" 200 0
INFO 2026-05-28 14:14:56,237 basehttp "OPTIONS /api/v1/hr/payroll/2/ HTTP/1.1" 200 0
INFO 2026-05-28 14:14:56,269 basehttp "GET /api/v1/hr/payroll/5/ HTTP/1.1" 200 436
INFO 2026-05-28 14:14:56,269 basehttp "GET /api/v1/hr/payroll/5/ HTTP/1.1" 200 436
INFO 2026-05-28 14:14:56,300 basehttp "GET /api/v1/hr/payroll/2/ HTTP/1.1" 200 446
INFO 2026-05-28 14:14:56,300 basehttp "GET /api/v1/hr/payroll/2/ HTTP/1.1" 200 446
INFO 2026-05-28 14:14:56,355 basehttp "GET /api/v1/hr/payroll/2/ HTTP/1.1" 200 446
INFO 2026-05-28 14:14:56,355 basehttp "GET /api/v1/hr/payroll/2/ HTTP/1.1" 200 446
INFO 2026-05-28 14:15:22,627 basehttp "GET /api/v1/financials/loans/?page=1&page_size=20 HTTP/1.1" 200 52
INFO 2026-05-28 14:15:22,627 basehttp "GET /api/v1/financials/loans/?page=1&page_size=20 HTTP/1.1" 200 52
INFO 2026-05-28 14:15:22,672 basehttp "GET /api/v1/financials/loans/?page=1&page_size=20 HTTP/1.1" 200 52
INFO 2026-05-28 14:15:22,672 basehttp "GET /api/v1/financials/loans/?page=1&page_size=20 HTTP/1.1" 200 52
INFO 2026-05-28 14:15:56,546 basehttp "OPTIONS /api/v1/financials/loans/ HTTP/1.1" 200 0
INFO 2026-05-28 14:15:56,546 basehttp "OPTIONS /api/v1/financials/loans/ HTTP/1.1" 200 0
INFO 2026-05-28 14:15:56,588 basehttp "POST /api/v1/financials/loans/ HTTP/1.1" 201 419
INFO 2026-05-28 14:15:56,588 basehttp "POST /api/v1/financials/loans/ HTTP/1.1" 201 419
INFO 2026-05-28 14:15:56,689 basehttp "GET /api/v1/financials/loans/?page=1&page_size=20 HTTP/1.1" 200 471
INFO 2026-05-28 14:15:56,689 basehttp "GET /api/v1/financials/loans/?page=1&page_size=20 HTTP/1.1" 200 471
INFO 2026-05-28 14:15:59,499 basehttp "GET /api/v1/financials/transactions/?start_date=2026-05-28&end_date=2026-05-28&page_size=100 HTTP/1.1" 200 4573
INFO 2026-05-28 14:15:59,499 basehttp "GET /api/v1/financials/transactions/?start_date=2026-05-28&end_date=2026-05-28&page_size=100 HTTP/1.1" 200 4573
INFO 2026-05-28 14:15:59,544 basehttp "GET /api/v1/sales/sales/?start_date=2026-05-28&end_date=2026-05-28&page_size=100 HTTP/1.1" 200 817
INFO 2026-05-28 14:15:59,544 basehttp "GET /api/v1/sales/sales/?start_date=2026-05-28&end_date=2026-05-28&page_size=100 HTTP/1.1" 200 817
INFO 2026-05-28 14:15:59,629 basehttp "GET /api/v1/financials/transactions/?start_date=2026-05-28&end_date=2026-05-28&page_size=100 HTTP/1.1" 200 4573
INFO 2026-05-28 14:15:59,629 basehttp "GET /api/v1/financials/transactions/?start_date=2026-05-28&end_date=2026-05-28&page_size=100 HTTP/1.1" 200 4573
INFO 2026-05-28 14:15:59,651 basehttp "GET /api/v1/sales/sales/?start_date=2026-05-28&end_date=2026-05-28&page_size=100 HTTP/1.1" 200 817
INFO 2026-05-28 14:15:59,651 basehttp "GET /api/v1/sales/sales/?start_date=2026-05-28&end_date=2026-05-28&page_size=100 HTTP/1.1" 200 817
INFO 2026-05-28 14:16:07,073 basehttp "GET /api/v1/financials/loans/?page=1&page_size=20 HTTP/1.1" 200 471
INFO 2026-05-28 14:16:07,073 basehttp "GET /api/v1/financials/loans/?page=1&page_size=20 HTTP/1.1" 200 471
INFO 2026-05-28 14:16:07,113 basehttp "GET /api/v1/financials/loans/?page=1&page_size=20 HTTP/1.1" 200 471
INFO 2026-05-28 14:16:07,113 basehttp "GET /api/v1/financials/loans/?page=1&page_size=20 HTTP/1.1" 200 471
INFO 2026-05-28 14:16:29,924 basehttp "OPTIONS /api/v1/financials/loans/6/ HTTP/1.1" 200 0
INFO 2026-05-28 14:16:29,924 basehttp "OPTIONS /api/v1/financials/loans/6/ HTTP/1.1" 200 0
WARNING 2026-05-28 14:16:29,945 basehttp "PUT /api/v1/financials/loans/6/ HTTP/1.1" 400 193
WARNING 2026-05-28 14:16:29,945 basehttp "PUT /api/v1/financials/loans/6/ HTTP/1.1" 400 193
INFO 2026-05-28 14:17:21,130 basehttp "PUT /api/v1/financials/loans/6/ HTTP/1.1" 200 423
INFO 2026-05-28 14:17:21,130 basehttp "PUT /api/v1/financials/loans/6/ HTTP/1.1" 200 423
INFO 2026-05-28 14:17:21,172 basehttp "GET /api/v1/financials/loans/?page=1&page_size=20 HTTP/1.1" 200 475
INFO 2026-05-28 14:17:21,172 basehttp "GET /api/v1/financials/loans/?page=1&page_size=20 HTTP/1.1" 200 475
INFO 2026-05-28 14:18:03,293 basehttp "PUT /api/v1/financials/loans/6/ HTTP/1.1" 200 420
INFO 2026-05-28 14:18:03,293 basehttp "PUT /api/v1/financials/loans/6/ HTTP/1.1" 200 420
INFO 2026-05-28 14:18:03,342 basehttp "GET /api/v1/financials/loans/?page=1&page_size=20 HTTP/1.1" 200 472
INFO 2026-05-28 14:18:03,342 basehttp "GET /api/v1/financials/loans/?page=1&page_size=20 HTTP/1.1" 200 472
INFO 2026-05-28 14:19:50,747 basehttp "PUT /api/v1/financials/loans/6/ HTTP/1.1" 200 421
INFO 2026-05-28 14:19:50,747 basehttp "PUT /api/v1/financials/loans/6/ HTTP/1.1" 200 421
INFO 2026-05-28 14:19:50,800 basehttp "GET /api/v1/financials/loans/?page=1&page_size=20 HTTP/1.1" 200 473
INFO 2026-05-28 14:19:50,800 basehttp "GET /api/v1/financials/loans/?page=1&page_size=20 HTTP/1.1" 200 473
INFO 2026-05-28 14:20:02,356 basehttp "GET /api/v1/financials/petty-cash/?page=1&page_size=20 HTTP/1.1" 200 1312
INFO 2026-05-28 14:20:02,356 basehttp "GET /api/v1/financials/petty-cash/?page=1&page_size=20 HTTP/1.1" 200 1312
INFO 2026-05-28 14:20:02,475 basehttp "GET /api/v1/financials/petty-cash/?page=1&page_size=20 HTTP/1.1" 200 1312
INFO 2026-05-28 14:20:02,475 basehttp "GET /api/v1/financials/petty-cash/?page=1&page_size=20 HTTP/1.1" 200 1312
INFO 2026-05-28 14:20:26,734 basehttp "POST /api/v1/auth/login/ HTTP/1.1" 200 808
INFO 2026-05-28 14:20:26,734 basehttp "POST /api/v1/auth/login/ HTTP/1.1" 200 808
INFO 2026-05-28 14:20:27,393 basehttp "GET /api/v1/financials/transactions/?start_date=2026-05-28&end_date=2026-05-28&page_size=100 HTTP/1.1" 200 4573
INFO 2026-05-28 14:20:27,393 basehttp "GET /api/v1/financials/transactions/?start_date=2026-05-28&end_date=2026-05-28&page_size=100 HTTP/1.1" 200 4573
INFO 2026-05-28 14:20:27,419 basehttp "GET /api/v1/sales/sales/?start_date=2026-05-28&end_date=2026-05-28&page_size=100 HTTP/1.1" 200 817
INFO 2026-05-28 14:20:27,419 basehttp "GET /api/v1/sales/sales/?start_date=2026-05-28&end_date=2026-05-28&page_size=100 HTTP/1.1" 200 817
INFO 2026-05-28 14:20:27,501 basehttp "GET /api/v1/financials/transactions/?start_date=2026-05-28&end_date=2026-05-28&page_size=100 HTTP/1.1" 200 4573
INFO 2026-05-28 14:20:27,501 basehttp "GET /api/v1/financials/transactions/?start_date=2026-05-28&end_date=2026-05-28&page_size=100 HTTP/1.1" 200 4573
INFO 2026-05-28 14:20:27,524 basehttp "GET /api/v1/sales/sales/?start_date=2026-05-28&end_date=2026-05-28&page_size=100 HTTP/1.1" 200 817
INFO 2026-05-28 14:20:27,524 basehttp "GET /api/v1/sales/sales/?start_date=2026-05-28&end_date=2026-05-28&page_size=100 HTTP/1.1" 200 817
INFO 2026-05-28 14:20:48,847 basehttp "OPTIONS /api/v1/financials/cash-flow/ HTTP/1.1" 200 0
INFO 2026-05-28 14:20:48,847 basehttp "OPTIONS /api/v1/bi/profit-loss/ HTTP/1.1" 200 0
INFO 2026-05-28 14:20:48,848 basehttp "OPTIONS /api/v1/bi/trends/?days=30 HTTP/1.1" 200 0
INFO 2026-05-28 14:20:48,847 basehttp "OPTIONS /api/v1/financials/cash-flow/ HTTP/1.1" 200 0
INFO 2026-05-28 14:20:48,847 basehttp "OPTIONS /api/v1/bi/profit-loss/ HTTP/1.1" 200 0
INFO 2026-05-28 14:20:48,848 basehttp "OPTIONS /api/v1/bi/trends/?days=30 HTTP/1.1" 200 0
INFO 2026-05-28 14:20:48,921 basehttp "OPTIONS /api/v1/financials/invoices/ HTTP/1.1" 200 0
INFO 2026-05-28 14:20:48,921 basehttp "OPTIONS /api/v1/financials/invoices/ HTTP/1.1" 200 0
INFO 2026-05-28 14:20:48,929 basehttp "OPTIONS /api/v1/sales/sales/?page_size=500 HTTP/1.1" 200 0
INFO 2026-05-28 14:20:48,929 basehttp "OPTIONS /api/v1/sales/sales/?page_size=500 HTTP/1.1" 200 0
INFO 2026-05-28 14:20:48,950 basehttp "OPTIONS /api/v1/bi/profit-loss/ HTTP/1.1" 200 0
INFO 2026-05-28 14:20:48,950 basehttp "OPTIONS /api/v1/bi/profit-loss/ HTTP/1.1" 200 0
INFO 2026-05-28 14:20:48,981 basehttp "OPTIONS /api/v1/financials/cash-flow/ HTTP/1.1" 200 0
INFO 2026-05-28 14:20:48,981 basehttp "OPTIONS /api/v1/financials/cash-flow/ HTTP/1.1" 200 0
INFO 2026-05-28 14:20:49,018 basehttp "GET /api/v1/sales/customers/ HTTP/1.1" 200 2222
INFO 2026-05-28 14:20:49,018 basehttp "GET /api/v1/sales/customers/ HTTP/1.1" 200 2222
INFO 2026-05-28 14:20:49,050 basehttp "GET /api/v1/financials/transactions/ HTTP/1.1" 200 4517
INFO 2026-05-28 14:20:49,050 basehttp "GET /api/v1/financials/transactions/ HTTP/1.1" 200 4517
INFO 2026-05-28 14:20:49,020 basehttp "OPTIONS /api/v1/bi/trends/?days=30 HTTP/1.1" 200 0
INFO 2026-05-28 14:20:49,020 basehttp "OPTIONS /api/v1/bi/trends/?days=30 HTTP/1.1" 200 0
INFO 2026-05-28 14:20:49,047 basehttp "GET /api/v1/financials/loans/ HTTP/1.1" 200 473
INFO 2026-05-28 14:20:49,078 basehttp "OPTIONS /api/v1/financials/invoices/ HTTP/1.1" 200 0
INFO 2026-05-28 14:20:49,047 basehttp "GET /api/v1/financials/loans/ HTTP/1.1" 200 473
INFO 2026-05-28 14:20:49,078 basehttp "OPTIONS /api/v1/financials/invoices/ HTTP/1.1" 200 0
INFO 2026-05-28 14:20:49,088 basehttp "GET /api/v1/financials/petty-cash/ HTTP/1.1" 200 1312
INFO 2026-05-28 14:20:49,088 basehttp "GET /api/v1/financials/petty-cash/ HTTP/1.1" 200 1312
INFO 2026-05-28 14:20:49,124 basehttp "GET /api/v1/financials/cash-flow/ HTTP/1.1" 200 1961
INFO 2026-05-28 14:20:49,124 basehttp "GET /api/v1/financials/cash-flow/ HTTP/1.1" 200 1961
INFO 2026-05-28 14:20:49,132 basehttp "OPTIONS /api/v1/sales/sales/?page_size=500 HTTP/1.1" 200 0
INFO 2026-05-28 14:20:49,132 basehttp "OPTIONS /api/v1/sales/sales/?page_size=500 HTTP/1.1" 200 0
INFO 2026-05-28 14:20:49,238 basehttp "GET /api/v1/sales/customers/ HTTP/1.1" 200 2222
INFO 2026-05-28 14:20:49,238 basehttp "GET /api/v1/sales/customers/ HTTP/1.1" 200 2222
INFO 2026-05-28 14:20:49,291 basehttp "GET /api/v1/bi/profit-loss/ HTTP/1.1" 200 583
INFO 2026-05-28 14:20:49,291 basehttp "GET /api/v1/bi/profit-loss/ HTTP/1.1" 200 583
INFO 2026-05-28 14:20:49,316 basehttp "GET /api/v1/financials/invoices/ HTTP/1.1" 200 2612
INFO 2026-05-28 14:20:49,316 basehttp "GET /api/v1/financials/invoices/ HTTP/1.1" 200 2612
INFO 2026-05-28 14:20:49,473 basehttp "GET /api/v1/hr/payroll/ HTTP/1.1" 200 4108
INFO 2026-05-28 14:20:49,473 basehttp "GET /api/v1/hr/payroll/ HTTP/1.1" 200 4108
INFO 2026-05-28 14:20:49,527 basehttp "GET /api/v1/financials/loans/ HTTP/1.1" 200 473
INFO 2026-05-28 14:20:49,527 basehttp "GET /api/v1/financials/loans/ HTTP/1.1" 200 473
INFO 2026-05-28 14:20:49,593 basehttp "GET /api/v1/financials/petty-cash/ HTTP/1.1" 200 1312
INFO 2026-05-28 14:20:49,593 basehttp "GET /api/v1/financials/petty-cash/ HTTP/1.1" 200 1312
INFO 2026-05-28 14:20:49,662 basehttp "GET /api/v1/financials/transactions/ HTTP/1.1" 200 4517
INFO 2026-05-28 14:20:49,662 basehttp "GET /api/v1/financials/transactions/ HTTP/1.1" 200 4517
INFO 2026-05-28 14:20:49,674 basehttp "GET /api/v1/financials/cash-flow/ HTTP/1.1" 200 1961
INFO 2026-05-28 14:20:49,674 basehttp "GET /api/v1/financials/cash-flow/ HTTP/1.1" 200 1961
INFO 2026-05-28 14:20:49,751 basehttp "GET /api/v1/bi/profit-loss/ HTTP/1.1" 200 583
INFO 2026-05-28 14:20:49,751 basehttp "GET /api/v1/bi/profit-loss/ HTTP/1.1" 200 583
INFO 2026-05-28 14:20:49,778 basehttp "GET /api/v1/financials/invoices/ HTTP/1.1" 200 2612
INFO 2026-05-28 14:20:49,778 basehttp "GET /api/v1/financials/invoices/ HTTP/1.1" 200 2612
INFO 2026-05-28 14:20:49,852 basehttp "GET /api/v1/sales/sales/?page_size=500 HTTP/1.1" 200 7831
INFO 2026-05-28 14:20:49,852 basehttp "GET /api/v1/sales/sales/?page_size=500 HTTP/1.1" 200 7831
INFO 2026-05-28 14:20:49,951 basehttp "GET /api/v1/hr/payroll/ HTTP/1.1" 200 4108
INFO 2026-05-28 14:20:49,951 basehttp "GET /api/v1/hr/payroll/ HTTP/1.1" 200 4108
INFO 2026-05-28 14:20:50,060 basehttp "GET /api/v1/bi/trends/?days=30 HTTP/1.1" 200 2808
INFO 2026-05-28 14:20:50,103 basehttp "GET /api/v1/sales/sales/?page_size=500 HTTP/1.1" 200 7831
INFO 2026-05-28 14:20:50,060 basehttp "GET /api/v1/bi/trends/?days=30 HTTP/1.1" 200 2808
INFO 2026-05-28 14:20:50,103 basehttp "GET /api/v1/sales/sales/?page_size=500 HTTP/1.1" 200 7831
INFO 2026-05-28 14:20:50,721 basehttp "GET /api/v1/bi/trends/?days=30 HTTP/1.1" 200 2808
INFO 2026-05-28 14:20:50,721 basehttp "GET /api/v1/bi/trends/?days=30 HTTP/1.1" 200 2808
INFO 2026-05-28 14:22:27,438 basehttp "GET /api/v1/inventory/products/low-stock/ HTTP/1.1" 200 25
INFO 2026-05-28 14:22:27,438 basehttp "GET /api/v1/inventory/products/low-stock/ HTTP/1.1" 200 25
INFO 2026-05-28 14:22:27,461 basehttp "GET /api/v1/financials/cash-flow/ HTTP/1.1" 200 1961
INFO 2026-05-28 14:22:27,461 basehttp "GET /api/v1/financials/cash-flow/ HTTP/1.1" 200 1961
INFO 2026-05-28 14:22:27,532 basehttp "GET /api/v1/inventory/products/low-stock/ HTTP/1.1" 200 25
INFO 2026-05-28 14:22:27,532 basehttp "GET /api/v1/inventory/products/low-stock/ HTTP/1.1" 200 25
INFO 2026-05-28 14:22:27,556 basehttp "GET /api/v1/financials/cash-flow/ HTTP/1.1" 200 1961
INFO 2026-05-28 14:22:27,556 basehttp "GET /api/v1/financials/cash-flow/ HTTP/1.1" 200 1961
INFO 2026-05-28 14:22:27,563 basehttp "GET /api/v1/bi/dashboard/ HTTP/1.1" 200 628
INFO 2026-05-28 14:22:27,563 basehttp "GET /api/v1/bi/dashboard/ HTTP/1.1" 200 628
INFO 2026-05-28 14:22:27,676 basehttp "GET /api/v1/bi/dashboard/ HTTP/1.1" 200 628
INFO 2026-05-28 14:22:27,676 basehttp "GET /api/v1/bi/dashboard/ HTTP/1.1" 200 628
INFO 2026-05-28 14:22:27,762 basehttp "GET /api/v1/bi/trends/?days=30 HTTP/1.1" 200 2808
INFO 2026-05-28 14:22:27,762 basehttp "GET /api/v1/bi/trends/?days=30 HTTP/1.1" 200 2808
INFO 2026-05-28 14:22:28,135 basehttp "GET /api/v1/bi/trends/?days=30 HTTP/1.1" 200 2808
INFO 2026-05-28 14:22:28,135 basehttp "GET /api/v1/bi/trends/?days=30 HTTP/1.1" 200 2808
INFO 2026-05-28 14:23:03,382 basehttp "OPTIONS /api/v1/inventory/stock/movements/ HTTP/1.1" 200 0
INFO 2026-05-28 14:23:03,382 basehttp "OPTIONS /api/v1/inventory/stock/movements/ HTTP/1.1" 200 0
INFO 2026-05-28 14:23:03,383 basehttp "OPTIONS /api/v1/inventory/stock/movements/ HTTP/1.1" 200 0
INFO 2026-05-28 14:23:03,383 basehttp "OPTIONS /api/v1/inventory/stock/movements/ HTTP/1.1" 200 0
INFO 2026-05-28 14:23:03,491 basehttp "GET /api/v1/inventory/products/ HTTP/1.1" 200 1597
INFO 2026-05-28 14:23:03,491 basehttp "GET /api/v1/inventory/products/ HTTP/1.1" 200 1597
INFO 2026-05-28 14:23:03,514 basehttp "GET /api/v1/inventory/stock/movements/ HTTP/1.1" 200 3853
INFO 2026-05-28 14:23:03,514 basehttp "GET /api/v1/inventory/stock/movements/ HTTP/1.1" 200 3853
INFO 2026-05-28 14:23:03,586 basehttp "GET /api/v1/inventory/stock/movements/ HTTP/1.1" 200 3853
INFO 2026-05-28 14:23:03,586 basehttp "GET /api/v1/inventory/stock/movements/ HTTP/1.1" 200 3853
INFO 2026-05-28 14:23:03,649 basehttp "GET /api/v1/inventory/products/ HTTP/1.1" 200 1597
INFO 2026-05-28 14:23:03,649 basehttp "GET /api/v1/inventory/products/ HTTP/1.1" 200 1597
INFO 2026-05-28 14:23:50,147 basehttp "GET /api/v1/sales/returns/ HTTP/1.1" 200 1572
INFO 2026-05-28 14:23:50,147 basehttp "GET /api/v1/sales/returns/ HTTP/1.1" 200 1572
INFO 2026-05-28 14:23:50,182 basehttp "GET /api/v1/sales/sales/?page=1&page_size=20 HTTP/1.1" 200 7830
INFO 2026-05-28 14:23:50,182 basehttp "GET /api/v1/sales/sales/?page=1&page_size=20 HTTP/1.1" 200 7830
INFO 2026-05-28 14:23:50,315 basehttp "GET /api/v1/sales/returns/ HTTP/1.1" 200 1572
INFO 2026-05-28 14:23:50,315 basehttp "GET /api/v1/sales/returns/ HTTP/1.1" 200 1572
INFO 2026-05-28 14:23:50,355 basehttp "GET /api/v1/sales/sales/?page=1&page_size=20 HTTP/1.1" 200 7830
INFO 2026-05-28 14:23:50,355 basehttp "GET /api/v1/sales/sales/?page=1&page_size=20 HTTP/1.1" 200 7830
INFO 2026-05-28 14:40:42,957 autoreload /Users/j/Desktop/BizSMART/Backend/financials/models.py changed, reloading.
INFO 2026-05-28 14:40:42,957 autoreload /Users/j/Desktop/BizSMART/Backend/financials/models.py changed, reloading.
INFO 2026-05-28 14:40:45,399 autoreload Watching for file changes with StatReloader
INFO 2026-05-28 14:40:45,399 autoreload Watching for file changes with StatReloader
INFO 2026-05-28 14:41:06,954 autoreload /Users/j/Desktop/BizSMART/Backend/financials/serializers.py changed, reloading.
INFO 2026-05-28 14:41:06,954 autoreload /Users/j/Desktop/BizSMART/Backend/financials/serializers.py changed, reloading.
INFO 2026-05-28 14:41:08,532 autoreload Watching for file changes with StatReloader
INFO 2026-05-28 14:41:08,532 autoreload Watching for file changes with StatReloader
INFO 2026-05-28 14:46:19,443 autoreload Watching for file changes with StatReloader
INFO 2026-05-28 14:46:19,443 autoreload Watching for file changes with StatReloader
INFO 2026-05-28 14:47:02,418 autoreload /Users/j/Desktop/BizSMART/Backend/financials/serializers.py changed, reloading.
INFO 2026-05-28 14:47:02,418 autoreload /Users/j/Desktop/BizSMART/Backend/financials/serializers.py changed, reloading.
INFO 2026-05-28 14:47:03,548 autoreload Watching for file changes with StatReloader
INFO 2026-05-28 14:47:03,548 autoreload Watching for file changes with StatReloader
INFO 2026-05-28 14:47:32,565 autoreload /Users/j/Desktop/BizSMART/Backend/financials/serializers.py changed, reloading.
INFO 2026-05-28 14:47:32,565 autoreload /Users/j/Desktop/BizSMART/Backend/financials/serializers.py changed, reloading.
INFO 2026-05-28 14:47:33,529 autoreload Watching for file changes with StatReloader
INFO 2026-05-28 14:47:33,529 autoreload Watching for file changes with StatReloader
INFO 2026-05-28 14:47:47,575 basehttp "GET /api/docs/ HTTP/1.1" 200 4645
INFO 2026-05-28 14:47:47,575 basehttp "GET /api/docs/ HTTP/1.1" 200 4645
INFO 2026-05-28 14:47:49,036 basehttp "GET /api/schema/ HTTP/1.1" 200 356751
INFO 2026-05-28 14:47:49,036 basehttp "GET /api/schema/ HTTP/1.1" 200 356751
INFO 2026-05-28 14:54:35,383 autoreload Watching for file changes with StatReloader
INFO 2026-05-28 14:54:35,383 autoreload Watching for file changes with StatReloader
WARNING 2026-05-28 14:58:31,257 basehttp "POST /api/v1/auth/login/ HTTP/1.1" 401 183
WARNING 2026-05-28 14:58:31,257 basehttp "POST /api/v1/auth/login/ HTTP/1.1" 401 183
INFO 2026-05-28 14:58:31,289 basehttp "POST /api/v1/auth/refresh/ HTTP/1.1" 200 483
INFO 2026-05-28 14:58:31,289 basehttp "POST /api/v1/auth/refresh/ HTTP/1.1" 200 483
INFO 2026-05-28 14:58:32,357 basehttp "POST /api/v1/auth/login/ HTTP/1.1" 200 808
INFO 2026-05-28 14:58:32,357 basehttp "POST /api/v1/auth/login/ HTTP/1.1" 200 808
INFO 2026-05-28 14:58:50,225 basehttp "GET /api/v1/sales/sales/?start_date=2026-05-28&end_date=2026-05-28&page_size=100 HTTP/1.1" 200 817
INFO 2026-05-28 14:58:50,225 basehttp "GET /api/v1/sales/sales/?start_date=2026-05-28&end_date=2026-05-28&page_size=100 HTTP/1.1" 200 817
INFO 2026-05-28 14:58:50,461 basehttp "GET /api/v1/financials/transactions/?start_date=2026-05-28&end_date=2026-05-28&page_size=100 HTTP/1.1" 200 4573
INFO 2026-05-28 14:58:50,461 basehttp "GET /api/v1/financials/transactions/?start_date=2026-05-28&end_date=2026-05-28&page_size=100 HTTP/1.1" 200 4573
INFO 2026-05-28 14:58:50,516 basehttp "GET /api/v1/sales/sales/?start_date=2026-05-28&end_date=2026-05-28&page_size=100 HTTP/1.1" 200 817
INFO 2026-05-28 14:58:50,516 basehttp "GET /api/v1/sales/sales/?start_date=2026-05-28&end_date=2026-05-28&page_size=100 HTTP/1.1" 200 817
INFO 2026-05-28 14:58:50,659 basehttp "GET /api/v1/financials/transactions/?start_date=2026-05-28&end_date=2026-05-28&page_size=100 HTTP/1.1" 200 4573
INFO 2026-05-28 14:58:50,659 basehttp "GET /api/v1/financials/transactions/?start_date=2026-05-28&end_date=2026-05-28&page_size=100 HTTP/1.1" 200 4573
INFO 2026-05-28 14:59:00,407 basehttp "OPTIONS /api/v1/financials/budgets/?year=2026 HTTP/1.1" 200 0
INFO 2026-05-28 14:59:00,407 basehttp "OPTIONS /api/v1/financials/budgets/?year=2026 HTTP/1.1" 200 0
INFO 2026-05-28 14:59:00,500 basehttp "GET /api/v1/financials/budgets/?year=2026 HTTP/1.1" 200 52
INFO 2026-05-28 14:59:00,500 basehttp "GET /api/v1/financials/budgets/?year=2026 HTTP/1.1" 200 52
INFO 2026-05-28 14:59:00,591 basehttp "GET /api/v1/financials/budgets/?year=2026 HTTP/1.1" 200 52
INFO 2026-05-28 14:59:00,591 basehttp "GET /api/v1/financials/budgets/?year=2026 HTTP/1.1" 200 52
INFO 2026-05-28 15:03:03,204 basehttp "POST /api/v1/auth/login/ HTTP/1.1" 200 791
INFO 2026-05-28 15:03:03,204 basehttp "POST /api/v1/auth/login/ HTTP/1.1" 200 791
INFO 2026-05-28 15:03:07,540 basehttp "GET /api/v1/financials/transactions/?page=1&page_size=20 HTTP/1.1" 200 4530
INFO 2026-05-28 15:03:07,540 basehttp "GET /api/v1/financials/transactions/?page=1&page_size=20 HTTP/1.1" 200 4530
INFO 2026-05-28 15:03:07,772 basehttp "GET /api/v1/financials/transactions/?page=1&page_size=20 HTTP/1.1" 200 4530
INFO 2026-05-28 15:03:07,772 basehttp "GET /api/v1/financials/transactions/?page=1&page_size=20 HTTP/1.1" 200 4530
INFO 2026-05-28 15:03:12,681 basehttp "GET /api/v1/financials/budgets/?year=2026 HTTP/1.1" 200 52
INFO 2026-05-28 15:03:12,681 basehttp "GET /api/v1/financials/budgets/?year=2026 HTTP/1.1" 200 52
INFO 2026-05-28 15:03:12,723 basehttp "GET /api/v1/financials/budgets/?year=2026 HTTP/1.1" 200 52
INFO 2026-05-28 15:03:12,723 basehttp "GET /api/v1/financials/budgets/?year=2026 HTTP/1.1" 200 52
INFO 2026-05-28 15:03:26,953 basehttp "GET /api/v1/auth/profile/ HTTP/1.1" 200 268
INFO 2026-05-28 15:03:26,953 basehttp "GET /api/v1/auth/profile/ HTTP/1.1" 200 268
INFO 2026-05-28 15:03:27,009 basehttp "GET /api/v1/auth/profile/ HTTP/1.1" 200 268
INFO 2026-05-28 15:03:27,009 basehttp "GET /api/v1/auth/profile/ HTTP/1.1" 200 268
INFO 2026-05-28 15:07:16,519 basehttp "GET /api/v1/financials/loans/?page=1&page_size=20 HTTP/1.1" 200 473
INFO 2026-05-28 15:07:16,519 basehttp "GET /api/v1/financials/loans/?page=1&page_size=20 HTTP/1.1" 200 473
INFO 2026-05-28 15:07:16,603 basehttp "GET /api/v1/financials/loans/?page=1&page_size=20 HTTP/1.1" 200 473
INFO 2026-05-28 15:07:16,603 basehttp "GET /api/v1/financials/loans/?page=1&page_size=20 HTTP/1.1" 200 473
INFO 2026-05-28 15:07:19,800 basehttp "GET /api/v1/financials/budgets/?year=2026 HTTP/1.1" 200 52
INFO 2026-05-28 15:07:19,800 basehttp "GET /api/v1/financials/budgets/?year=2026 HTTP/1.1" 200 52
INFO 2026-05-28 15:07:19,822 basehttp "GET /api/v1/financials/budgets/?year=2026 HTTP/1.1" 200 52
INFO 2026-05-28 15:07:19,822 basehttp "GET /api/v1/financials/budgets/?year=2026 HTTP/1.1" 200 52
INFO 2026-05-28 15:09:09,271 basehttp "OPTIONS /api/v1/financials/budgets/ HTTP/1.1" 200 0
INFO 2026-05-28 15:09:09,271 basehttp "OPTIONS /api/v1/financials/budgets/ HTTP/1.1" 200 0
WARNING 2026-05-28 15:09:09,317 basehttp "POST /api/v1/financials/budgets/ HTTP/1.1" 400 39
WARNING 2026-05-28 15:09:09,317 basehttp "POST /api/v1/financials/budgets/ HTTP/1.1" 400 39
WARNING 2026-05-28 15:09:21,047 basehttp "POST /api/v1/financials/budgets/ HTTP/1.1" 400 39
WARNING 2026-05-28 15:09:21,047 basehttp "POST /api/v1/financials/budgets/ HTTP/1.1" 400 39
WARNING 2026-05-28 15:09:30,715 basehttp "POST /api/v1/financials/budgets/ HTTP/1.1" 400 39
WARNING 2026-05-28 15:09:30,715 basehttp "POST /api/v1/financials/budgets/ HTTP/1.1" 400 39
INFO 2026-05-28 15:13:46,509 basehttp "GET /api/v1/financials/budgets/?year=2026 HTTP/1.1" 200 52
INFO 2026-05-28 15:13:46,509 basehttp "GET /api/v1/financials/budgets/?year=2026 HTTP/1.1" 200 52
INFO 2026-05-28 15:13:46,543 basehttp "GET /api/v1/financials/budgets/?year=2026 HTTP/1.1" 200 52
INFO 2026-05-28 15:13:46,543 basehttp "GET /api/v1/financials/budgets/?year=2026 HTTP/1.1" 200 52
INFO 2026-05-28 15:14:22,076 basehttp "GET /api/v1/financials/loans/?page=1&page_size=20 HTTP/1.1" 200 473
INFO 2026-05-28 15:14:22,076 basehttp "GET /api/v1/financials/loans/?page=1&page_size=20 HTTP/1.1" 200 473
INFO 2026-05-28 15:14:22,147 basehttp "GET /api/v1/financials/loans/?page=1&page_size=20 HTTP/1.1" 200 473
INFO 2026-05-28 15:14:22,147 basehttp "GET /api/v1/financials/loans/?page=1&page_size=20 HTTP/1.1" 200 473
INFO 2026-05-28 15:14:23,317 basehttp "GET /api/v1/financials/budgets/?year=2026 HTTP/1.1" 200 52
INFO 2026-05-28 15:14:23,317 basehttp "GET /api/v1/financials/budgets/?year=2026 HTTP/1.1" 200 52
INFO 2026-05-28 15:14:23,345 basehttp "GET /api/v1/financials/budgets/?year=2026 HTTP/1.1" 200 52
INFO 2026-05-28 15:14:23,345 basehttp "GET /api/v1/financials/budgets/?year=2026 HTTP/1.1" 200 52
ERROR 2026-05-28 15:14:53,486 basehttp "POST /api/v1/financials/budgets/ HTTP/1.1" 500 143052
ERROR 2026-05-28 15:14:53,486 basehttp "POST /api/v1/financials/budgets/ HTTP/1.1" 500 143052
WARNING 2026-05-28 19:36:58,169 basehttp "GET /api/v1/financials/petty-cash/?page=1&page_size=20 HTTP/1.1" 401 183
WARNING 2026-05-28 19:36:58,169 basehttp "GET /api/v1/financials/petty-cash/?page=1&page_size=20 HTTP/1.1" 401 183
WARNING 2026-05-28 19:36:58,231 basehttp "GET /api/v1/financials/petty-cash/?page=1&page_size=20 HTTP/1.1" 401 183
WARNING 2026-05-28 19:36:58,231 basehttp "GET /api/v1/financials/petty-cash/?page=1&page_size=20 HTTP/1.1" 401 183
INFO 2026-05-28 19:36:58,384 basehttp "POST /api/v1/auth/refresh/ HTTP/1.1" 200 486
INFO 2026-05-28 19:36:58,384 basehttp "POST /api/v1/auth/refresh/ HTTP/1.1" 200 486
INFO 2026-05-28 19:36:58,448 basehttp "GET /api/v1/financials/petty-cash/?page=1&page_size=20 HTTP/1.1" 200 1312
INFO 2026-05-28 19:36:58,448 basehttp "GET /api/v1/financials/petty-cash/?page=1&page_size=20 HTTP/1.1" 200 1312
INFO 2026-05-28 19:36:58,544 basehttp "GET /api/v1/financials/petty-cash/?page=1&page_size=20 HTTP/1.1" 200 1312
INFO 2026-05-28 19:36:58,544 basehttp "GET /api/v1/financials/petty-cash/?page=1&page_size=20 HTTP/1.1" 200 1312
WARNING 2026-05-28 19:37:02,366 basehttp "GET /api/v1/inventory/products/ HTTP/1.1" 403 63
WARNING 2026-05-28 19:37:02,366 basehttp "GET /api/v1/inventory/products/ HTTP/1.1" 403 63
WARNING 2026-05-28 19:37:02,383 basehttp "GET /api/v1/inventory/products/ HTTP/1.1" 403 63
WARNING 2026-05-28 19:37:02,383 basehttp "GET /api/v1/inventory/products/ HTTP/1.1" 403 63
INFO 2026-05-28 19:37:02,482 basehttp "GET /api/v1/sales/customers/ HTTP/1.1" 200 2222
INFO 2026-05-28 19:37:02,482 basehttp "GET /api/v1/sales/customers/ HTTP/1.1" 200 2222
INFO 2026-05-28 19:37:02,556 basehttp "GET /api/v1/financials/invoices/?page=1&page_size=20&status=&start_date=&end_date= HTTP/1.1" 200 2612
INFO 2026-05-28 19:37:02,556 basehttp "GET /api/v1/financials/invoices/?page=1&page_size=20&status=&start_date=&end_date= HTTP/1.1" 200 2612
INFO 2026-05-28 19:37:02,597 basehttp "GET /api/v1/sales/customers/ HTTP/1.1" 200 2222
INFO 2026-05-28 19:37:02,597 basehttp "GET /api/v1/sales/customers/ HTTP/1.1" 200 2222
INFO 2026-05-28 19:37:02,873 basehttp "GET /api/v1/financials/invoices/?page=1&page_size=20&status=&start_date=&end_date= HTTP/1.1" 200 2612
INFO 2026-05-28 19:37:02,873 basehttp "GET /api/v1/financials/invoices/?page=1&page_size=20&status=&start_date=&end_date= HTTP/1.1" 200 2612
INFO 2026-05-28 19:37:10,227 basehttp "GET /api/v1/financials/transactions/?start_date=2026-05-28&end_date=2026-05-28&page_size=100 HTTP/1.1" 200 4573
INFO 2026-05-28 19:37:10,227 basehttp "GET /api/v1/financials/transactions/?start_date=2026-05-28&end_date=2026-05-28&page_size=100 HTTP/1.1" 200 4573
INFO 2026-05-28 19:37:10,254 basehttp "GET /api/v1/sales/sales/?start_date=2026-05-28&end_date=2026-05-28&page_size=100 HTTP/1.1" 200 817
INFO 2026-05-28 19:37:10,254 basehttp "GET /api/v1/sales/sales/?start_date=2026-05-28&end_date=2026-05-28&page_size=100 HTTP/1.1" 200 817
INFO 2026-05-28 19:37:10,396 basehttp "GET /api/v1/financials/transactions/?start_date=2026-05-28&end_date=2026-05-28&page_size=100 HTTP/1.1" 200 4573
INFO 2026-05-28 19:37:10,396 basehttp "GET /api/v1/financials/transactions/?start_date=2026-05-28&end_date=2026-05-28&page_size=100 HTTP/1.1" 200 4573
INFO 2026-05-28 19:37:10,405 basehttp "GET /api/v1/sales/sales/?start_date=2026-05-28&end_date=2026-05-28&page_size=100 HTTP/1.1" 200 817
INFO 2026-05-28 19:37:10,405 basehttp "GET /api/v1/sales/sales/?start_date=2026-05-28&end_date=2026-05-28&page_size=100 HTTP/1.1" 200 817
INFO 2026-05-28 19:37:44,697 basehttp "GET /admin/ HTTP/1.1" 200 21418
INFO 2026-05-28 19:37:44,697 basehttp "GET /admin/ HTTP/1.1" 200 21418
INFO 2026-05-28 19:37:47,933 basehttp "GET /admin/core/user/ HTTP/1.1" 200 23195
INFO 2026-05-28 19:37:47,933 basehttp "GET /admin/core/user/ HTTP/1.1" 200 23195
INFO 2026-05-28 19:37:48,013 basehttp "GET /static/admin/css/changelists.css HTTP/1.1" 304 0
INFO 2026-05-28 19:37:48,013 basehttp "GET /static/admin/css/changelists.css HTTP/1.1" 304 0
INFO 2026-05-28 19:37:48,015 basehttp "GET /static/admin/js/jquery.init.js HTTP/1.1" 304 0
INFO 2026-05-28 19:37:48,015 basehttp "GET /static/admin/js/jquery.init.js HTTP/1.1" 304 0
INFO 2026-05-28 19:37:48,023 basehttp "GET /static/admin/js/core.js HTTP/1.1" 304 0
INFO 2026-05-28 19:37:48,023 basehttp "GET /static/admin/js/core.js HTTP/1.1" 304 0
INFO 2026-05-28 19:37:48,040 basehttp "GET /static/admin/js/actions.js HTTP/1.1" 304 0
INFO 2026-05-28 19:37:48,040 basehttp "GET /static/admin/js/actions.js HTTP/1.1" 304 0
INFO 2026-05-28 19:37:48,030 basehttp "GET /static/admin/js/vendor/jquery/jquery.js HTTP/1.1" 304 0
INFO 2026-05-28 19:37:48,030 basehttp "GET /static/admin/js/vendor/jquery/jquery.js HTTP/1.1" 304 0
INFO 2026-05-28 19:37:48,060 basehttp "GET /static/admin/img/search.svg HTTP/1.1" 304 0
INFO 2026-05-28 19:37:48,060 basehttp "GET /static/admin/img/search.svg HTTP/1.1" 304 0
INFO 2026-05-28 19:37:48,072 basehttp "GET /static/admin/js/urlify.js HTTP/1.1" 304 0
INFO 2026-05-28 19:37:48,049 basehttp "GET /static/admin/js/admin/RelatedObjectLookups.js HTTP/1.1" 304 0
INFO 2026-05-28 19:37:48,049 basehttp "GET /static/admin/js/admin/RelatedObjectLookups.js HTTP/1.1" 304 0
INFO 2026-05-28 19:37:48,084 basehttp "GET /static/admin/js/vendor/xregexp/xregexp.js HTTP/1.1" 304 0
INFO 2026-05-28 19:37:48,084 basehttp "GET /static/admin/js/vendor/xregexp/xregexp.js HTTP/1.1" 304 0
INFO 2026-05-28 19:37:48,072 basehttp "GET /static/admin/js/urlify.js HTTP/1.1" 304 0
INFO 2026-05-28 19:37:48,067 basehttp "GET /static/admin/js/prepopulate.js HTTP/1.1" 304 0
INFO 2026-05-28 19:37:48,067 basehttp "GET /static/admin/js/prepopulate.js HTTP/1.1" 304 0
INFO 2026-05-28 19:37:48,111 basehttp "GET /static/admin/img/icon-no.svg HTTP/1.1" 304 0
INFO 2026-05-28 19:37:48,111 basehttp "GET /static/admin/img/icon-no.svg HTTP/1.1" 304 0
INFO 2026-05-28 19:37:48,102 basehttp "GET /static/admin/img/icon-yes.svg HTTP/1.1" 304 0
INFO 2026-05-28 19:37:48,102 basehttp "GET /static/admin/img/icon-yes.svg HTTP/1.1" 304 0
INFO 2026-05-28 19:37:48,129 basehttp "GET /static/admin/js/filters.js HTTP/1.1" 304 0
INFO 2026-05-28 19:37:48,129 basehttp "GET /static/admin/js/filters.js HTTP/1.1" 304 0
INFO 2026-05-28 19:37:48,132 basehttp "GET /admin/jsi18n/ HTTP/1.1" 200 3343
INFO 2026-05-28 19:37:48,132 basehttp "GET /admin/jsi18n/ HTTP/1.1" 200 3343
INFO 2026-05-28 19:37:48,201 basehttp "GET /static/admin/img/sorting-icons.svg HTTP/1.1" 304 0
INFO 2026-05-28 19:37:48,201 basehttp "GET /static/admin/img/sorting-icons.svg HTTP/1.1" 304 0
INFO 2026-05-28 19:37:48,201 basehttp "GET /static/admin/img/tooltag-add.svg HTTP/1.1" 304 0
INFO 2026-05-28 19:37:48,201 basehttp "GET /static/admin/img/tooltag-add.svg HTTP/1.1" 304 0
INFO 2026-05-28 19:38:07,903 basehttp "GET /admin/core/user/add/ HTTP/1.1" 200 23847
INFO 2026-05-28 19:38:07,903 basehttp "GET /admin/core/user/add/ HTTP/1.1" 200 23847
INFO 2026-05-28 19:38:07,953 basehttp "GET /static/admin/css/forms.css HTTP/1.1" 304 0
INFO 2026-05-28 19:38:07,953 basehttp "GET /static/admin/css/forms.css HTTP/1.1" 304 0
INFO 2026-05-28 19:38:07,958 basehttp "GET /static/admin/js/prepopulate_init.js HTTP/1.1" 304 0
INFO 2026-05-28 19:38:07,958 basehttp "GET /static/admin/js/prepopulate_init.js HTTP/1.1" 304 0
INFO 2026-05-28 19:38:07,967 basehttp "GET /static/admin/css/widgets.css HTTP/1.1" 304 0
INFO 2026-05-28 19:38:07,967 basehttp "GET /static/admin/css/widgets.css HTTP/1.1" 304 0
INFO 2026-05-28 19:38:07,981 basehttp "GET /admin/jsi18n/ HTTP/1.1" 200 3343
INFO 2026-05-28 19:38:07,981 basehttp "GET /admin/jsi18n/ HTTP/1.1" 200 3343
INFO 2026-05-28 19:38:08,016 basehttp "GET /static/admin/js/change_form.js HTTP/1.1" 304 0
INFO 2026-05-28 19:38:08,016 basehttp "GET /static/admin/js/change_form.js HTTP/1.1" 304 0
INFO 2026-05-28 19:38:55,549 basehttp "POST /api/v1/auth/login/ HTTP/1.1" 200 787
INFO 2026-05-28 19:38:55,549 basehttp "POST /api/v1/auth/login/ HTTP/1.1" 200 787
INFO 2026-05-28 19:38:59,913 basehttp "OPTIONS /api/v1/inventory/suppliers/ HTTP/1.1" 200 0
INFO 2026-05-28 19:38:59,913 basehttp "OPTIONS /api/v1/inventory/suppliers/ HTTP/1.1" 200 0
INFO 2026-05-28 19:38:59,918 basehttp "OPTIONS /api/v1/inventory/categories/ HTTP/1.1" 200 0
INFO 2026-05-28 19:38:59,918 basehttp "OPTIONS /api/v1/inventory/categories/ HTTP/1.1" 200 0
INFO 2026-05-28 19:38:59,927 basehttp "OPTIONS /api/v1/inventory/categories/ HTTP/1.1" 200 0
INFO 2026-05-28 19:38:59,927 basehttp "OPTIONS /api/v1/inventory/categories/ HTTP/1.1" 200 0
INFO 2026-05-28 19:38:59,946 basehttp "OPTIONS /api/v1/inventory/suppliers/ HTTP/1.1" 200 0
INFO 2026-05-28 19:38:59,946 basehttp "OPTIONS /api/v1/inventory/suppliers/ HTTP/1.1" 200 0
INFO 2026-05-28 19:39:00,010 basehttp "GET /api/v1/inventory/suppliers/ HTTP/1.1" 200 410
INFO 2026-05-28 19:39:00,010 basehttp "GET /api/v1/inventory/suppliers/ HTTP/1.1" 200 410
INFO 2026-05-28 19:39:00,079 basehttp "GET /api/v1/inventory/categories/ HTTP/1.1" 200 349
INFO 2026-05-28 19:39:00,079 basehttp "GET /api/v1/inventory/categories/ HTTP/1.1" 200 349
INFO 2026-05-28 19:39:00,146 basehttp "GET /api/v1/inventory/products/ HTTP/1.1" 200 1597
INFO 2026-05-28 19:39:00,146 basehttp "GET /api/v1/inventory/products/ HTTP/1.1" 200 1597
INFO 2026-05-28 19:39:00,220 basehttp "GET /api/v1/inventory/suppliers/ HTTP/1.1" 200 410
INFO 2026-05-28 19:39:00,220 basehttp "GET /api/v1/inventory/suppliers/ HTTP/1.1" 200 410
INFO 2026-05-28 19:39:00,299 basehttp "GET /api/v1/inventory/products/ HTTP/1.1" 200 1597
INFO 2026-05-28 19:39:00,299 basehttp "GET /api/v1/inventory/products/ HTTP/1.1" 200 1597
INFO 2026-05-28 19:39:00,309 basehttp "GET /api/v1/inventory/categories/ HTTP/1.1" 200 349
INFO 2026-05-28 19:39:00,309 basehttp "GET /api/v1/inventory/categories/ HTTP/1.1" 200 349
INFO 2026-05-28 19:39:29,269 basehttp "POST /api/v1/auth/login/ HTTP/1.1" 200 787
INFO 2026-05-28 19:39:29,269 basehttp "POST /api/v1/auth/login/ HTTP/1.1" 200 787
INFO 2026-05-28 19:39:30,386 basehttp "GET /api/v1/inventory/categories/ HTTP/1.1" 200 349
INFO 2026-05-28 19:39:30,386 basehttp "GET /api/v1/inventory/categories/ HTTP/1.1" 200 349
INFO 2026-05-28 19:39:30,438 basehttp "GET /api/v1/inventory/suppliers/ HTTP/1.1" 200 410
INFO 2026-05-28 19:39:30,438 basehttp "GET /api/v1/inventory/suppliers/ HTTP/1.1" 200 410
INFO 2026-05-28 19:39:30,518 basehttp "GET /api/v1/inventory/products/ HTTP/1.1" 200 1597
INFO 2026-05-28 19:39:30,518 basehttp "GET /api/v1/inventory/products/ HTTP/1.1" 200 1597
INFO 2026-05-28 19:39:30,658 basehttp "GET /api/v1/inventory/categories/ HTTP/1.1" 200 349
INFO 2026-05-28 19:39:30,658 basehttp "GET /api/v1/inventory/categories/ HTTP/1.1" 200 349
INFO 2026-05-28 19:39:30,674 basehttp "GET /api/v1/inventory/suppliers/ HTTP/1.1" 200 410
INFO 2026-05-28 19:39:30,674 basehttp "GET /api/v1/inventory/suppliers/ HTTP/1.1" 200 410
INFO 2026-05-28 19:39:30,774 basehttp "GET /api/v1/inventory/products/ HTTP/1.1" 200 1597
INFO 2026-05-28 19:39:30,774 basehttp "GET /api/v1/inventory/products/ HTTP/1.1" 200 1597
INFO 2026-05-28 19:42:31,016 basehttp "GET /api/v1/inventory/products/ HTTP/1.1" 200 1597
INFO 2026-05-28 19:42:31,016 basehttp "GET /api/v1/inventory/products/ HTTP/1.1" 200 1597
INFO 2026-05-28 19:42:31,048 basehttp "GET /api/v1/inventory/stock/movements/ HTTP/1.1" 200 3853
INFO 2026-05-28 19:42:31,048 basehttp "GET /api/v1/inventory/stock/movements/ HTTP/1.1" 200 3853
INFO 2026-05-28 19:42:31,180 basehttp "GET /api/v1/inventory/products/ HTTP/1.1" 200 1597
INFO 2026-05-28 19:42:31,180 basehttp "GET /api/v1/inventory/products/ HTTP/1.1" 200 1597
INFO 2026-05-28 19:42:31,197 basehttp "GET /api/v1/inventory/stock/movements/ HTTP/1.1" 200 3853
INFO 2026-05-28 19:42:31,197 basehttp "GET /api/v1/inventory/stock/movements/ HTTP/1.1" 200 3853
INFO 2026-05-28 19:44:00,816 basehttp "GET /api/v1/auth/profile/ HTTP/1.1" 200 264
INFO 2026-05-28 19:44:00,816 basehttp "GET /api/v1/auth/profile/ HTTP/1.1" 200 264
INFO 2026-05-28 19:44:00,889 basehttp "GET /api/v1/auth/profile/ HTTP/1.1" 200 264
INFO 2026-05-28 19:44:00,889 basehttp "GET /api/v1/auth/profile/ HTTP/1.1" 200 264
INFO 2026-05-28 19:44:11,551 basehttp "GET /api/v1/inventory/categories/ HTTP/1.1" 200 349
INFO 2026-05-28 19:44:11,551 basehttp "GET /api/v1/inventory/categories/ HTTP/1.1" 200 349
INFO 2026-05-28 19:44:11,637 basehttp "GET /api/v1/inventory/categories/ HTTP/1.1" 200 349
INFO 2026-05-28 19:44:11,637 basehttp "GET /api/v1/inventory/categories/ HTTP/1.1" 200 349
INFO 2026-05-28 19:44:11,673 basehttp "GET /api/v1/inventory/products/ HTTP/1.1" 200 1597
INFO 2026-05-28 19:44:11,673 basehttp "GET /api/v1/inventory/products/ HTTP/1.1" 200 1597
INFO 2026-05-28 19:44:11,754 basehttp "GET /api/v1/inventory/products/ HTTP/1.1" 200 1597
INFO 2026-05-28 19:44:11,754 basehttp "GET /api/v1/inventory/products/ HTTP/1.1" 200 1597
INFO 2026-05-28 19:44:25,536 basehttp "GET /api/v1/inventory/suppliers/ HTTP/1.1" 200 410
INFO 2026-05-28 19:44:25,536 basehttp "GET /api/v1/inventory/suppliers/ HTTP/1.1" 200 410
INFO 2026-05-28 19:44:25,607 basehttp "GET /api/v1/inventory/suppliers/ HTTP/1.1" 200 410
INFO 2026-05-28 19:44:25,607 basehttp "GET /api/v1/inventory/suppliers/ HTTP/1.1" 200 410
INFO 2026-05-28 19:44:25,625 basehttp "GET /api/v1/inventory/products/ HTTP/1.1" 200 1597
INFO 2026-05-28 19:44:25,625 basehttp "GET /api/v1/inventory/products/ HTTP/1.1" 200 1597
INFO 2026-05-28 19:44:25,730 basehttp "GET /api/v1/inventory/products/ HTTP/1.1" 200 1597
INFO 2026-05-28 19:44:25,730 basehttp "GET /api/v1/inventory/products/ HTTP/1.1" 200 1597
INFO 2026-05-28 19:44:35,024 basehttp "GET /api/v1/inventory/suppliers/ HTTP/1.1" 200 410
INFO 2026-05-28 19:44:35,024 basehttp "GET /api/v1/inventory/suppliers/ HTTP/1.1" 200 410
INFO 2026-05-28 19:44:35,027 basehttp "GET /api/v1/inventory/categories/ HTTP/1.1" 200 349
INFO 2026-05-28 19:44:35,027 basehttp "GET /api/v1/inventory/categories/ HTTP/1.1" 200 349
INFO 2026-05-28 19:44:35,160 basehttp "GET /api/v1/inventory/products/ HTTP/1.1" 200 1597
INFO 2026-05-28 19:44:35,160 basehttp "GET /api/v1/inventory/products/ HTTP/1.1" 200 1597
INFO 2026-05-28 19:44:35,224 basehttp "GET /api/v1/inventory/categories/ HTTP/1.1" 200 349
INFO 2026-05-28 19:44:35,224 basehttp "GET /api/v1/inventory/categories/ HTTP/1.1" 200 349
INFO 2026-05-28 19:44:35,277 basehttp "GET /api/v1/inventory/products/ HTTP/1.1" 200 1597
INFO 2026-05-28 19:44:35,277 basehttp "GET /api/v1/inventory/products/ HTTP/1.1" 200 1597
INFO 2026-05-28 19:44:35,286 basehttp "GET /api/v1/inventory/suppliers/ HTTP/1.1" 200 410
INFO 2026-05-28 19:44:35,286 basehttp "GET /api/v1/inventory/suppliers/ HTTP/1.1" 200 410
INFO 2026-05-28 19:45:02,044 basehttp "POST /api/v1/auth/login/ HTTP/1.1" 200 808
INFO 2026-05-28 19:45:02,044 basehttp "POST /api/v1/auth/login/ HTTP/1.1" 200 808
INFO 2026-05-28 19:45:04,491 basehttp "GET /api/v1/financials/transactions/?start_date=2026-05-28&end_date=2026-05-28&page_size=100 HTTP/1.1" 200 4573
INFO 2026-05-28 19:45:04,491 basehttp "GET /api/v1/financials/transactions/?start_date=2026-05-28&end_date=2026-05-28&page_size=100 HTTP/1.1" 200 4573
INFO 2026-05-28 19:45:04,513 basehttp "GET /api/v1/sales/sales/?start_date=2026-05-28&end_date=2026-05-28&page_size=100 HTTP/1.1" 200 817
INFO 2026-05-28 19:45:04,513 basehttp "GET /api/v1/sales/sales/?start_date=2026-05-28&end_date=2026-05-28&page_size=100 HTTP/1.1" 200 817
INFO 2026-05-28 19:45:04,657 basehttp "GET /api/v1/financials/transactions/?start_date=2026-05-28&end_date=2026-05-28&page_size=100 HTTP/1.1" 200 4573
INFO 2026-05-28 19:45:04,657 basehttp "GET /api/v1/financials/transactions/?start_date=2026-05-28&end_date=2026-05-28&page_size=100 HTTP/1.1" 200 4573
INFO 2026-05-28 19:45:04,692 basehttp "GET /api/v1/sales/sales/?start_date=2026-05-28&end_date=2026-05-28&page_size=100 HTTP/1.1" 200 817
INFO 2026-05-28 19:45:04,692 basehttp "GET /api/v1/sales/sales/?start_date=2026-05-28&end_date=2026-05-28&page_size=100 HTTP/1.1" 200 817
INFO 2026-05-28 19:45:29,375 basehttp "GET /api/v1/sales/customers/ HTTP/1.1" 200 2222
INFO 2026-05-28 19:45:29,375 basehttp "GET /api/v1/sales/customers/ HTTP/1.1" 200 2222
INFO 2026-05-28 19:45:29,424 basehttp "GET /api/v1/financials/invoices/?page=1&page_size=20&status=&start_date=&end_date= HTTP/1.1" 200 2612
INFO 2026-05-28 19:45:29,424 basehttp "GET /api/v1/financials/invoices/?page=1&page_size=20&status=&start_date=&end_date= HTTP/1.1" 200 2612
INFO 2026-05-28 19:45:29,445 basehttp "GET /api/v1/inventory/products/ HTTP/1.1" 200 1597
INFO 2026-05-28 19:45:29,445 basehttp "GET /api/v1/inventory/products/ HTTP/1.1" 200 1597
INFO 2026-05-28 19:45:29,521 basehttp "GET /api/v1/sales/customers/ HTTP/1.1" 200 2222
INFO 2026-05-28 19:45:29,521 basehttp "GET /api/v1/sales/customers/ HTTP/1.1" 200 2222
INFO 2026-05-28 19:45:29,600 basehttp "GET /api/v1/financials/invoices/?page=1&page_size=20&status=&start_date=&end_date= HTTP/1.1" 200 2612
INFO 2026-05-28 19:45:29,600 basehttp "GET /api/v1/financials/invoices/?page=1&page_size=20&status=&start_date=&end_date= HTTP/1.1" 200 2612
INFO 2026-05-28 19:45:29,630 basehttp "GET /api/v1/inventory/products/ HTTP/1.1" 200 1597
INFO 2026-05-28 19:45:29,630 basehttp "GET /api/v1/inventory/products/ HTTP/1.1" 200 1597
INFO 2026-05-28 19:46:13,718 basehttp "POST /api/v1/financials/invoices/ HTTP/1.1" 201 501
INFO 2026-05-28 19:46:13,718 basehttp "POST /api/v1/financials/invoices/ HTTP/1.1" 201 501
INFO 2026-05-28 19:46:13,913 basehttp "GET /api/v1/financials/invoices/?page=1&page_size=20&status=&start_date=&end_date= HTTP/1.1" 200 3114
INFO 2026-05-28 19:46:13,913 basehttp "GET /api/v1/financials/invoices/?page=1&page_size=20&status=&start_date=&end_date= HTTP/1.1" 200 3114
INFO 2026-05-28 19:46:13,945 basehttp "GET /api/v1/inventory/products/ HTTP/1.1" 200 1597
INFO 2026-05-28 19:46:13,952 basehttp "GET /api/v1/sales/customers/ HTTP/1.1" 200 2222
INFO 2026-05-28 19:46:13,945 basehttp "GET /api/v1/inventory/products/ HTTP/1.1" 200 1597
INFO 2026-05-28 19:46:13,952 basehttp "GET /api/v1/sales/customers/ HTTP/1.1" 200 2222
INFO 2026-05-28 19:46:17,549 basehttp "GET /api/v1/financials/transactions/?start_date=2026-05-28&end_date=2026-05-28&page_size=100 HTTP/1.1" 200 4573
INFO 2026-05-28 19:46:17,549 basehttp "GET /api/v1/financials/transactions/?start_date=2026-05-28&end_date=2026-05-28&page_size=100 HTTP/1.1" 200 4573
INFO 2026-05-28 19:46:17,559 basehttp "GET /api/v1/sales/sales/?start_date=2026-05-28&end_date=2026-05-28&page_size=100 HTTP/1.1" 200 817
INFO 2026-05-28 19:46:17,559 basehttp "GET /api/v1/sales/sales/?start_date=2026-05-28&end_date=2026-05-28&page_size=100 HTTP/1.1" 200 817
INFO 2026-05-28 19:46:17,634 basehttp "GET /api/v1/financials/transactions/?start_date=2026-05-28&end_date=2026-05-28&page_size=100 HTTP/1.1" 200 4573
INFO 2026-05-28 19:46:17,634 basehttp "GET /api/v1/financials/transactions/?start_date=2026-05-28&end_date=2026-05-28&page_size=100 HTTP/1.1" 200 4573
INFO 2026-05-28 19:46:17,647 basehttp "GET /api/v1/sales/sales/?start_date=2026-05-28&end_date=2026-05-28&page_size=100 HTTP/1.1" 200 817
INFO 2026-05-28 19:46:17,647 basehttp "GET /api/v1/sales/sales/?start_date=2026-05-28&end_date=2026-05-28&page_size=100 HTTP/1.1" 200 817
INFO 2026-05-28 19:46:25,863 basehttp "GET /api/v1/sales/customers/ HTTP/1.1" 200 2222
INFO 2026-05-28 19:46:25,863 basehttp "GET /api/v1/sales/customers/ HTTP/1.1" 200 2222
INFO 2026-05-28 19:46:25,945 basehttp "GET /api/v1/financials/invoices/?page=1&page_size=20&status=&start_date=&end_date= HTTP/1.1" 200 3114
INFO 2026-05-28 19:46:25,945 basehttp "GET /api/v1/financials/invoices/?page=1&page_size=20&status=&start_date=&end_date= HTTP/1.1" 200 3114
INFO 2026-05-28 19:46:25,956 basehttp "GET /api/v1/inventory/products/ HTTP/1.1" 200 1597
INFO 2026-05-28 19:46:25,956 basehttp "GET /api/v1/inventory/products/ HTTP/1.1" 200 1597
INFO 2026-05-28 19:46:26,034 basehttp "GET /api/v1/sales/customers/ HTTP/1.1" 200 2222
INFO 2026-05-28 19:46:26,034 basehttp "GET /api/v1/sales/customers/ HTTP/1.1" 200 2222
INFO 2026-05-28 19:46:26,093 basehttp "GET /api/v1/financials/invoices/?page=1&page_size=20&status=&start_date=&end_date= HTTP/1.1" 200 3114
INFO 2026-05-28 19:46:26,096 basehttp "GET /api/v1/inventory/products/ HTTP/1.1" 200 1597
INFO 2026-05-28 19:46:26,096 basehttp "GET /api/v1/inventory/products/ HTTP/1.1" 200 1597
INFO 2026-05-28 19:46:26,093 basehttp "GET /api/v1/financials/invoices/?page=1&page_size=20&status=&start_date=&end_date= HTTP/1.1" 200 3114
INFO 2026-05-28 19:46:33,231 basehttp "OPTIONS /api/v1/financials/invoices/9/pay/ HTTP/1.1" 200 0
INFO 2026-05-28 19:46:33,231 basehttp "OPTIONS /api/v1/financials/invoices/9/pay/ HTTP/1.1" 200 0
INFO 2026-05-28 19:46:33,260 basehttp "POST /api/v1/financials/invoices/9/pay/ HTTP/1.1" 200 43
INFO 2026-05-28 19:46:33,260 basehttp "POST /api/v1/financials/invoices/9/pay/ HTTP/1.1" 200 43
INFO 2026-05-28 19:46:33,393 basehttp "GET /api/v1/sales/customers/ HTTP/1.1" 200 2222
INFO 2026-05-28 19:46:33,393 basehttp "GET /api/v1/sales/customers/ HTTP/1.1" 200 2222
INFO 2026-05-28 19:46:33,431 basehttp "GET /api/v1/financials/invoices/?page=1&page_size=20&status=&start_date=&end_date= HTTP/1.1" 200 3121
INFO 2026-05-28 19:46:33,431 basehttp "GET /api/v1/financials/invoices/?page=1&page_size=20&status=&start_date=&end_date= HTTP/1.1" 200 3121
INFO 2026-05-28 19:46:33,456 basehttp "GET /api/v1/inventory/products/ HTTP/1.1" 200 1597
INFO 2026-05-28 19:46:33,456 basehttp "GET /api/v1/inventory/products/ HTTP/1.1" 200 1597
INFO 2026-05-28 19:46:37,278 basehttp "GET /api/v1/financials/transactions/?start_date=2026-05-28&end_date=2026-05-28&page_size=100 HTTP/1.1" 200 4592
INFO 2026-05-28 19:46:37,278 basehttp "GET /api/v1/financials/transactions/?start_date=2026-05-28&end_date=2026-05-28&page_size=100 HTTP/1.1" 200 4592
INFO 2026-05-28 19:46:37,292 basehttp "GET /api/v1/sales/sales/?start_date=2026-05-28&end_date=2026-05-28&page_size=100 HTTP/1.1" 200 817
INFO 2026-05-28 19:46:37,292 basehttp "GET /api/v1/sales/sales/?start_date=2026-05-28&end_date=2026-05-28&page_size=100 HTTP/1.1" 200 817
INFO 2026-05-28 19:46:37,373 basehttp "GET /api/v1/financials/transactions/?start_date=2026-05-28&end_date=2026-05-28&page_size=100 HTTP/1.1" 200 4592
INFO 2026-05-28 19:46:37,373 basehttp "GET /api/v1/financials/transactions/?start_date=2026-05-28&end_date=2026-05-28&page_size=100 HTTP/1.1" 200 4592
INFO 2026-05-28 19:46:37,392 basehttp "GET /api/v1/sales/sales/?start_date=2026-05-28&end_date=2026-05-28&page_size=100 HTTP/1.1" 200 817
INFO 2026-05-28 19:46:37,392 basehttp "GET /api/v1/sales/sales/?start_date=2026-05-28&end_date=2026-05-28&page_size=100 HTTP/1.1" 200 817
INFO 2026-05-28 19:46:49,787 basehttp "GET /api/v1/sales/returns/ HTTP/1.1" 200 1572
INFO 2026-05-28 19:46:49,787 basehttp "GET /api/v1/sales/returns/ HTTP/1.1" 200 1572
INFO 2026-05-28 19:46:49,891 basehttp "GET /api/v1/sales/returns/ HTTP/1.1" 200 1572
INFO 2026-05-28 19:46:49,891 basehttp "GET /api/v1/sales/returns/ HTTP/1.1" 200 1572
INFO 2026-05-28 19:46:49,926 basehttp "GET /api/v1/sales/sales/?page=1&page_size=20 HTTP/1.1" 200 7830
INFO 2026-05-28 19:46:49,926 basehttp "GET /api/v1/sales/sales/?page=1&page_size=20 HTTP/1.1" 200 7830
INFO 2026-05-28 19:46:50,126 basehttp "GET /api/v1/sales/sales/?page=1&page_size=20 HTTP/1.1" 200 7830
INFO 2026-05-28 19:46:50,126 basehttp "GET /api/v1/sales/sales/?page=1&page_size=20 HTTP/1.1" 200 7830
INFO 2026-05-28 19:47:40,403 basehttp "GET /api/v1/financials/transactions/?start_date=2026-05-28&end_date=2026-05-28&page_size=100 HTTP/1.1" 200 4592
INFO 2026-05-28 19:47:40,403 basehttp "GET /api/v1/financials/transactions/?start_date=2026-05-28&end_date=2026-05-28&page_size=100 HTTP/1.1" 200 4592
INFO 2026-05-28 19:47:40,423 basehttp "GET /api/v1/sales/sales/?start_date=2026-05-28&end_date=2026-05-28&page_size=100 HTTP/1.1" 200 817
INFO 2026-05-28 19:47:40,423 basehttp "GET /api/v1/sales/sales/?start_date=2026-05-28&end_date=2026-05-28&page_size=100 HTTP/1.1" 200 817
INFO 2026-05-28 19:47:40,520 basehttp "GET /api/v1/financials/transactions/?start_date=2026-05-28&end_date=2026-05-28&page_size=100 HTTP/1.1" 200 4592
INFO 2026-05-28 19:47:40,520 basehttp "GET /api/v1/financials/transactions/?start_date=2026-05-28&end_date=2026-05-28&page_size=100 HTTP/1.1" 200 4592
INFO 2026-05-28 19:47:40,561 basehttp "GET /api/v1/sales/sales/?start_date=2026-05-28&end_date=2026-05-28&page_size=100 HTTP/1.1" 200 817
INFO 2026-05-28 19:47:40,561 basehttp "GET /api/v1/sales/sales/?start_date=2026-05-28&end_date=2026-05-28&page_size=100 HTTP/1.1" 200 817
INFO 2026-05-28 19:59:53,531 basehttp "GET /api/v1/sales/returns/?page=1&page_size=20 HTTP/1.1" 200 1572
INFO 2026-05-28 19:59:53,531 basehttp "GET /api/v1/sales/returns/?page=1&page_size=20 HTTP/1.1" 200 1572
INFO 2026-05-28 19:59:53,672 basehttp "GET /api/v1/sales/returns/?page=1&page_size=20 HTTP/1.1" 200 1572
INFO 2026-05-28 19:59:53,672 basehttp "GET /api/v1/sales/returns/?page=1&page_size=20 HTTP/1.1" 200 1572
WARNING 2026-05-28 20:00:57,811 basehttp "GET /api/v1/bi/profit-loss/ HTTP/1.1" 401 183
WARNING 2026-05-28 20:00:57,811 basehttp "GET /api/v1/bi/profit-loss/ HTTP/1.1" 401 183
WARNING 2026-05-28 20:00:57,828 basehttp "GET /api/v1/bi/trends/?days=30 HTTP/1.1" 401 183
WARNING 2026-05-28 20:00:57,828 basehttp "GET /api/v1/bi/trends/?days=30 HTTP/1.1" 401 183
WARNING 2026-05-28 20:00:57,862 basehttp "GET /api/v1/financials/transactions/ HTTP/1.1" 401 183
WARNING 2026-05-28 20:00:57,862 basehttp "GET /api/v1/financials/transactions/ HTTP/1.1" 401 183
WARNING 2026-05-28 20:00:57,880 basehttp "GET /api/v1/sales/customers/ HTTP/1.1" 401 183
WARNING 2026-05-28 20:00:57,880 basehttp "GET /api/v1/sales/customers/ HTTP/1.1" 401 183
WARNING 2026-05-28 20:00:57,886 basehttp "GET /api/v1/financials/petty-cash/ HTTP/1.1" 401 183
WARNING 2026-05-28 20:00:57,892 basehttp "GET /api/v1/financials/loans/ HTTP/1.1" 401 183
WARNING 2026-05-28 20:00:57,893 basehttp "GET /api/v1/sales/sales/?page_size=500 HTTP/1.1" 401 183
WARNING 2026-05-28 20:00:57,894 basehttp "GET /api/v1/bi/profit-loss/ HTTP/1.1" 401 183
WARNING 2026-05-28 20:00:57,894 basehttp "GET /api/v1/bi/profit-loss/ HTTP/1.1" 401 183
WARNING 2026-05-28 20:00:57,892 basehttp "GET /api/v1/financials/loans/ HTTP/1.1" 401 183
WARNING 2026-05-28 20:00:57,893 basehttp "GET /api/v1/sales/sales/?page_size=500 HTTP/1.1" 401 183
WARNING 2026-05-28 20:00:57,903 basehttp "GET /api/v1/financials/cash-flow/ HTTP/1.1" 401 183
WARNING 2026-05-28 20:00:57,916 basehttp "GET /api/v1/financials/transactions/ HTTP/1.1" 401 183
WARNING 2026-05-28 20:00:57,923 basehttp "GET /api/v1/bi/trends/?days=30 HTTP/1.1" 401 183
WARNING 2026-05-28 20:00:57,926 basehttp "GET /api/v1/financials/petty-cash/ HTTP/1.1" 401 183
WARNING 2026-05-28 20:00:57,929 basehttp "GET /api/v1/financials/invoices/ HTTP/1.1" 401 183
WARNING 2026-05-28 20:00:57,929 basehttp "GET /api/v1/financials/invoices/ HTTP/1.1" 401 183
WARNING 2026-05-28 20:00:57,886 basehttp "GET /api/v1/financials/petty-cash/ HTTP/1.1" 401 183
WARNING 2026-05-28 20:00:57,916 basehttp "GET /api/v1/financials/transactions/ HTTP/1.1" 401 183
WARNING 2026-05-28 20:00:57,923 basehttp "GET /api/v1/bi/trends/?days=30 HTTP/1.1" 401 183
WARNING 2026-05-28 20:00:57,926 basehttp "GET /api/v1/financials/petty-cash/ HTTP/1.1" 401 183
WARNING 2026-05-28 20:00:57,950 basehttp "GET /api/v1/financials/invoices/ HTTP/1.1" 401 183
WARNING 2026-05-28 20:00:57,903 basehttp "GET /api/v1/financials/cash-flow/ HTTP/1.1" 401 183
WARNING 2026-05-28 20:00:58,009 basehttp "GET /api/v1/hr/payroll/ HTTP/1.1" 401 183
WARNING 2026-05-28 20:00:58,025 basehttp "GET /api/v1/sales/customers/ HTTP/1.1" 401 183
WARNING 2026-05-28 20:00:57,950 basehttp "GET /api/v1/financials/invoices/ HTTP/1.1" 401 183
WARNING 2026-05-28 20:00:58,009 basehttp "GET /api/v1/hr/payroll/ HTTP/1.1" 401 183
WARNING 2026-05-28 20:00:58,025 basehttp "GET /api/v1/sales/customers/ HTTP/1.1" 401 183
WARNING 2026-05-28 20:00:58,029 basehttp "GET /api/v1/financials/cash-flow/ HTTP/1.1" 401 183
WARNING 2026-05-28 20:00:58,029 basehttp "GET /api/v1/financials/cash-flow/ HTTP/1.1" 401 183
WARNING 2026-05-28 20:00:58,052 basehttp "GET /api/v1/hr/payroll/ HTTP/1.1" 401 183
WARNING 2026-05-28 20:00:58,052 basehttp "GET /api/v1/hr/payroll/ HTTP/1.1" 401 183
WARNING 2026-05-28 20:00:58,058 basehttp "GET /api/v1/sales/sales/?page_size=500 HTTP/1.1" 401 183
WARNING 2026-05-28 20:00:58,058 basehttp "GET /api/v1/sales/sales/?page_size=500 HTTP/1.1" 401 183
WARNING 2026-05-28 20:00:58,065 basehttp "GET /api/v1/financials/loans/ HTTP/1.1" 401 183
WARNING 2026-05-28 20:00:58,065 basehttp "GET /api/v1/financials/loans/ HTTP/1.1" 401 183
INFO 2026-05-28 20:00:58,182 basehttp "POST /api/v1/auth/refresh/ HTTP/1.1" 200 483
INFO 2026-05-28 20:00:58,182 basehttp "POST /api/v1/auth/refresh/ HTTP/1.1" 200 483
INFO 2026-05-28 20:00:58,366 basehttp "GET /api/v1/financials/petty-cash/ HTTP/1.1" 200 1312
INFO 2026-05-28 20:00:58,366 basehttp "GET /api/v1/financials/petty-cash/ HTTP/1.1" 200 1312
INFO 2026-05-28 20:00:58,446 basehttp "GET /api/v1/sales/customers/ HTTP/1.1" 200 2222
INFO 2026-05-28 20:00:58,446 basehttp "GET /api/v1/sales/customers/ HTTP/1.1" 200 2222
INFO 2026-05-28 20:00:58,505 basehttp "GET /api/v1/financials/loans/ HTTP/1.1" 200 473
INFO 2026-05-28 20:00:58,505 basehttp "GET /api/v1/financials/loans/ HTTP/1.1" 200 473
INFO 2026-05-28 20:00:58,582 basehttp "GET /api/v1/bi/profit-loss/ HTTP/1.1" 200 583
INFO 2026-05-28 20:00:58,582 basehttp "GET /api/v1/bi/profit-loss/ HTTP/1.1" 200 583
INFO 2026-05-28 20:00:58,738 basehttp "GET /api/v1/financials/transactions/ HTTP/1.1" 200 4536
INFO 2026-05-28 20:00:58,738 basehttp "GET /api/v1/financials/transactions/ HTTP/1.1" 200 4536
INFO 2026-05-28 20:00:58,828 basehttp "GET /api/v1/financials/cash-flow/ HTTP/1.1" 200 1962
INFO 2026-05-28 20:00:58,828 basehttp "GET /api/v1/financials/cash-flow/ HTTP/1.1" 200 1962
INFO 2026-05-28 20:00:58,982 basehttp "GET /api/v1/financials/petty-cash/ HTTP/1.1" 200 1312
INFO 2026-05-28 20:00:58,982 basehttp "GET /api/v1/financials/petty-cash/ HTTP/1.1" 200 1312
INFO 2026-05-28 20:00:58,986 basehttp "GET /api/v1/financials/invoices/ HTTP/1.1" 200 3121
INFO 2026-05-28 20:00:58,986 basehttp "GET /api/v1/financials/invoices/ HTTP/1.1" 200 3121
INFO 2026-05-28 20:00:59,097 basehttp "GET /api/v1/hr/payroll/ HTTP/1.1" 200 4108
INFO 2026-05-28 20:00:59,103 basehttp "GET /api/v1/sales/sales/?page_size=500 HTTP/1.1" 200 7831
INFO 2026-05-28 20:00:59,097 basehttp "GET /api/v1/hr/payroll/ HTTP/1.1" 200 4108
INFO 2026-05-28 20:00:59,103 basehttp "GET /api/v1/sales/sales/?page_size=500 HTTP/1.1" 200 7831
INFO 2026-05-28 20:00:59,204 basehttp "GET /api/v1/sales/customers/ HTTP/1.1" 200 2222
INFO 2026-05-28 20:00:59,204 basehttp "GET /api/v1/sales/customers/ HTTP/1.1" 200 2222
INFO 2026-05-28 20:00:59,266 basehttp "GET /api/v1/financials/loans/ HTTP/1.1" 200 473
INFO 2026-05-28 20:00:59,266 basehttp "GET /api/v1/financials/loans/ HTTP/1.1" 200 473
INFO 2026-05-28 20:00:59,316 basehttp "GET /api/v1/bi/profit-loss/ HTTP/1.1" 200 583
INFO 2026-05-28 20:00:59,316 basehttp "GET /api/v1/bi/profit-loss/ HTTP/1.1" 200 583
INFO 2026-05-28 20:00:59,363 basehttp "GET /api/v1/financials/transactions/ HTTP/1.1" 200 4536
INFO 2026-05-28 20:00:59,363 basehttp "GET /api/v1/financials/transactions/ HTTP/1.1" 200 4536
INFO 2026-05-28 20:00:59,410 basehttp "GET /api/v1/financials/cash-flow/ HTTP/1.1" 200 1962
INFO 2026-05-28 20:00:59,410 basehttp "GET /api/v1/financials/cash-flow/ HTTP/1.1" 200 1962
INFO 2026-05-28 20:00:59,617 basehttp "GET /api/v1/financials/invoices/ HTTP/1.1" 200 3121
INFO 2026-05-28 20:00:59,617 basehttp "GET /api/v1/financials/invoices/ HTTP/1.1" 200 3121
INFO 2026-05-28 20:00:59,743 basehttp "GET /api/v1/hr/payroll/ HTTP/1.1" 200 4108
INFO 2026-05-28 20:00:59,743 basehttp "GET /api/v1/hr/payroll/ HTTP/1.1" 200 4108
INFO 2026-05-28 20:00:59,774 basehttp "GET /api/v1/sales/sales/?page_size=500 HTTP/1.1" 200 7831
INFO 2026-05-28 20:00:59,774 basehttp "GET /api/v1/sales/sales/?page_size=500 HTTP/1.1" 200 7831
INFO 2026-05-28 20:00:59,853 basehttp "GET /api/v1/bi/trends/?days=30 HTTP/1.1" 200 2812
INFO 2026-05-28 20:00:59,853 basehttp "GET /api/v1/bi/trends/?days=30 HTTP/1.1" 200 2812
INFO 2026-05-28 20:01:00,249 basehttp "GET /api/v1/bi/trends/?days=30 HTTP/1.1" 200 2812
INFO 2026-05-28 20:01:00,249 basehttp "GET /api/v1/bi/trends/?days=30 HTTP/1.1" 200 2812
INFO 2026-05-28 20:01:09,855 basehttp "GET /api/v1/financials/loans/ HTTP/1.1" 200 473
INFO 2026-05-28 20:01:09,855 basehttp "GET /api/v1/financials/loans/ HTTP/1.1" 200 473
INFO 2026-05-28 20:01:09,894 basehttp "GET /api/v1/sales/customers/ HTTP/1.1" 200 2222
INFO 2026-05-28 20:01:09,894 basehttp "GET /api/v1/sales/customers/ HTTP/1.1" 200 2222
INFO 2026-05-28 20:01:09,953 basehttp "GET /api/v1/financials/cash-flow/ HTTP/1.1" 200 1962
INFO 2026-05-28 20:01:09,953 basehttp "GET /api/v1/financials/cash-flow/ HTTP/1.1" 200 1962
INFO 2026-05-28 20:01:09,983 basehttp "GET /api/v1/financials/transactions/ HTTP/1.1" 200 4536
INFO 2026-05-28 20:01:09,983 basehttp "GET /api/v1/financials/transactions/ HTTP/1.1" 200 4536
INFO 2026-05-28 20:01:10,047 basehttp "GET /api/v1/bi/profit-loss/ HTTP/1.1" 200 583
INFO 2026-05-28 20:01:10,047 basehttp "GET /api/v1/bi/profit-loss/ HTTP/1.1" 200 583
INFO 2026-05-28 20:01:10,099 basehttp "GET /api/v1/hr/payroll/ HTTP/1.1" 200 4108
INFO 2026-05-28 20:01:10,099 basehttp "GET /api/v1/hr/payroll/ HTTP/1.1" 200 4108
INFO 2026-05-28 20:01:10,114 basehttp "GET /api/v1/financials/petty-cash/ HTTP/1.1" 200 1312
INFO 2026-05-28 20:01:10,114 basehttp "GET /api/v1/financials/petty-cash/ HTTP/1.1" 200 1312
INFO 2026-05-28 20:01:10,198 basehttp "GET /api/v1/financials/invoices/ HTTP/1.1" 200 3121
INFO 2026-05-28 20:01:10,198 basehttp "GET /api/v1/financials/invoices/ HTTP/1.1" 200 3121
INFO 2026-05-28 20:01:10,332 basehttp "GET /api/v1/sales/sales/?page_size=500 HTTP/1.1" 200 7831
INFO 2026-05-28 20:01:10,332 basehttp "GET /api/v1/sales/sales/?page_size=500 HTTP/1.1" 200 7831
INFO 2026-05-28 20:01:10,413 basehttp "GET /api/v1/bi/trends/?days=30 HTTP/1.1" 200 2812
INFO 2026-05-28 20:01:10,413 basehttp "GET /api/v1/bi/trends/?days=30 HTTP/1.1" 200 2812
INFO 2026-05-28 20:01:12,256 basehttp "GET /api/v1/sales/customers/ HTTP/1.1" 200 2222
INFO 2026-05-28 20:01:12,256 basehttp "GET /api/v1/sales/customers/ HTTP/1.1" 200 2222
INFO 2026-05-28 20:01:12,274 basehttp "GET /api/v1/financials/loans/ HTTP/1.1" 200 473
INFO 2026-05-28 20:01:12,274 basehttp "GET /api/v1/financials/loans/ HTTP/1.1" 200 473
INFO 2026-05-28 20:01:12,290 basehttp "GET /api/v1/bi/profit-loss/ HTTP/1.1" 200 583
INFO 2026-05-28 20:01:12,290 basehttp "GET /api/v1/bi/profit-loss/ HTTP/1.1" 200 583
INFO 2026-05-28 20:01:12,364 basehttp "GET /api/v1/financials/cash-flow/ HTTP/1.1" 200 1962
INFO 2026-05-28 20:01:12,364 basehttp "GET /api/v1/financials/cash-flow/ HTTP/1.1" 200 1962
INFO 2026-05-28 20:01:12,369 basehttp "GET /api/v1/financials/transactions/ HTTP/1.1" 200 4536
INFO 2026-05-28 20:01:12,369 basehttp "GET /api/v1/financials/transactions/ HTTP/1.1" 200 4536
INFO 2026-05-28 20:01:12,400 basehttp "GET /api/v1/financials/petty-cash/ HTTP/1.1" 200 1312
INFO 2026-05-28 20:01:12,400 basehttp "GET /api/v1/financials/petty-cash/ HTTP/1.1" 200 1312
INFO 2026-05-28 20:01:12,483 basehttp "GET /api/v1/financials/invoices/ HTTP/1.1" 200 3121
INFO 2026-05-28 20:01:12,483 basehttp "GET /api/v1/financials/invoices/ HTTP/1.1" 200 3121
INFO 2026-05-28 20:01:12,585 basehttp "GET /api/v1/hr/payroll/ HTTP/1.1" 200 4108
INFO 2026-05-28 20:01:12,585 basehttp "GET /api/v1/hr/payroll/ HTTP/1.1" 200 4108
INFO 2026-05-28 20:01:12,691 basehttp "GET /api/v1/sales/sales/?page_size=500 HTTP/1.1" 200 7831
INFO 2026-05-28 20:01:12,691 basehttp "GET /api/v1/sales/sales/?page_size=500 HTTP/1.1" 200 7831
INFO 2026-05-28 20:01:12,762 basehttp "GET /api/v1/bi/trends/?days=30 HTTP/1.1" 200 2812
INFO 2026-05-28 20:01:12,762 basehttp "GET /api/v1/bi/trends/?days=30 HTTP/1.1" 200 2812
INFO 2026-05-28 20:01:15,473 basehttp "GET /api/v1/financials/loans/ HTTP/1.1" 200 473
INFO 2026-05-28 20:01:15,473 basehttp "GET /api/v1/financials/loans/ HTTP/1.1" 200 473
INFO 2026-05-28 20:01:15,537 basehttp "GET /api/v1/financials/cash-flow/ HTTP/1.1" 200 1962
INFO 2026-05-28 20:01:15,537 basehttp "GET /api/v1/financials/cash-flow/ HTTP/1.1" 200 1962
INFO 2026-05-28 20:01:15,576 basehttp "GET /api/v1/bi/profit-loss/ HTTP/1.1" 200 583
INFO 2026-05-28 20:01:15,576 basehttp "GET /api/v1/bi/profit-loss/ HTTP/1.1" 200 583
INFO 2026-05-28 20:01:15,607 basehttp "GET /api/v1/sales/customers/ HTTP/1.1" 200 2222
INFO 2026-05-28 20:01:15,607 basehttp "GET /api/v1/sales/customers/ HTTP/1.1" 200 2222
INFO 2026-05-28 20:01:15,629 basehttp "GET /api/v1/financials/transactions/ HTTP/1.1" 200 4536
INFO 2026-05-28 20:01:15,629 basehttp "GET /api/v1/financials/transactions/ HTTP/1.1" 200 4536
INFO 2026-05-28 20:01:15,654 basehttp "GET /api/v1/financials/petty-cash/ HTTP/1.1" 200 1312
INFO 2026-05-28 20:01:15,654 basehttp "GET /api/v1/financials/petty-cash/ HTTP/1.1" 200 1312
INFO 2026-05-28 20:01:15,788 basehttp "GET /api/v1/financials/invoices/ HTTP/1.1" 200 3121
INFO 2026-05-28 20:01:15,788 basehttp "GET /api/v1/financials/invoices/ HTTP/1.1" 200 3121
INFO 2026-05-28 20:01:15,853 basehttp "GET /api/v1/hr/payroll/ HTTP/1.1" 200 4108
INFO 2026-05-28 20:01:15,853 basehttp "GET /api/v1/hr/payroll/ HTTP/1.1" 200 4108
INFO 2026-05-28 20:01:15,957 basehttp "GET /api/v1/sales/sales/?page_size=500 HTTP/1.1" 200 7831
INFO 2026-05-28 20:01:15,957 basehttp "GET /api/v1/sales/sales/?page_size=500 HTTP/1.1" 200 7831
INFO 2026-05-28 20:01:16,006 basehttp "GET /api/v1/bi/trends/?days=30 HTTP/1.1" 200 2812
INFO 2026-05-28 20:01:16,006 basehttp "GET /api/v1/bi/trends/?days=30 HTTP/1.1" 200 2812
