INFO 2026-05-20 10:29:05,017 autoreload Watching for file changes with StatReloader
INFO 2026-05-20 10:29:05,017 autoreload Watching for file changes with StatReloader
INFO 2026-05-20 10:29:58,825 basehttp "GET /api/docs/ HTTP/1.1" 200 4645
INFO 2026-05-20 10:29:58,825 basehttp "GET /api/docs/ HTTP/1.1" 200 4645
INFO 2026-05-20 10:30:01,602 basehttp "GET /api/schema/ HTTP/1.1" 200 317008
INFO 2026-05-20 10:30:01,602 basehttp "GET /api/schema/ HTTP/1.1" 200 317008
INFO 2026-05-20 10:31:20,953 basehttp "OPTIONS /api/v1/auth/login/ HTTP/1.1" 200 0
INFO 2026-05-20 10:31:20,953 basehttp "OPTIONS /api/v1/auth/login/ HTTP/1.1" 200 0
WARNING 2026-05-20 10:31:21,011 basehttp "POST /api/v1/auth/login/ HTTP/1.1" 401 183
WARNING 2026-05-20 10:31:21,011 basehttp "POST /api/v1/auth/login/ HTTP/1.1" 401 183
INFO 2026-05-20 10:31:21,024 basehttp "OPTIONS /api/v1/auth/refresh/ HTTP/1.1" 200 0
INFO 2026-05-20 10:31:21,024 basehttp "OPTIONS /api/v1/auth/refresh/ HTTP/1.1" 200 0
WARNING 2026-05-20 10:31:21,043 basehttp "POST /api/v1/auth/refresh/ HTTP/1.1" 401 58
WARNING 2026-05-20 10:31:21,043 basehttp "POST /api/v1/auth/refresh/ HTTP/1.1" 401 58
INFO 2026-05-20 10:32:04,627 basehttp "POST /api/v1/auth/login/ HTTP/1.1" 200 797
INFO 2026-05-20 10:32:04,627 basehttp "POST /api/v1/auth/login/ HTTP/1.1" 200 797
INFO 2026-05-20 10:32:16,134 basehttp "OPTIONS /api/v1/bi/dashboard/ HTTP/1.1" 200 0
INFO 2026-05-20 10:32:16,134 basehttp "OPTIONS /api/v1/bi/dashboard/ HTTP/1.1" 200 0
INFO 2026-05-20 10:32:16,151 basehttp "OPTIONS /api/v1/bi/trends/?days=180 HTTP/1.1" 200 0
INFO 2026-05-20 10:32:16,151 basehttp "OPTIONS /api/v1/bi/trends/?days=180 HTTP/1.1" 200 0
INFO 2026-05-20 10:32:16,156 basehttp "OPTIONS /api/v1/inventory/products/low-stock/ HTTP/1.1" 200 0
INFO 2026-05-20 10:32:16,156 basehttp "OPTIONS /api/v1/inventory/products/low-stock/ HTTP/1.1" 200 0
INFO 2026-05-20 10:32:16,184 basehttp "OPTIONS /api/v1/sales/sales/?limit=10 HTTP/1.1" 200 0
INFO 2026-05-20 10:32:16,184 basehttp "OPTIONS /api/v1/sales/sales/?limit=10 HTTP/1.1" 200 0
INFO 2026-05-20 10:32:16,192 basehttp "OPTIONS /api/v1/inventory/products/low-stock/ HTTP/1.1" 200 0
INFO 2026-05-20 10:32:16,192 basehttp "OPTIONS /api/v1/inventory/products/low-stock/ HTTP/1.1" 200 0
INFO 2026-05-20 10:32:16,167 basehttp "OPTIONS /api/v1/bi/trends/?days=180 HTTP/1.1" 200 0
INFO 2026-05-20 10:32:16,167 basehttp "OPTIONS /api/v1/bi/trends/?days=180 HTTP/1.1" 200 0
INFO 2026-05-20 10:32:16,209 basehttp "OPTIONS /api/v1/sales/sales/?limit=10 HTTP/1.1" 200 0
INFO 2026-05-20 10:32:16,209 basehttp "OPTIONS /api/v1/sales/sales/?limit=10 HTTP/1.1" 200 0
INFO 2026-05-20 10:32:16,400 basehttp "GET /api/v1/inventory/products/low-stock/ HTTP/1.1" 200 549
INFO 2026-05-20 10:32:16,400 basehttp "GET /api/v1/inventory/products/low-stock/ HTTP/1.1" 200 549
INFO 2026-05-20 10:32:16,485 basehttp "GET /api/v1/bi/dashboard/ HTTP/1.1" 200 633
INFO 2026-05-20 10:32:16,485 basehttp "GET /api/v1/bi/dashboard/ HTTP/1.1" 200 633
INFO 2026-05-20 10:32:16,673 basehttp "GET /api/v1/sales/sales/?limit=10 HTTP/1.1" 200 5404
INFO 2026-05-20 10:32:16,673 basehttp "GET /api/v1/sales/sales/?limit=10 HTTP/1.1" 200 5404
INFO 2026-05-20 10:32:16,684 basehttp "GET /api/v1/inventory/products/low-stock/ HTTP/1.1" 200 549
INFO 2026-05-20 10:32:16,684 basehttp "GET /api/v1/inventory/products/low-stock/ HTTP/1.1" 200 549
INFO 2026-05-20 10:32:16,808 basehttp "GET /api/v1/bi/dashboard/ HTTP/1.1" 200 633
INFO 2026-05-20 10:32:16,808 basehttp "GET /api/v1/bi/dashboard/ HTTP/1.1" 200 633
INFO 2026-05-20 10:32:16,843 basehttp "GET /api/v1/sales/sales/?limit=10 HTTP/1.1" 200 5404
INFO 2026-05-20 10:32:16,843 basehttp "GET /api/v1/sales/sales/?limit=10 HTTP/1.1" 200 5404
INFO 2026-05-20 10:32:17,674 basehttp "GET /api/v1/bi/trends/?days=180 HTTP/1.1" 200 12366
INFO 2026-05-20 10:32:17,674 basehttp "GET /api/v1/bi/trends/?days=180 HTTP/1.1" 200 12366
INFO 2026-05-20 10:32:18,417 basehttp "GET /api/v1/bi/trends/?days=180 HTTP/1.1" 200 12366
INFO 2026-05-20 10:32:18,417 basehttp "GET /api/v1/bi/trends/?days=180 HTTP/1.1" 200 12366
INFO 2026-05-20 11:09:20,107 basehttp "POST /api/v1/auth/login/ HTTP/1.1" 200 797
INFO 2026-05-20 11:09:20,107 basehttp "POST /api/v1/auth/login/ HTTP/1.1" 200 797
INFO 2026-05-20 11:09:31,240 basehttp "GET /api/v1/inventory/products/low-stock/ HTTP/1.1" 200 549
INFO 2026-05-20 11:09:31,240 basehttp "GET /api/v1/inventory/products/low-stock/ HTTP/1.1" 200 549
INFO 2026-05-20 11:09:31,305 basehttp "GET /api/v1/bi/dashboard/ HTTP/1.1" 200 633
INFO 2026-05-20 11:09:31,305 basehttp "GET /api/v1/bi/dashboard/ HTTP/1.1" 200 633
INFO 2026-05-20 11:09:31,375 basehttp "GET /api/v1/inventory/products/low-stock/ HTTP/1.1" 200 549
INFO 2026-05-20 11:09:31,375 basehttp "GET /api/v1/inventory/products/low-stock/ HTTP/1.1" 200 549
INFO 2026-05-20 11:09:31,391 basehttp "GET /api/v1/sales/sales/?limit=10 HTTP/1.1" 200 5404
INFO 2026-05-20 11:09:31,391 basehttp "GET /api/v1/sales/sales/?limit=10 HTTP/1.1" 200 5404
INFO 2026-05-20 11:09:31,457 basehttp "GET /api/v1/bi/dashboard/ HTTP/1.1" 200 633
INFO 2026-05-20 11:09:31,457 basehttp "GET /api/v1/bi/dashboard/ HTTP/1.1" 200 633
INFO 2026-05-20 11:09:31,738 basehttp "GET /api/v1/sales/sales/?limit=10 HTTP/1.1" 200 5404
INFO 2026-05-20 11:09:31,738 basehttp "GET /api/v1/sales/sales/?limit=10 HTTP/1.1" 200 5404
INFO 2026-05-20 11:09:32,501 basehttp "GET /api/v1/bi/trends/?days=180 HTTP/1.1" 200 12366
INFO 2026-05-20 11:09:32,501 basehttp "GET /api/v1/bi/trends/?days=180 HTTP/1.1" 200 12366
INFO 2026-05-20 11:09:33,203 basehttp "GET /api/v1/bi/trends/?days=180 HTTP/1.1" 200 12366
INFO 2026-05-20 11:09:33,203 basehttp "GET /api/v1/bi/trends/?days=180 HTTP/1.1" 200 12366
WARNING 2026-05-20 11:17:08,939 basehttp "GET /api/v1/auth/profile/ HTTP/1.1" 401 58
WARNING 2026-05-20 11:17:08,939 basehttp "GET /api/v1/auth/profile/ HTTP/1.1" 401 58
INFO 2026-05-20 11:18:04,508 basehttp "POST /api/v1/auth/login/ HTTP/1.1" 200 798
INFO 2026-05-20 11:18:04,508 basehttp "POST /api/v1/auth/login/ HTTP/1.1" 200 798
WARNING 2026-05-20 11:19:06,875 basehttp "GET /api/v1/financials/transactions/ HTTP/1.1" 403 63
WARNING 2026-05-20 11:19:06,875 basehttp "GET /api/v1/financials/transactions/ HTTP/1.1" 403 63
INFO 2026-05-20 11:22:16,228 basehttp "POST /api/v1/auth/login/ HTTP/1.1" 200 797
INFO 2026-05-20 11:22:16,228 basehttp "POST /api/v1/auth/login/ HTTP/1.1" 200 797
INFO 2026-05-20 11:22:18,956 basehttp "GET /api/v1/inventory/products/low-stock/ HTTP/1.1" 200 549
INFO 2026-05-20 11:22:18,956 basehttp "GET /api/v1/inventory/products/low-stock/ HTTP/1.1" 200 549
INFO 2026-05-20 11:22:19,023 basehttp "GET /api/v1/bi/dashboard/ HTTP/1.1" 200 633
INFO 2026-05-20 11:22:19,023 basehttp "GET /api/v1/bi/dashboard/ HTTP/1.1" 200 633
INFO 2026-05-20 11:22:19,078 basehttp "GET /api/v1/inventory/products/low-stock/ HTTP/1.1" 200 549
INFO 2026-05-20 11:22:19,078 basehttp "GET /api/v1/inventory/products/low-stock/ HTTP/1.1" 200 549
INFO 2026-05-20 11:22:19,150 basehttp "GET /api/v1/sales/sales/?limit=10 HTTP/1.1" 200 5404
INFO 2026-05-20 11:22:19,150 basehttp "GET /api/v1/sales/sales/?limit=10 HTTP/1.1" 200 5404
INFO 2026-05-20 11:22:19,225 basehttp "GET /api/v1/bi/dashboard/ HTTP/1.1" 200 633
INFO 2026-05-20 11:22:19,225 basehttp "GET /api/v1/bi/dashboard/ HTTP/1.1" 200 633
INFO 2026-05-20 11:22:19,348 basehttp "GET /api/v1/sales/sales/?limit=10 HTTP/1.1" 200 5404
INFO 2026-05-20 11:22:19,348 basehttp "GET /api/v1/sales/sales/?limit=10 HTTP/1.1" 200 5404
INFO 2026-05-20 11:22:20,117 basehttp "GET /api/v1/bi/trends/?days=180 HTTP/1.1" 200 12366
INFO 2026-05-20 11:22:20,117 basehttp "GET /api/v1/bi/trends/?days=180 HTTP/1.1" 200 12366
INFO 2026-05-20 11:22:20,969 basehttp "GET /api/v1/bi/trends/?days=180 HTTP/1.1" 200 12366
INFO 2026-05-20 11:22:20,969 basehttp "GET /api/v1/bi/trends/?days=180 HTTP/1.1" 200 12366
WARNING 2026-05-20 11:40:00,075 basehttp "POST /api/v1/auth/login/ HTTP/1.1" 401 183
WARNING 2026-05-20 11:40:00,075 basehttp "POST /api/v1/auth/login/ HTTP/1.1" 401 183
INFO 2026-05-20 11:40:12,594 basehttp "POST /api/v1/auth/login/ HTTP/1.1" 200 797
INFO 2026-05-20 11:40:12,594 basehttp "POST /api/v1/auth/login/ HTTP/1.1" 200 797
INFO 2026-05-20 11:42:17,508 basehttp "POST /api/v1/auth/login/ HTTP/1.1" 200 798
INFO 2026-05-20 11:42:17,508 basehttp "POST /api/v1/auth/login/ HTTP/1.1" 200 798
WARNING 2026-05-20 11:42:39,612 basehttp "GET /api/v1/bi/executive/ HTTP/1.1" 401 58
WARNING 2026-05-20 11:42:39,612 basehttp "GET /api/v1/bi/executive/ HTTP/1.1" 401 58
WARNING 2026-05-20 11:43:11,977 basehttp "GET /api/v1/bi/executive/ HTTP/1.1" 403 63
WARNING 2026-05-20 11:43:11,977 basehttp "GET /api/v1/bi/executive/ HTTP/1.1" 403 63
WARNING 2026-05-20 11:43:28,217 basehttp "GET /api/v1/financials/transactions/ HTTP/1.1" 403 63
WARNING 2026-05-20 11:43:28,217 basehttp "GET /api/v1/financials/transactions/ HTTP/1.1" 403 63
INFO 2026-05-20 11:45:28,103 basehttp "POST /api/v1/auth/login/ HTTP/1.1" 200 797
INFO 2026-05-20 11:45:28,103 basehttp "POST /api/v1/auth/login/ HTTP/1.1" 200 797
INFO 2026-05-20 11:45:30,045 basehttp "GET /api/v1/inventory/products/low-stock/ HTTP/1.1" 200 549
INFO 2026-05-20 11:45:30,045 basehttp "GET /api/v1/inventory/products/low-stock/ HTTP/1.1" 200 549
INFO 2026-05-20 11:45:30,309 basehttp "GET /api/v1/inventory/products/low-stock/ HTTP/1.1" 200 549
INFO 2026-05-20 11:45:30,309 basehttp "GET /api/v1/inventory/products/low-stock/ HTTP/1.1" 200 549
INFO 2026-05-20 11:45:30,396 basehttp "GET /api/v1/bi/dashboard/ HTTP/1.1" 200 633
INFO 2026-05-20 11:45:30,396 basehttp "GET /api/v1/bi/dashboard/ HTTP/1.1" 200 633
INFO 2026-05-20 11:45:30,443 basehttp "GET /api/v1/sales/sales/?limit=10 HTTP/1.1" 200 5404
INFO 2026-05-20 11:45:30,443 basehttp "GET /api/v1/sales/sales/?limit=10 HTTP/1.1" 200 5404
INFO 2026-05-20 11:45:30,569 basehttp "GET /api/v1/bi/dashboard/ HTTP/1.1" 200 633
INFO 2026-05-20 11:45:30,569 basehttp "GET /api/v1/bi/dashboard/ HTTP/1.1" 200 633
INFO 2026-05-20 11:45:30,640 basehttp "GET /api/v1/sales/sales/?limit=10 HTTP/1.1" 200 5404
INFO 2026-05-20 11:45:30,640 basehttp "GET /api/v1/sales/sales/?limit=10 HTTP/1.1" 200 5404
INFO 2026-05-20 11:45:31,596 basehttp "GET /api/v1/bi/trends/?days=180 HTTP/1.1" 200 12366
INFO 2026-05-20 11:45:31,596 basehttp "GET /api/v1/bi/trends/?days=180 HTTP/1.1" 200 12366
INFO 2026-05-20 11:45:33,017 basehttp "GET /api/v1/bi/trends/?days=180 HTTP/1.1" 200 12366
INFO 2026-05-20 11:45:33,017 basehttp "GET /api/v1/bi/trends/?days=180 HTTP/1.1" 200 12366
INFO 2026-05-20 11:45:52,282 basehttp "OPTIONS /api/v1/inventory/products/ HTTP/1.1" 200 0
INFO 2026-05-20 11:45:52,282 basehttp "OPTIONS /api/v1/inventory/products/ HTTP/1.1" 200 0
INFO 2026-05-20 11:45:52,283 basehttp "OPTIONS /api/v1/sales/customers/ HTTP/1.1" 200 0
INFO 2026-05-20 11:45:52,283 basehttp "OPTIONS /api/v1/sales/customers/ HTTP/1.1" 200 0
INFO 2026-05-20 11:45:52,283 basehttp "OPTIONS /api/v1/sales/customers/ HTTP/1.1" 200 0
INFO 2026-05-20 11:45:52,283 basehttp "OPTIONS /api/v1/sales/customers/ HTTP/1.1" 200 0
INFO 2026-05-20 11:45:52,282 basehttp "OPTIONS /api/v1/inventory/products/ HTTP/1.1" 200 0
INFO 2026-05-20 11:45:52,282 basehttp "OPTIONS /api/v1/inventory/products/ HTTP/1.1" 200 0
INFO 2026-05-20 11:45:52,534 basehttp "GET /api/v1/sales/customers/ HTTP/1.1" 200 1973
INFO 2026-05-20 11:45:52,534 basehttp "GET /api/v1/sales/customers/ HTTP/1.1" 200 1973
INFO 2026-05-20 11:45:52,623 basehttp "GET /api/v1/sales/customers/ HTTP/1.1" 200 1973
INFO 2026-05-20 11:45:52,623 basehttp "GET /api/v1/sales/customers/ HTTP/1.1" 200 1973
INFO 2026-05-20 11:45:52,646 basehttp "GET /api/v1/inventory/products/ HTTP/1.1" 200 1612
INFO 2026-05-20 11:45:52,646 basehttp "GET /api/v1/inventory/products/ HTTP/1.1" 200 1612
INFO 2026-05-20 11:45:52,748 basehttp "GET /api/v1/inventory/products/ HTTP/1.1" 200 1612
INFO 2026-05-20 11:45:52,748 basehttp "GET /api/v1/inventory/products/ HTTP/1.1" 200 1612
INFO 2026-05-20 11:46:08,001 basehttp "GET /api/v1/inventory/products/ HTTP/1.1" 200 1612
INFO 2026-05-20 11:46:08,001 basehttp "GET /api/v1/inventory/products/ HTTP/1.1" 200 1612
INFO 2026-05-20 11:46:08,107 basehttp "GET /api/v1/inventory/products/ HTTP/1.1" 200 1612
INFO 2026-05-20 11:46:08,107 basehttp "GET /api/v1/inventory/products/ HTTP/1.1" 200 1612
INFO 2026-05-20 11:46:21,467 basehttp "GET /api/v1/sales/customers/ HTTP/1.1" 200 1973
INFO 2026-05-20 11:46:21,467 basehttp "GET /api/v1/sales/customers/ HTTP/1.1" 200 1973
INFO 2026-05-20 11:46:21,497 basehttp "GET /api/v1/inventory/products/ HTTP/1.1" 200 1612
INFO 2026-05-20 11:46:21,497 basehttp "GET /api/v1/inventory/products/ HTTP/1.1" 200 1612
INFO 2026-05-20 11:46:21,622 basehttp "GET /api/v1/sales/customers/ HTTP/1.1" 200 1973
INFO 2026-05-20 11:46:21,622 basehttp "GET /api/v1/sales/customers/ HTTP/1.1" 200 1973
INFO 2026-05-20 11:46:21,645 basehttp "GET /api/v1/inventory/products/ HTTP/1.1" 200 1612
INFO 2026-05-20 11:46:21,645 basehttp "GET /api/v1/inventory/products/ HTTP/1.1" 200 1612
INFO 2026-05-20 11:47:56,215 basehttp "OPTIONS /api/v1/sales/sales/process/ HTTP/1.1" 200 0
INFO 2026-05-20 11:47:56,215 basehttp "OPTIONS /api/v1/sales/sales/process/ HTTP/1.1" 200 0
INFO 2026-05-20 11:47:56,335 basehttp "POST /api/v1/sales/sales/process/ HTTP/1.1" 201 1044
INFO 2026-05-20 11:47:56,335 basehttp "POST /api/v1/sales/sales/process/ HTTP/1.1" 201 1044
INFO 2026-05-20 11:47:56,411 basehttp "GET /api/v1/sales/customers/ HTTP/1.1" 200 2186
INFO 2026-05-20 11:47:56,411 basehttp "GET /api/v1/sales/customers/ HTTP/1.1" 200 2186
INFO 2026-05-20 11:47:56,445 basehttp "GET /api/v1/inventory/products/ HTTP/1.1" 200 1612
INFO 2026-05-20 11:47:56,445 basehttp "GET /api/v1/inventory/products/ HTTP/1.1" 200 1612
INFO 2026-05-20 11:48:07,545 basehttp "GET /api/v1/inventory/products/low-stock/ HTTP/1.1" 200 549
INFO 2026-05-20 11:48:07,545 basehttp "GET /api/v1/inventory/products/low-stock/ HTTP/1.1" 200 549
INFO 2026-05-20 11:48:07,562 basehttp "GET /api/v1/bi/dashboard/ HTTP/1.1" 200 626
INFO 2026-05-20 11:48:07,562 basehttp "GET /api/v1/bi/dashboard/ HTTP/1.1" 200 626
INFO 2026-05-20 11:48:07,701 basehttp "GET /api/v1/inventory/products/low-stock/ HTTP/1.1" 200 549
INFO 2026-05-20 11:48:07,701 basehttp "GET /api/v1/inventory/products/low-stock/ HTTP/1.1" 200 549
INFO 2026-05-20 11:48:07,808 basehttp "GET /api/v1/sales/sales/?limit=10 HTTP/1.1" 200 6174
INFO 2026-05-20 11:48:07,808 basehttp "GET /api/v1/sales/sales/?limit=10 HTTP/1.1" 200 6174
INFO 2026-05-20 11:48:07,918 basehttp "GET /api/v1/bi/dashboard/ HTTP/1.1" 200 626
INFO 2026-05-20 11:48:07,918 basehttp "GET /api/v1/bi/dashboard/ HTTP/1.1" 200 626
INFO 2026-05-20 11:48:08,068 basehttp "GET /api/v1/sales/sales/?limit=10 HTTP/1.1" 200 6174
INFO 2026-05-20 11:48:08,068 basehttp "GET /api/v1/sales/sales/?limit=10 HTTP/1.1" 200 6174
INFO 2026-05-20 11:48:08,790 basehttp "GET /api/v1/bi/trends/?days=180 HTTP/1.1" 200 12366
INFO 2026-05-20 11:48:08,790 basehttp "GET /api/v1/bi/trends/?days=180 HTTP/1.1" 200 12366
INFO 2026-05-20 11:48:09,407 basehttp "GET /api/v1/bi/trends/?days=180 HTTP/1.1" 200 12366
INFO 2026-05-20 11:48:09,407 basehttp "GET /api/v1/bi/trends/?days=180 HTTP/1.1" 200 12366
INFO 2026-05-20 11:48:22,065 basehttp "GET /api/v1/inventory/products/ HTTP/1.1" 200 1612
INFO 2026-05-20 11:48:22,065 basehttp "GET /api/v1/inventory/products/ HTTP/1.1" 200 1612
INFO 2026-05-20 11:48:22,135 basehttp "GET /api/v1/inventory/products/ HTTP/1.1" 200 1612
INFO 2026-05-20 11:48:22,135 basehttp "GET /api/v1/inventory/products/ HTTP/1.1" 200 1612
INFO 2026-05-20 11:48:32,409 basehttp "GET /api/v1/sales/customers/ HTTP/1.1" 200 2186
INFO 2026-05-20 11:48:32,409 basehttp "GET /api/v1/sales/customers/ HTTP/1.1" 200 2186
INFO 2026-05-20 11:48:32,441 basehttp "GET /api/v1/inventory/products/ HTTP/1.1" 200 1612
INFO 2026-05-20 11:48:32,441 basehttp "GET /api/v1/inventory/products/ HTTP/1.1" 200 1612
INFO 2026-05-20 11:48:32,623 basehttp "GET /api/v1/sales/customers/ HTTP/1.1" 200 2186
INFO 2026-05-20 11:48:32,623 basehttp "GET /api/v1/sales/customers/ HTTP/1.1" 200 2186
INFO 2026-05-20 11:48:32,654 basehttp "GET /api/v1/inventory/products/ HTTP/1.1" 200 1612
INFO 2026-05-20 11:48:32,654 basehttp "GET /api/v1/inventory/products/ HTTP/1.1" 200 1612
INFO 2026-05-20 11:48:52,320 basehttp "OPTIONS /api/v1/financials/transactions/?page=1&page_size=20 HTTP/1.1" 200 0
INFO 2026-05-20 11:48:52,320 basehttp "OPTIONS /api/v1/financials/transactions/?page=1&page_size=20 HTTP/1.1" 200 0
INFO 2026-05-20 11:48:52,321 basehttp "OPTIONS /api/v1/financials/transactions/?page=1&page_size=20 HTTP/1.1" 200 0
INFO 2026-05-20 11:48:52,321 basehttp "OPTIONS /api/v1/financials/transactions/?page=1&page_size=20 HTTP/1.1" 200 0
INFO 2026-05-20 11:48:52,515 basehttp "GET /api/v1/financials/transactions/?page=1&page_size=20 HTTP/1.1" 200 7996
INFO 2026-05-20 11:48:52,515 basehttp "GET /api/v1/financials/transactions/?page=1&page_size=20 HTTP/1.1" 200 7996
INFO 2026-05-20 11:48:52,688 basehttp "GET /api/v1/financials/transactions/?page=1&page_size=20 HTTP/1.1" 200 7996
INFO 2026-05-20 11:48:52,688 basehttp "GET /api/v1/financials/transactions/?page=1&page_size=20 HTTP/1.1" 200 7996
INFO 2026-05-20 11:49:52,375 basehttp "OPTIONS /api/v1/financials/transactions/ HTTP/1.1" 200 0
INFO 2026-05-20 11:49:52,375 basehttp "OPTIONS /api/v1/financials/transactions/ HTTP/1.1" 200 0
INFO 2026-05-20 11:49:52,467 basehttp "POST /api/v1/financials/transactions/ HTTP/1.1" 201 435
INFO 2026-05-20 11:49:52,467 basehttp "POST /api/v1/financials/transactions/ HTTP/1.1" 201 435
INFO 2026-05-20 11:49:52,647 basehttp "GET /api/v1/financials/transactions/?page=1&page_size=20 HTTP/1.1" 200 8432
INFO 2026-05-20 11:49:52,647 basehttp "GET /api/v1/financials/transactions/?page=1&page_size=20 HTTP/1.1" 200 8432
INFO 2026-05-20 11:50:04,016 basehttp "OPTIONS /api/v1/financials/invoices/?page=1&page_size=20&status=&start_date=&end_date= HTTP/1.1" 200 0
INFO 2026-05-20 11:50:04,016 basehttp "OPTIONS /api/v1/financials/invoices/?page=1&page_size=20&status=&start_date=&end_date= HTTP/1.1" 200 0
INFO 2026-05-20 11:50:04,030 basehttp "OPTIONS /api/v1/financials/invoices/?page=1&page_size=20&status=&start_date=&end_date= HTTP/1.1" 200 0
INFO 2026-05-20 11:50:04,030 basehttp "OPTIONS /api/v1/financials/invoices/?page=1&page_size=20&status=&start_date=&end_date= HTTP/1.1" 200 0
INFO 2026-05-20 11:50:04,215 basehttp "GET /api/v1/sales/customers/ HTTP/1.1" 200 2186
INFO 2026-05-20 11:50:04,215 basehttp "GET /api/v1/sales/customers/ HTTP/1.1" 200 2186
INFO 2026-05-20 11:50:04,248 basehttp "GET /api/v1/inventory/products/ HTTP/1.1" 200 1612
INFO 2026-05-20 11:50:04,248 basehttp "GET /api/v1/inventory/products/ HTTP/1.1" 200 1612
INFO 2026-05-20 11:50:04,282 basehttp "GET /api/v1/financials/invoices/?page=1&page_size=20&status=&start_date=&end_date= HTTP/1.1" 200 2105
INFO 2026-05-20 11:50:04,282 basehttp "GET /api/v1/financials/invoices/?page=1&page_size=20&status=&start_date=&end_date= HTTP/1.1" 200 2105
INFO 2026-05-20 11:50:04,339 basehttp "GET /api/v1/sales/customers/ HTTP/1.1" 200 2186
INFO 2026-05-20 11:50:04,339 basehttp "GET /api/v1/sales/customers/ HTTP/1.1" 200 2186
INFO 2026-05-20 11:50:04,444 basehttp "GET /api/v1/inventory/products/ HTTP/1.1" 200 1612
INFO 2026-05-20 11:50:04,444 basehttp "GET /api/v1/inventory/products/ HTTP/1.1" 200 1612
INFO 2026-05-20 11:50:04,448 basehttp "GET /api/v1/financials/invoices/?page=1&page_size=20&status=&start_date=&end_date= HTTP/1.1" 200 2105
INFO 2026-05-20 11:50:04,448 basehttp "GET /api/v1/financials/invoices/?page=1&page_size=20&status=&start_date=&end_date= HTTP/1.1" 200 2105
INFO 2026-05-20 11:50:36,145 basehttp "OPTIONS /api/v1/financials/invoices/ HTTP/1.1" 200 0
INFO 2026-05-20 11:50:36,145 basehttp "OPTIONS /api/v1/financials/invoices/ HTTP/1.1" 200 0
WARNING 2026-05-20 11:50:36,182 basehttp "POST /api/v1/financials/invoices/ HTTP/1.1" 400 73
WARNING 2026-05-20 11:50:36,182 basehttp "POST /api/v1/financials/invoices/ HTTP/1.1" 400 73
WARNING 2026-05-20 11:50:49,777 basehttp "POST /api/v1/financials/invoices/ HTTP/1.1" 400 73
WARNING 2026-05-20 11:50:49,777 basehttp "POST /api/v1/financials/invoices/ HTTP/1.1" 400 73
INFO 2026-05-20 11:50:58,451 basehttp "POST /api/v1/financials/invoices/ HTTP/1.1" 201 499
INFO 2026-05-20 11:50:58,451 basehttp "POST /api/v1/financials/invoices/ HTTP/1.1" 201 499
INFO 2026-05-20 11:50:58,590 basehttp "GET /api/v1/sales/customers/ HTTP/1.1" 200 2186
INFO 2026-05-20 11:50:58,590 basehttp "GET /api/v1/sales/customers/ HTTP/1.1" 200 2186
INFO 2026-05-20 11:50:58,654 basehttp "GET /api/v1/financials/invoices/?page=1&page_size=20&status=&start_date=&end_date= HTTP/1.1" 200 2605
INFO 2026-05-20 11:50:58,654 basehttp "GET /api/v1/financials/invoices/?page=1&page_size=20&status=&start_date=&end_date= HTTP/1.1" 200 2605
INFO 2026-05-20 11:50:58,667 basehttp "GET /api/v1/inventory/products/ HTTP/1.1" 200 1612
INFO 2026-05-20 11:50:58,667 basehttp "GET /api/v1/inventory/products/ HTTP/1.1" 200 1612
INFO 2026-05-20 11:51:19,612 basehttp "OPTIONS /api/v1/financials/invoices/7/pay/ HTTP/1.1" 200 0
INFO 2026-05-20 11:51:19,612 basehttp "OPTIONS /api/v1/financials/invoices/7/pay/ HTTP/1.1" 200 0
INFO 2026-05-20 11:51:19,642 basehttp "POST /api/v1/financials/invoices/7/pay/ HTTP/1.1" 200 43
INFO 2026-05-20 11:51:19,642 basehttp "POST /api/v1/financials/invoices/7/pay/ HTTP/1.1" 200 43
INFO 2026-05-20 11:51:19,826 basehttp "GET /api/v1/sales/customers/ HTTP/1.1" 200 2186
INFO 2026-05-20 11:51:19,826 basehttp "GET /api/v1/sales/customers/ HTTP/1.1" 200 2186
INFO 2026-05-20 11:51:19,850 basehttp "GET /api/v1/financials/invoices/?page=1&page_size=20&status=&start_date=&end_date= HTTP/1.1" 200 2612
INFO 2026-05-20 11:51:19,850 basehttp "GET /api/v1/financials/invoices/?page=1&page_size=20&status=&start_date=&end_date= HTTP/1.1" 200 2612
INFO 2026-05-20 11:51:19,914 basehttp "GET /api/v1/inventory/products/ HTTP/1.1" 200 1612
INFO 2026-05-20 11:51:19,914 basehttp "GET /api/v1/inventory/products/ HTTP/1.1" 200 1612
INFO 2026-05-20 11:51:28,116 basehttp "GET /api/v1/inventory/products/low-stock/ HTTP/1.1" 200 549
INFO 2026-05-20 11:51:28,116 basehttp "GET /api/v1/inventory/products/low-stock/ HTTP/1.1" 200 549
INFO 2026-05-20 11:51:28,295 basehttp "GET /api/v1/bi/dashboard/ HTTP/1.1" 200 626
INFO 2026-05-20 11:51:28,298 basehttp "GET /api/v1/inventory/products/low-stock/ HTTP/1.1" 200 549
INFO 2026-05-20 11:51:28,298 basehttp "GET /api/v1/inventory/products/low-stock/ HTTP/1.1" 200 549
INFO 2026-05-20 11:51:28,295 basehttp "GET /api/v1/bi/dashboard/ HTTP/1.1" 200 626
INFO 2026-05-20 11:51:28,430 basehttp "GET /api/v1/sales/sales/?limit=10 HTTP/1.1" 200 6174
INFO 2026-05-20 11:51:28,430 basehttp "GET /api/v1/sales/sales/?limit=10 HTTP/1.1" 200 6174
INFO 2026-05-20 11:51:28,458 basehttp "GET /api/v1/bi/dashboard/ HTTP/1.1" 200 626
INFO 2026-05-20 11:51:28,458 basehttp "GET /api/v1/bi/dashboard/ HTTP/1.1" 200 626
INFO 2026-05-20 11:51:28,717 basehttp "GET /api/v1/sales/sales/?limit=10 HTTP/1.1" 200 6174
INFO 2026-05-20 11:51:28,717 basehttp "GET /api/v1/sales/sales/?limit=10 HTTP/1.1" 200 6174
INFO 2026-05-20 11:51:29,339 basehttp "GET /api/v1/bi/trends/?days=180 HTTP/1.1" 200 12366
INFO 2026-05-20 11:51:29,339 basehttp "GET /api/v1/bi/trends/?days=180 HTTP/1.1" 200 12366
INFO 2026-05-20 11:51:30,159 basehttp "GET /api/v1/bi/trends/?days=180 HTTP/1.1" 200 12366
INFO 2026-05-20 11:51:30,159 basehttp "GET /api/v1/bi/trends/?days=180 HTTP/1.1" 200 12366
