ERROR 2026-05-30 08:53:29,192 log Internal Server Error: /api/v1/inventory/products/
Traceback (most recent call last):
  File "/Users/j/Desktop/BizSMART/Backend/biz/lib/python3.8/site-packages/django/db/models/fields/related_descriptors.py", line 218, in __get__
    rel_obj = self.field.get_cached_value(instance)
  File "/Users/j/Desktop/BizSMART/Backend/biz/lib/python3.8/site-packages/django/db/models/fields/mixins.py", line 15, in get_cached_value
    return instance._state.fields_cache[cache_name]
KeyError: 'category'

During handling of the above exception, another exception occurred:

Traceback (most recent call last):
  File "/Users/j/Desktop/BizSMART/Backend/biz/lib/python3.8/site-packages/django/db/backends/utils.py", line 89, in _execute
    return self.cursor.execute(sql, params)
  File "/Users/j/Desktop/BizSMART/Backend/biz/lib/python3.8/site-packages/django/db/backends/sqlite3/base.py", line 328, in execute
    return super().execute(query, params)
sqlite3.OperationalError: no such column: inventory_category.is_active

The above exception was the direct cause of the following exception:

Traceback (most recent call last):
  File "/Users/j/Desktop/BizSMART/Backend/biz/lib/python3.8/site-packages/django/core/handlers/exception.py", line 55, in inner
    response = get_response(request)
  File "/Users/j/Desktop/BizSMART/Backend/biz/lib/python3.8/site-packages/django/core/handlers/base.py", line 197, in _get_response
    response = wrapped_callback(request, *callback_args, **callback_kwargs)
  File "/Users/j/Desktop/BizSMART/Backend/biz/lib/python3.8/site-packages/django/views/decorators/csrf.py", line 56, in wrapper_view
    return view_func(*args, **kwargs)
  File "/Users/j/Desktop/BizSMART/Backend/biz/lib/python3.8/site-packages/django/views/generic/base.py", line 105, in view
    return self.dispatch(request, *args, **kwargs)
  File "/Users/j/Desktop/BizSMART/Backend/biz/lib/python3.8/site-packages/rest_framework/views.py", line 509, in dispatch
    response = self.handle_exception(exc)
  File "/Users/j/Desktop/BizSMART/Backend/biz/lib/python3.8/site-packages/rest_framework/views.py", line 469, in handle_exception
    self.raise_uncaught_exception(exc)
  File "/Users/j/Desktop/BizSMART/Backend/biz/lib/python3.8/site-packages/rest_framework/views.py", line 480, in raise_uncaught_exception
    raise exc
  File "/Users/j/Desktop/BizSMART/Backend/biz/lib/python3.8/site-packages/rest_framework/views.py", line 506, in dispatch
    response = handler(request, *args, **kwargs)
  File "/Users/j/Desktop/BizSMART/Backend/biz/lib/python3.8/site-packages/rest_framework/generics.py", line 243, in get
    return self.list(request, *args, **kwargs)
  File "/Users/j/Desktop/BizSMART/Backend/biz/lib/python3.8/site-packages/rest_framework/mixins.py", line 43, in list
    return self.get_paginated_response(serializer.data)
  File "/Users/j/Desktop/BizSMART/Backend/biz/lib/python3.8/site-packages/rest_framework/serializers.py", line 795, in data
    ret = super().data
  File "/Users/j/Desktop/BizSMART/Backend/biz/lib/python3.8/site-packages/rest_framework/serializers.py", line 249, in data
    self._data = self.to_representation(self.instance)
  File "/Users/j/Desktop/BizSMART/Backend/biz/lib/python3.8/site-packages/rest_framework/serializers.py", line 713, in to_representation
    return [
  File "/Users/j/Desktop/BizSMART/Backend/biz/lib/python3.8/site-packages/rest_framework/serializers.py", line 714, in <listcomp>
    self.child.to_representation(item) for item in iterable
  File "/Users/j/Desktop/BizSMART/Backend/biz/lib/python3.8/site-packages/rest_framework/serializers.py", line 525, in to_representation
    attribute = field.get_attribute(instance)
  File "/Users/j/Desktop/BizSMART/Backend/biz/lib/python3.8/site-packages/rest_framework/fields.py", line 437, in get_attribute
    return get_attribute(instance, self.source_attrs)
  File "/Users/j/Desktop/BizSMART/Backend/biz/lib/python3.8/site-packages/rest_framework/fields.py", line 104, in get_attribute
    instance = getattr(instance, attr)
  File "/Users/j/Desktop/BizSMART/Backend/biz/lib/python3.8/site-packages/django/db/models/fields/related_descriptors.py", line 236, in __get__
    rel_obj = self.get_object(instance)
  File "/Users/j/Desktop/BizSMART/Backend/biz/lib/python3.8/site-packages/django/db/models/fields/related_descriptors.py", line 199, in get_object
    return qs.get(self.field.get_reverse_related_filter(instance))
  File "/Users/j/Desktop/BizSMART/Backend/biz/lib/python3.8/site-packages/django/db/models/query.py", line 635, in get
    num = len(clone)
  File "/Users/j/Desktop/BizSMART/Backend/biz/lib/python3.8/site-packages/django/db/models/query.py", line 382, in __len__
    self._fetch_all()
  File "/Users/j/Desktop/BizSMART/Backend/biz/lib/python3.8/site-packages/django/db/models/query.py", line 1886, in _fetch_all
    self._result_cache = list(self._iterable_class(self))
  File "/Users/j/Desktop/BizSMART/Backend/biz/lib/python3.8/site-packages/django/db/models/query.py", line 93, in __iter__
    results = compiler.execute_sql(
  File "/Users/j/Desktop/BizSMART/Backend/biz/lib/python3.8/site-packages/django/db/models/sql/compiler.py", line 1562, in execute_sql
    cursor.execute(sql, params)
  File "/Users/j/Desktop/BizSMART/Backend/biz/lib/python3.8/site-packages/django/db/backends/utils.py", line 102, in execute
    return super().execute(sql, params)
  File "/Users/j/Desktop/BizSMART/Backend/biz/lib/python3.8/site-packages/django/db/backends/utils.py", line 67, in execute
    return self._execute_with_wrappers(
  File "/Users/j/Desktop/BizSMART/Backend/biz/lib/python3.8/site-packages/django/db/backends/utils.py", line 80, in _execute_with_wrappers
    return executor(sql, params, many, context)
  File "/Users/j/Desktop/BizSMART/Backend/biz/lib/python3.8/site-packages/django/db/backends/utils.py", line 89, in _execute
    return self.cursor.execute(sql, params)
  File "/Users/j/Desktop/BizSMART/Backend/biz/lib/python3.8/site-packages/django/db/utils.py", line 91, in __exit__
    raise dj_exc_value.with_traceback(traceback) from exc_value
  File "/Users/j/Desktop/BizSMART/Backend/biz/lib/python3.8/site-packages/django/db/backends/utils.py", line 89, in _execute
    return self.cursor.execute(sql, params)
  File "/Users/j/Desktop/BizSMART/Backend/biz/lib/python3.8/site-packages/django/db/backends/sqlite3/base.py", line 328, in execute
    return super().execute(query, params)
django.db.utils.OperationalError: no such column: inventory_category.is_active
ERROR 2026-05-30 08:53:29,254 basehttp "GET /api/v1/inventory/products/ HTTP/1.1" 500 232830
ERROR 2026-05-30 08:53:29,503 log Internal Server Error: /api/v1/inventory/products/
Traceback (most recent call last):
  File "/Users/j/Desktop/BizSMART/Backend/biz/lib/python3.8/site-packages/django/db/models/fields/related_descriptors.py", line 218, in __get__
    rel_obj = self.field.get_cached_value(instance)
  File "/Users/j/Desktop/BizSMART/Backend/biz/lib/python3.8/site-packages/django/db/models/fields/mixins.py", line 15, in get_cached_value
    return instance._state.fields_cache[cache_name]
KeyError: 'category'

During handling of the above exception, another exception occurred:

Traceback (most recent call last):
  File "/Users/j/Desktop/BizSMART/Backend/biz/lib/python3.8/site-packages/django/db/backends/utils.py", line 89, in _execute
    return self.cursor.execute(sql, params)
  File "/Users/j/Desktop/BizSMART/Backend/biz/lib/python3.8/site-packages/django/db/backends/sqlite3/base.py", line 328, in execute
    return super().execute(query, params)
sqlite3.OperationalError: no such column: inventory_category.is_active

The above exception was the direct cause of the following exception:

Traceback (most recent call last):
  File "/Users/j/Desktop/BizSMART/Backend/biz/lib/python3.8/site-packages/django/core/handlers/exception.py", line 55, in inner
    response = get_response(request)
  File "/Users/j/Desktop/BizSMART/Backend/biz/lib/python3.8/site-packages/django/core/handlers/base.py", line 197, in _get_response
    response = wrapped_callback(request, *callback_args, **callback_kwargs)
  File "/Users/j/Desktop/BizSMART/Backend/biz/lib/python3.8/site-packages/django/views/decorators/csrf.py", line 56, in wrapper_view
    return view_func(*args, **kwargs)
  File "/Users/j/Desktop/BizSMART/Backend/biz/lib/python3.8/site-packages/django/views/generic/base.py", line 105, in view
    return self.dispatch(request, *args, **kwargs)
  File "/Users/j/Desktop/BizSMART/Backend/biz/lib/python3.8/site-packages/rest_framework/views.py", line 509, in dispatch
    response = self.handle_exception(exc)
  File "/Users/j/Desktop/BizSMART/Backend/biz/lib/python3.8/site-packages/rest_framework/views.py", line 469, in handle_exception
    self.raise_uncaught_exception(exc)
  File "/Users/j/Desktop/BizSMART/Backend/biz/lib/python3.8/site-packages/rest_framework/views.py", line 480, in raise_uncaught_exception
    raise exc
  File "/Users/j/Desktop/BizSMART/Backend/biz/lib/python3.8/site-packages/rest_framework/views.py", line 506, in dispatch
    response = handler(request, *args, **kwargs)
  File "/Users/j/Desktop/BizSMART/Backend/biz/lib/python3.8/site-packages/rest_framework/generics.py", line 243, in get
    return self.list(request, *args, **kwargs)
  File "/Users/j/Desktop/BizSMART/Backend/biz/lib/python3.8/site-packages/rest_framework/mixins.py", line 43, in list
    return self.get_paginated_response(serializer.data)
  File "/Users/j/Desktop/BizSMART/Backend/biz/lib/python3.8/site-packages/rest_framework/serializers.py", line 795, in data
    ret = super().data
  File "/Users/j/Desktop/BizSMART/Backend/biz/lib/python3.8/site-packages/rest_framework/serializers.py", line 249, in data
    self._data = self.to_representation(self.instance)
  File "/Users/j/Desktop/BizSMART/Backend/biz/lib/python3.8/site-packages/rest_framework/serializers.py", line 713, in to_representation
    return [
  File "/Users/j/Desktop/BizSMART/Backend/biz/lib/python3.8/site-packages/rest_framework/serializers.py", line 714, in <listcomp>
    self.child.to_representation(item) for item in iterable
  File "/Users/j/Desktop/BizSMART/Backend/biz/lib/python3.8/site-packages/rest_framework/serializers.py", line 525, in to_representation
    attribute = field.get_attribute(instance)
  File "/Users/j/Desktop/BizSMART/Backend/biz/lib/python3.8/site-packages/rest_framework/fields.py", line 437, in get_attribute
    return get_attribute(instance, self.source_attrs)
  File "/Users/j/Desktop/BizSMART/Backend/biz/lib/python3.8/site-packages/rest_framework/fields.py", line 104, in get_attribute
    instance = getattr(instance, attr)
  File "/Users/j/Desktop/BizSMART/Backend/biz/lib/python3.8/site-packages/django/db/models/fields/related_descriptors.py", line 236, in __get__
    rel_obj = self.get_object(instance)
  File "/Users/j/Desktop/BizSMART/Backend/biz/lib/python3.8/site-packages/django/db/models/fields/related_descriptors.py", line 199, in get_object
    return qs.get(self.field.get_reverse_related_filter(instance))
  File "/Users/j/Desktop/BizSMART/Backend/biz/lib/python3.8/site-packages/django/db/models/query.py", line 635, in get
    num = len(clone)
  File "/Users/j/Desktop/BizSMART/Backend/biz/lib/python3.8/site-packages/django/db/models/query.py", line 382, in __len__
    self._fetch_all()
  File "/Users/j/Desktop/BizSMART/Backend/biz/lib/python3.8/site-packages/django/db/models/query.py", line 1886, in _fetch_all
    self._result_cache = list(self._iterable_class(self))
  File "/Users/j/Desktop/BizSMART/Backend/biz/lib/python3.8/site-packages/django/db/models/query.py", line 93, in __iter__
    results = compiler.execute_sql(
  File "/Users/j/Desktop/BizSMART/Backend/biz/lib/python3.8/site-packages/django/db/models/sql/compiler.py", line 1562, in execute_sql
    cursor.execute(sql, params)
  File "/Users/j/Desktop/BizSMART/Backend/biz/lib/python3.8/site-packages/django/db/backends/utils.py", line 102, in execute
    return super().execute(sql, params)
  File "/Users/j/Desktop/BizSMART/Backend/biz/lib/python3.8/site-packages/django/db/backends/utils.py", line 67, in execute
    return self._execute_with_wrappers(
  File "/Users/j/Desktop/BizSMART/Backend/biz/lib/python3.8/site-packages/django/db/backends/utils.py", line 80, in _execute_with_wrappers
    return executor(sql, params, many, context)
  File "/Users/j/Desktop/BizSMART/Backend/biz/lib/python3.8/site-packages/django/db/backends/utils.py", line 89, in _execute
    return self.cursor.execute(sql, params)
  File "/Users/j/Desktop/BizSMART/Backend/biz/lib/python3.8/site-packages/django/db/utils.py", line 91, in __exit__
    raise dj_exc_value.with_traceback(traceback) from exc_value
  File "/Users/j/Desktop/BizSMART/Backend/biz/lib/python3.8/site-packages/django/db/backends/utils.py", line 89, in _execute
    return self.cursor.execute(sql, params)
  File "/Users/j/Desktop/BizSMART/Backend/biz/lib/python3.8/site-packages/django/db/backends/sqlite3/base.py", line 328, in execute
    return super().execute(query, params)
django.db.utils.OperationalError: no such column: inventory_category.is_active
ERROR 2026-05-30 08:53:29,505 basehttp "GET /api/v1/inventory/products/ HTTP/1.1" 500 232830
ERROR 2026-05-30 08:54:03,855 log Internal Server Error: /api/v1/inventory/products/
Traceback (most recent call last):
  File "/Users/j/Desktop/BizSMART/Backend/biz/lib/python3.8/site-packages/django/db/models/fields/related_descriptors.py", line 218, in __get__
    rel_obj = self.field.get_cached_value(instance)
  File "/Users/j/Desktop/BizSMART/Backend/biz/lib/python3.8/site-packages/django/db/models/fields/mixins.py", line 15, in get_cached_value
    return instance._state.fields_cache[cache_name]
KeyError: 'category'

During handling of the above exception, another exception occurred:

Traceback (most recent call last):
  File "/Users/j/Desktop/BizSMART/Backend/biz/lib/python3.8/site-packages/django/db/backends/utils.py", line 89, in _execute
    return self.cursor.execute(sql, params)
  File "/Users/j/Desktop/BizSMART/Backend/biz/lib/python3.8/site-packages/django/db/backends/sqlite3/base.py", line 328, in execute
    return super().execute(query, params)
sqlite3.OperationalError: no such column: inventory_category.is_active

The above exception was the direct cause of the following exception:

Traceback (most recent call last):
  File "/Users/j/Desktop/BizSMART/Backend/biz/lib/python3.8/site-packages/django/core/handlers/exception.py", line 55, in inner
    response = get_response(request)
  File "/Users/j/Desktop/BizSMART/Backend/biz/lib/python3.8/site-packages/django/core/handlers/base.py", line 197, in _get_response
    response = wrapped_callback(request, *callback_args, **callback_kwargs)
  File "/Users/j/Desktop/BizSMART/Backend/biz/lib/python3.8/site-packages/django/views/decorators/csrf.py", line 56, in wrapper_view
    return view_func(*args, **kwargs)
  File "/Users/j/Desktop/BizSMART/Backend/biz/lib/python3.8/site-packages/django/views/generic/base.py", line 105, in view
    return self.dispatch(request, *args, **kwargs)
  File "/Users/j/Desktop/BizSMART/Backend/biz/lib/python3.8/site-packages/rest_framework/views.py", line 509, in dispatch
    response = self.handle_exception(exc)
  File "/Users/j/Desktop/BizSMART/Backend/biz/lib/python3.8/site-packages/rest_framework/views.py", line 469, in handle_exception
    self.raise_uncaught_exception(exc)
  File "/Users/j/Desktop/BizSMART/Backend/biz/lib/python3.8/site-packages/rest_framework/views.py", line 480, in raise_uncaught_exception
    raise exc
  File "/Users/j/Desktop/BizSMART/Backend/biz/lib/python3.8/site-packages/rest_framework/views.py", line 506, in dispatch
    response = handler(request, *args, **kwargs)
  File "/Users/j/Desktop/BizSMART/Backend/biz/lib/python3.8/site-packages/rest_framework/generics.py", line 243, in get
    return self.list(request, *args, **kwargs)
  File "/Users/j/Desktop/BizSMART/Backend/biz/lib/python3.8/site-packages/rest_framework/mixins.py", line 43, in list
    return self.get_paginated_response(serializer.data)
  File "/Users/j/Desktop/BizSMART/Backend/biz/lib/python3.8/site-packages/rest_framework/serializers.py", line 795, in data
    ret = super().data
  File "/Users/j/Desktop/BizSMART/Backend/biz/lib/python3.8/site-packages/rest_framework/serializers.py", line 249, in data
    self._data = self.to_representation(self.instance)
  File "/Users/j/Desktop/BizSMART/Backend/biz/lib/python3.8/site-packages/rest_framework/serializers.py", line 713, in to_representation
    return [
  File "/Users/j/Desktop/BizSMART/Backend/biz/lib/python3.8/site-packages/rest_framework/serializers.py", line 714, in <listcomp>
    self.child.to_representation(item) for item in iterable
  File "/Users/j/Desktop/BizSMART/Backend/biz/lib/python3.8/site-packages/rest_framework/serializers.py", line 525, in to_representation
    attribute = field.get_attribute(instance)
  File "/Users/j/Desktop/BizSMART/Backend/biz/lib/python3.8/site-packages/rest_framework/fields.py", line 437, in get_attribute
    return get_attribute(instance, self.source_attrs)
  File "/Users/j/Desktop/BizSMART/Backend/biz/lib/python3.8/site-packages/rest_framework/fields.py", line 104, in get_attribute
    instance = getattr(instance, attr)
  File "/Users/j/Desktop/BizSMART/Backend/biz/lib/python3.8/site-packages/django/db/models/fields/related_descriptors.py", line 236, in __get__
    rel_obj = self.get_object(instance)
  File "/Users/j/Desktop/BizSMART/Backend/biz/lib/python3.8/site-packages/django/db/models/fields/related_descriptors.py", line 199, in get_object
    return qs.get(self.field.get_reverse_related_filter(instance))
  File "/Users/j/Desktop/BizSMART/Backend/biz/lib/python3.8/site-packages/django/db/models/query.py", line 635, in get
    num = len(clone)
  File "/Users/j/Desktop/BizSMART/Backend/biz/lib/python3.8/site-packages/django/db/models/query.py", line 382, in __len__
    self._fetch_all()
  File "/Users/j/Desktop/BizSMART/Backend/biz/lib/python3.8/site-packages/django/db/models/query.py", line 1886, in _fetch_all
    self._result_cache = list(self._iterable_class(self))
  File "/Users/j/Desktop/BizSMART/Backend/biz/lib/python3.8/site-packages/django/db/models/query.py", line 93, in __iter__
    results = compiler.execute_sql(
  File "/Users/j/Desktop/BizSMART/Backend/biz/lib/python3.8/site-packages/django/db/models/sql/compiler.py", line 1562, in execute_sql
    cursor.execute(sql, params)
  File "/Users/j/Desktop/BizSMART/Backend/biz/lib/python3.8/site-packages/django/db/backends/utils.py", line 102, in execute
    return super().execute(sql, params)
  File "/Users/j/Desktop/BizSMART/Backend/biz/lib/python3.8/site-packages/django/db/backends/utils.py", line 67, in execute
    return self._execute_with_wrappers(
  File "/Users/j/Desktop/BizSMART/Backend/biz/lib/python3.8/site-packages/django/db/backends/utils.py", line 80, in _execute_with_wrappers
    return executor(sql, params, many, context)
  File "/Users/j/Desktop/BizSMART/Backend/biz/lib/python3.8/site-packages/django/db/backends/utils.py", line 89, in _execute
    return self.cursor.execute(sql, params)
  File "/Users/j/Desktop/BizSMART/Backend/biz/lib/python3.8/site-packages/django/db/utils.py", line 91, in __exit__
    raise dj_exc_value.with_traceback(traceback) from exc_value
  File "/Users/j/Desktop/BizSMART/Backend/biz/lib/python3.8/site-packages/django/db/backends/utils.py", line 89, in _execute
    return self.cursor.execute(sql, params)
  File "/Users/j/Desktop/BizSMART/Backend/biz/lib/python3.8/site-packages/django/db/backends/sqlite3/base.py", line 328, in execute
    return super().execute(query, params)
django.db.utils.OperationalError: no such column: inventory_category.is_active
ERROR 2026-05-30 08:54:03,880 basehttp "GET /api/v1/inventory/products/ HTTP/1.1" 500 232830
ERROR 2026-05-30 08:54:04,142 log Internal Server Error: /api/v1/inventory/products/
Traceback (most recent call last):
  File "/Users/j/Desktop/BizSMART/Backend/biz/lib/python3.8/site-packages/django/db/models/fields/related_descriptors.py", line 218, in __get__
    rel_obj = self.field.get_cached_value(instance)
  File "/Users/j/Desktop/BizSMART/Backend/biz/lib/python3.8/site-packages/django/db/models/fields/mixins.py", line 15, in get_cached_value
    return instance._state.fields_cache[cache_name]
KeyError: 'category'

During handling of the above exception, another exception occurred:

Traceback (most recent call last):
  File "/Users/j/Desktop/BizSMART/Backend/biz/lib/python3.8/site-packages/django/db/backends/utils.py", line 89, in _execute
    return self.cursor.execute(sql, params)
  File "/Users/j/Desktop/BizSMART/Backend/biz/lib/python3.8/site-packages/django/db/backends/sqlite3/base.py", line 328, in execute
    return super().execute(query, params)
sqlite3.OperationalError: no such column: inventory_category.is_active

The above exception was the direct cause of the following exception:

Traceback (most recent call last):
  File "/Users/j/Desktop/BizSMART/Backend/biz/lib/python3.8/site-packages/django/core/handlers/exception.py", line 55, in inner
    response = get_response(request)
  File "/Users/j/Desktop/BizSMART/Backend/biz/lib/python3.8/site-packages/django/core/handlers/base.py", line 197, in _get_response
    response = wrapped_callback(request, *callback_args, **callback_kwargs)
  File "/Users/j/Desktop/BizSMART/Backend/biz/lib/python3.8/site-packages/django/views/decorators/csrf.py", line 56, in wrapper_view
    return view_func(*args, **kwargs)
  File "/Users/j/Desktop/BizSMART/Backend/biz/lib/python3.8/site-packages/django/views/generic/base.py", line 105, in view
    return self.dispatch(request, *args, **kwargs)
  File "/Users/j/Desktop/BizSMART/Backend/biz/lib/python3.8/site-packages/rest_framework/views.py", line 509, in dispatch
    response = self.handle_exception(exc)
  File "/Users/j/Desktop/BizSMART/Backend/biz/lib/python3.8/site-packages/rest_framework/views.py", line 469, in handle_exception
    self.raise_uncaught_exception(exc)
  File "/Users/j/Desktop/BizSMART/Backend/biz/lib/python3.8/site-packages/rest_framework/views.py", line 480, in raise_uncaught_exception
    raise exc
  File "/Users/j/Desktop/BizSMART/Backend/biz/lib/python3.8/site-packages/rest_framework/views.py", line 506, in dispatch
    response = handler(request, *args, **kwargs)
  File "/Users/j/Desktop/BizSMART/Backend/biz/lib/python3.8/site-packages/rest_framework/generics.py", line 243, in get
    return self.list(request, *args, **kwargs)
  File "/Users/j/Desktop/BizSMART/Backend/biz/lib/python3.8/site-packages/rest_framework/mixins.py", line 43, in list
    return self.get_paginated_response(serializer.data)
  File "/Users/j/Desktop/BizSMART/Backend/biz/lib/python3.8/site-packages/rest_framework/serializers.py", line 795, in data
    ret = super().data
  File "/Users/j/Desktop/BizSMART/Backend/biz/lib/python3.8/site-packages/rest_framework/serializers.py", line 249, in data
    self._data = self.to_representation(self.instance)
  File "/Users/j/Desktop/BizSMART/Backend/biz/lib/python3.8/site-packages/rest_framework/serializers.py", line 713, in to_representation
    return [
  File "/Users/j/Desktop/BizSMART/Backend/biz/lib/python3.8/site-packages/rest_framework/serializers.py", line 714, in <listcomp>
    self.child.to_representation(item) for item in iterable
  File "/Users/j/Desktop/BizSMART/Backend/biz/lib/python3.8/site-packages/rest_framework/serializers.py", line 525, in to_representation
    attribute = field.get_attribute(instance)
  File "/Users/j/Desktop/BizSMART/Backend/biz/lib/python3.8/site-packages/rest_framework/fields.py", line 437, in get_attribute
    return get_attribute(instance, self.source_attrs)
  File "/Users/j/Desktop/BizSMART/Backend/biz/lib/python3.8/site-packages/rest_framework/fields.py", line 104, in get_attribute
    instance = getattr(instance, attr)
  File "/Users/j/Desktop/BizSMART/Backend/biz/lib/python3.8/site-packages/django/db/models/fields/related_descriptors.py", line 236, in __get__
    rel_obj = self.get_object(instance)
  File "/Users/j/Desktop/BizSMART/Backend/biz/lib/python3.8/site-packages/django/db/models/fields/related_descriptors.py", line 199, in get_object
    return qs.get(self.field.get_reverse_related_filter(instance))
  File "/Users/j/Desktop/BizSMART/Backend/biz/lib/python3.8/site-packages/django/db/models/query.py", line 635, in get
    num = len(clone)
  File "/Users/j/Desktop/BizSMART/Backend/biz/lib/python3.8/site-packages/django/db/models/query.py", line 382, in __len__
    self._fetch_all()
  File "/Users/j/Desktop/BizSMART/Backend/biz/lib/python3.8/site-packages/django/db/models/query.py", line 1886, in _fetch_all
    self._result_cache = list(self._iterable_class(self))
  File "/Users/j/Desktop/BizSMART/Backend/biz/lib/python3.8/site-packages/django/db/models/query.py", line 93, in __iter__
    results = compiler.execute_sql(
  File "/Users/j/Desktop/BizSMART/Backend/biz/lib/python3.8/site-packages/django/db/models/sql/compiler.py", line 1562, in execute_sql
    cursor.execute(sql, params)
  File "/Users/j/Desktop/BizSMART/Backend/biz/lib/python3.8/site-packages/django/db/backends/utils.py", line 102, in execute
    return super().execute(sql, params)
  File "/Users/j/Desktop/BizSMART/Backend/biz/lib/python3.8/site-packages/django/db/backends/utils.py", line 67, in execute
    return self._execute_with_wrappers(
  File "/Users/j/Desktop/BizSMART/Backend/biz/lib/python3.8/site-packages/django/db/backends/utils.py", line 80, in _execute_with_wrappers
    return executor(sql, params, many, context)
  File "/Users/j/Desktop/BizSMART/Backend/biz/lib/python3.8/site-packages/django/db/backends/utils.py", line 89, in _execute
    return self.cursor.execute(sql, params)
  File "/Users/j/Desktop/BizSMART/Backend/biz/lib/python3.8/site-packages/django/db/utils.py", line 91, in __exit__
    raise dj_exc_value.with_traceback(traceback) from exc_value
  File "/Users/j/Desktop/BizSMART/Backend/biz/lib/python3.8/site-packages/django/db/backends/utils.py", line 89, in _execute
    return self.cursor.execute(sql, params)
  File "/Users/j/Desktop/BizSMART/Backend/biz/lib/python3.8/site-packages/django/db/backends/sqlite3/base.py", line 328, in execute
    return super().execute(query, params)
django.db.utils.OperationalError: no such column: inventory_category.is_active
ERROR 2026-05-30 08:54:04,146 basehttp "GET /api/v1/inventory/products/ HTTP/1.1" 500 232830
ERROR 2026-05-30 08:57:00,736 log Internal Server Error: /api/v1/inventory/products/
Traceback (most recent call last):
  File "/Users/j/Desktop/BizSMART/Backend/biz/lib/python3.8/site-packages/django/db/models/fields/related_descriptors.py", line 218, in __get__
    rel_obj = self.field.get_cached_value(instance)
  File "/Users/j/Desktop/BizSMART/Backend/biz/lib/python3.8/site-packages/django/db/models/fields/mixins.py", line 15, in get_cached_value
    return instance._state.fields_cache[cache_name]
KeyError: 'category'

During handling of the above exception, another exception occurred:

Traceback (most recent call last):
  File "/Users/j/Desktop/BizSMART/Backend/biz/lib/python3.8/site-packages/django/db/backends/utils.py", line 89, in _execute
    return self.cursor.execute(sql, params)
  File "/Users/j/Desktop/BizSMART/Backend/biz/lib/python3.8/site-packages/django/db/backends/sqlite3/base.py", line 328, in execute
    return super().execute(query, params)
sqlite3.OperationalError: no such column: inventory_category.is_active

The above exception was the direct cause of the following exception:

Traceback (most recent call last):
  File "/Users/j/Desktop/BizSMART/Backend/biz/lib/python3.8/site-packages/django/core/handlers/exception.py", line 55, in inner
    response = get_response(request)
  File "/Users/j/Desktop/BizSMART/Backend/biz/lib/python3.8/site-packages/django/core/handlers/base.py", line 197, in _get_response
    response = wrapped_callback(request, *callback_args, **callback_kwargs)
  File "/Users/j/Desktop/BizSMART/Backend/biz/lib/python3.8/site-packages/django/views/decorators/csrf.py", line 56, in wrapper_view
    return view_func(*args, **kwargs)
  File "/Users/j/Desktop/BizSMART/Backend/biz/lib/python3.8/site-packages/django/views/generic/base.py", line 105, in view
    return self.dispatch(request, *args, **kwargs)
  File "/Users/j/Desktop/BizSMART/Backend/biz/lib/python3.8/site-packages/rest_framework/views.py", line 509, in dispatch
    response = self.handle_exception(exc)
  File "/Users/j/Desktop/BizSMART/Backend/biz/lib/python3.8/site-packages/rest_framework/views.py", line 469, in handle_exception
    self.raise_uncaught_exception(exc)
  File "/Users/j/Desktop/BizSMART/Backend/biz/lib/python3.8/site-packages/rest_framework/views.py", line 480, in raise_uncaught_exception
    raise exc
  File "/Users/j/Desktop/BizSMART/Backend/biz/lib/python3.8/site-packages/rest_framework/views.py", line 506, in dispatch
    response = handler(request, *args, **kwargs)
  File "/Users/j/Desktop/BizSMART/Backend/biz/lib/python3.8/site-packages/rest_framework/generics.py", line 243, in get
    return self.list(request, *args, **kwargs)
  File "/Users/j/Desktop/BizSMART/Backend/biz/lib/python3.8/site-packages/rest_framework/mixins.py", line 43, in list
    return self.get_paginated_response(serializer.data)
  File "/Users/j/Desktop/BizSMART/Backend/biz/lib/python3.8/site-packages/rest_framework/serializers.py", line 795, in data
    ret = super().data
  File "/Users/j/Desktop/BizSMART/Backend/biz/lib/python3.8/site-packages/rest_framework/serializers.py", line 249, in data
    self._data = self.to_representation(self.instance)
  File "/Users/j/Desktop/BizSMART/Backend/biz/lib/python3.8/site-packages/rest_framework/serializers.py", line 713, in to_representation
    return [
  File "/Users/j/Desktop/BizSMART/Backend/biz/lib/python3.8/site-packages/rest_framework/serializers.py", line 714, in <listcomp>
    self.child.to_representation(item) for item in iterable
  File "/Users/j/Desktop/BizSMART/Backend/biz/lib/python3.8/site-packages/rest_framework/serializers.py", line 525, in to_representation
    attribute = field.get_attribute(instance)
  File "/Users/j/Desktop/BizSMART/Backend/biz/lib/python3.8/site-packages/rest_framework/fields.py", line 437, in get_attribute
    return get_attribute(instance, self.source_attrs)
  File "/Users/j/Desktop/BizSMART/Backend/biz/lib/python3.8/site-packages/rest_framework/fields.py", line 104, in get_attribute
    instance = getattr(instance, attr)
  File "/Users/j/Desktop/BizSMART/Backend/biz/lib/python3.8/site-packages/django/db/models/fields/related_descriptors.py", line 236, in __get__
    rel_obj = self.get_object(instance)
  File "/Users/j/Desktop/BizSMART/Backend/biz/lib/python3.8/site-packages/django/db/models/fields/related_descriptors.py", line 199, in get_object
    return qs.get(self.field.get_reverse_related_filter(instance))
  File "/Users/j/Desktop/BizSMART/Backend/biz/lib/python3.8/site-packages/django/db/models/query.py", line 635, in get
    num = len(clone)
  File "/Users/j/Desktop/BizSMART/Backend/biz/lib/python3.8/site-packages/django/db/models/query.py", line 382, in __len__
    self._fetch_all()
  File "/Users/j/Desktop/BizSMART/Backend/biz/lib/python3.8/site-packages/django/db/models/query.py", line 1886, in _fetch_all
    self._result_cache = list(self._iterable_class(self))
  File "/Users/j/Desktop/BizSMART/Backend/biz/lib/python3.8/site-packages/django/db/models/query.py", line 93, in __iter__
    results = compiler.execute_sql(
  File "/Users/j/Desktop/BizSMART/Backend/biz/lib/python3.8/site-packages/django/db/models/sql/compiler.py", line 1562, in execute_sql
    cursor.execute(sql, params)
  File "/Users/j/Desktop/BizSMART/Backend/biz/lib/python3.8/site-packages/django/db/backends/utils.py", line 102, in execute
    return super().execute(sql, params)
  File "/Users/j/Desktop/BizSMART/Backend/biz/lib/python3.8/site-packages/django/db/backends/utils.py", line 67, in execute
    return self._execute_with_wrappers(
  File "/Users/j/Desktop/BizSMART/Backend/biz/lib/python3.8/site-packages/django/db/backends/utils.py", line 80, in _execute_with_wrappers
    return executor(sql, params, many, context)
  File "/Users/j/Desktop/BizSMART/Backend/biz/lib/python3.8/site-packages/django/db/backends/utils.py", line 89, in _execute
    return self.cursor.execute(sql, params)
  File "/Users/j/Desktop/BizSMART/Backend/biz/lib/python3.8/site-packages/django/db/utils.py", line 91, in __exit__
    raise dj_exc_value.with_traceback(traceback) from exc_value
  File "/Users/j/Desktop/BizSMART/Backend/biz/lib/python3.8/site-packages/django/db/backends/utils.py", line 89, in _execute
    return self.cursor.execute(sql, params)
  File "/Users/j/Desktop/BizSMART/Backend/biz/lib/python3.8/site-packages/django/db/backends/sqlite3/base.py", line 328, in execute
    return super().execute(query, params)
django.db.utils.OperationalError: no such column: inventory_category.is_active
ERROR 2026-05-30 08:57:00,738 basehttp "GET /api/v1/inventory/products/ HTTP/1.1" 500 25899
ERROR 2026-05-30 11:37:08,466 log Internal Server Error: /api/v1/financials/budgets/
Traceback (most recent call last):
  File "/Users/j/Desktop/BizSMART/Backend/biz/lib/python3.8/site-packages/django/core/handlers/exception.py", line 55, in inner
    response = get_response(request)
  File "/Users/j/Desktop/BizSMART/Backend/biz/lib/python3.8/site-packages/django/core/handlers/base.py", line 197, in _get_response
    response = wrapped_callback(request, *callback_args, **callback_kwargs)
  File "/Users/j/Desktop/BizSMART/Backend/biz/lib/python3.8/site-packages/django/views/decorators/csrf.py", line 56, in wrapper_view
    return view_func(*args, **kwargs)
  File "/Users/j/Desktop/BizSMART/Backend/biz/lib/python3.8/site-packages/django/views/generic/base.py", line 105, in view
    return self.dispatch(request, *args, **kwargs)
  File "/Users/j/Desktop/BizSMART/Backend/biz/lib/python3.8/site-packages/rest_framework/views.py", line 509, in dispatch
    response = self.handle_exception(exc)
  File "/Users/j/Desktop/BizSMART/Backend/biz/lib/python3.8/site-packages/rest_framework/views.py", line 469, in handle_exception
    self.raise_uncaught_exception(exc)
  File "/Users/j/Desktop/BizSMART/Backend/biz/lib/python3.8/site-packages/rest_framework/views.py", line 480, in raise_uncaught_exception
    raise exc
  File "/Users/j/Desktop/BizSMART/Backend/biz/lib/python3.8/site-packages/rest_framework/views.py", line 506, in dispatch
    response = handler(request, *args, **kwargs)
  File "/Users/j/Desktop/BizSMART/Backend/biz/lib/python3.8/site-packages/rest_framework/generics.py", line 246, in post
    return self.create(request, *args, **kwargs)
  File "/Users/j/Desktop/BizSMART/Backend/biz/lib/python3.8/site-packages/rest_framework/mixins.py", line 17, in create
    serializer = self.get_serializer(data=request.data)
  File "/Users/j/Desktop/BizSMART/Backend/biz/lib/python3.8/site-packages/rest_framework/generics.py", line 112, in get_serializer
    serializer_class = self.get_serializer_class()
  File "/Users/j/Desktop/BizSMART/Backend/financials/views.py", line 514, in get_serializer_class
    return BudgetCreateSerializer
NameError: name 'BudgetCreateSerializer' is not defined
ERROR 2026-05-30 11:37:08,489 basehttp "POST /api/v1/financials/budgets/ HTTP/1.1" 500 112451
ERROR 2026-05-30 11:37:42,508 log Internal Server Error: /api/v1/financials/budgets/
Traceback (most recent call last):
  File "/Users/j/Desktop/BizSMART/Backend/biz/lib/python3.8/site-packages/django/core/handlers/exception.py", line 55, in inner
    response = get_response(request)
  File "/Users/j/Desktop/BizSMART/Backend/biz/lib/python3.8/site-packages/django/core/handlers/base.py", line 197, in _get_response
    response = wrapped_callback(request, *callback_args, **callback_kwargs)
  File "/Users/j/Desktop/BizSMART/Backend/biz/lib/python3.8/site-packages/django/views/decorators/csrf.py", line 56, in wrapper_view
    return view_func(*args, **kwargs)
  File "/Users/j/Desktop/BizSMART/Backend/biz/lib/python3.8/site-packages/django/views/generic/base.py", line 105, in view
    return self.dispatch(request, *args, **kwargs)
  File "/Users/j/Desktop/BizSMART/Backend/biz/lib/python3.8/site-packages/rest_framework/views.py", line 509, in dispatch
    response = self.handle_exception(exc)
  File "/Users/j/Desktop/BizSMART/Backend/biz/lib/python3.8/site-packages/rest_framework/views.py", line 469, in handle_exception
    self.raise_uncaught_exception(exc)
  File "/Users/j/Desktop/BizSMART/Backend/biz/lib/python3.8/site-packages/rest_framework/views.py", line 480, in raise_uncaught_exception
    raise exc
  File "/Users/j/Desktop/BizSMART/Backend/biz/lib/python3.8/site-packages/rest_framework/views.py", line 506, in dispatch
    response = handler(request, *args, **kwargs)
  File "/Users/j/Desktop/BizSMART/Backend/biz/lib/python3.8/site-packages/rest_framework/generics.py", line 246, in post
    return self.create(request, *args, **kwargs)
  File "/Users/j/Desktop/BizSMART/Backend/biz/lib/python3.8/site-packages/rest_framework/mixins.py", line 17, in create
    serializer = self.get_serializer(data=request.data)
  File "/Users/j/Desktop/BizSMART/Backend/biz/lib/python3.8/site-packages/rest_framework/generics.py", line 112, in get_serializer
    serializer_class = self.get_serializer_class()
  File "/Users/j/Desktop/BizSMART/Backend/financials/views.py", line 514, in get_serializer_class
    return BudgetCreateSerializer
NameError: name 'BudgetCreateSerializer' is not defined
ERROR 2026-05-30 11:37:42,509 basehttp "POST /api/v1/financials/budgets/ HTTP/1.1" 500 111665
ERROR 2026-05-30 11:43:21,240 log Internal Server Error: /api/v1/financials/budgets/
Traceback (most recent call last):
  File "/Users/j/Desktop/BizSMART/Backend/biz/lib/python3.8/site-packages/django/db/backends/utils.py", line 89, in _execute
    return self.cursor.execute(sql, params)
  File "/Users/j/Desktop/BizSMART/Backend/biz/lib/python3.8/site-packages/django/db/backends/sqlite3/base.py", line 328, in execute
    return super().execute(query, params)
sqlite3.IntegrityError: NOT NULL constraint failed: financials_budget.business_id

The above exception was the direct cause of the following exception:

Traceback (most recent call last):
  File "/Users/j/Desktop/BizSMART/Backend/biz/lib/python3.8/site-packages/django/core/handlers/exception.py", line 55, in inner
    response = get_response(request)
  File "/Users/j/Desktop/BizSMART/Backend/biz/lib/python3.8/site-packages/django/core/handlers/base.py", line 197, in _get_response
    response = wrapped_callback(request, *callback_args, **callback_kwargs)
  File "/Users/j/Desktop/BizSMART/Backend/biz/lib/python3.8/site-packages/django/views/decorators/csrf.py", line 56, in wrapper_view
    return view_func(*args, **kwargs)
  File "/Users/j/Desktop/BizSMART/Backend/biz/lib/python3.8/site-packages/django/views/generic/base.py", line 105, in view
    return self.dispatch(request, *args, **kwargs)
  File "/Users/j/Desktop/BizSMART/Backend/biz/lib/python3.8/site-packages/rest_framework/views.py", line 509, in dispatch
    response = self.handle_exception(exc)
  File "/Users/j/Desktop/BizSMART/Backend/biz/lib/python3.8/site-packages/rest_framework/views.py", line 469, in handle_exception
    self.raise_uncaught_exception(exc)
  File "/Users/j/Desktop/BizSMART/Backend/biz/lib/python3.8/site-packages/rest_framework/views.py", line 480, in raise_uncaught_exception
    raise exc
  File "/Users/j/Desktop/BizSMART/Backend/biz/lib/python3.8/site-packages/rest_framework/views.py", line 506, in dispatch
    response = handler(request, *args, **kwargs)
  File "/Users/j/Desktop/BizSMART/Backend/biz/lib/python3.8/site-packages/rest_framework/generics.py", line 246, in post
    return self.create(request, *args, **kwargs)
  File "/Users/j/Desktop/BizSMART/Backend/biz/lib/python3.8/site-packages/rest_framework/mixins.py", line 19, in create
    self.perform_create(serializer)
  File "/Users/j/Desktop/BizSMART/Backend/biz/lib/python3.8/site-packages/rest_framework/mixins.py", line 24, in perform_create
    serializer.save()
  File "/Users/j/Desktop/BizSMART/Backend/biz/lib/python3.8/site-packages/rest_framework/serializers.py", line 208, in save
    self.instance = self.create(validated_data)
  File "/Users/j/Desktop/BizSMART/Backend/biz/lib/python3.8/site-packages/rest_framework/serializers.py", line 989, in create
    instance = ModelClass._default_manager.create(**validated_data)
  File "/Users/j/Desktop/BizSMART/Backend/biz/lib/python3.8/site-packages/django/db/models/manager.py", line 87, in manager_method
    return getattr(self.get_queryset(), name)(*args, **kwargs)
  File "/Users/j/Desktop/BizSMART/Backend/biz/lib/python3.8/site-packages/django/db/models/query.py", line 660, in create
    obj.save(force_insert=True, using=self.db)
  File "/Users/j/Desktop/BizSMART/Backend/biz/lib/python3.8/site-packages/django/db/models/base.py", line 814, in save
    self.save_base(
  File "/Users/j/Desktop/BizSMART/Backend/biz/lib/python3.8/site-packages/django/db/models/base.py", line 877, in save_base
    updated = self._save_table(
  File "/Users/j/Desktop/BizSMART/Backend/biz/lib/python3.8/site-packages/django/db/models/base.py", line 1020, in _save_table
    results = self._do_insert(
  File "/Users/j/Desktop/BizSMART/Backend/biz/lib/python3.8/site-packages/django/db/models/base.py", line 1061, in _do_insert
    return manager._insert(
  File "/Users/j/Desktop/BizSMART/Backend/biz/lib/python3.8/site-packages/django/db/models/manager.py", line 87, in manager_method
    return getattr(self.get_queryset(), name)(*args, **kwargs)
  File "/Users/j/Desktop/BizSMART/Backend/biz/lib/python3.8/site-packages/django/db/models/query.py", line 1810, in _insert
    return query.get_compiler(using=using).execute_sql(returning_fields)
  File "/Users/j/Desktop/BizSMART/Backend/biz/lib/python3.8/site-packages/django/db/models/sql/compiler.py", line 1822, in execute_sql
    cursor.execute(sql, params)
  File "/Users/j/Desktop/BizSMART/Backend/biz/lib/python3.8/site-packages/django/db/backends/utils.py", line 102, in execute
    return super().execute(sql, params)
  File "/Users/j/Desktop/BizSMART/Backend/biz/lib/python3.8/site-packages/django/db/backends/utils.py", line 67, in execute
    return self._execute_with_wrappers(
  File "/Users/j/Desktop/BizSMART/Backend/biz/lib/python3.8/site-packages/django/db/backends/utils.py", line 80, in _execute_with_wrappers
    return executor(sql, params, many, context)
  File "/Users/j/Desktop/BizSMART/Backend/biz/lib/python3.8/site-packages/django/db/backends/utils.py", line 89, in _execute
    return self.cursor.execute(sql, params)
  File "/Users/j/Desktop/BizSMART/Backend/biz/lib/python3.8/site-packages/django/db/utils.py", line 91, in __exit__
    raise dj_exc_value.with_traceback(traceback) from exc_value
  File "/Users/j/Desktop/BizSMART/Backend/biz/lib/python3.8/site-packages/django/db/backends/utils.py", line 89, in _execute
    return self.cursor.execute(sql, params)
  File "/Users/j/Desktop/BizSMART/Backend/biz/lib/python3.8/site-packages/django/db/backends/sqlite3/base.py", line 328, in execute
    return super().execute(query, params)
django.db.utils.IntegrityError: NOT NULL constraint failed: financials_budget.business_id
ERROR 2026-05-30 11:43:21,277 basehttp "POST /api/v1/financials/budgets/ HTTP/1.1" 500 221178
ERROR 2026-05-30 11:52:21,981 log Internal Server Error: /api/v1/financials/budgets/
Traceback (most recent call last):
  File "/Users/j/Desktop/BizSMART/Backend/biz/lib/python3.8/site-packages/django/core/handlers/exception.py", line 55, in inner
    response = get_response(request)
  File "/Users/j/Desktop/BizSMART/Backend/biz/lib/python3.8/site-packages/django/core/handlers/base.py", line 197, in _get_response
    response = wrapped_callback(request, *callback_args, **callback_kwargs)
  File "/Users/j/Desktop/BizSMART/Backend/biz/lib/python3.8/site-packages/django/views/decorators/csrf.py", line 56, in wrapper_view
    return view_func(*args, **kwargs)
  File "/Users/j/Desktop/BizSMART/Backend/biz/lib/python3.8/site-packages/django/views/generic/base.py", line 105, in view
    return self.dispatch(request, *args, **kwargs)
  File "/Users/j/Desktop/BizSMART/Backend/biz/lib/python3.8/site-packages/rest_framework/views.py", line 509, in dispatch
    response = self.handle_exception(exc)
  File "/Users/j/Desktop/BizSMART/Backend/biz/lib/python3.8/site-packages/rest_framework/views.py", line 469, in handle_exception
    self.raise_uncaught_exception(exc)
  File "/Users/j/Desktop/BizSMART/Backend/biz/lib/python3.8/site-packages/rest_framework/views.py", line 480, in raise_uncaught_exception
    raise exc
  File "/Users/j/Desktop/BizSMART/Backend/biz/lib/python3.8/site-packages/rest_framework/views.py", line 506, in dispatch
    response = handler(request, *args, **kwargs)
  File "/Users/j/Desktop/BizSMART/Backend/biz/lib/python3.8/site-packages/rest_framework/generics.py", line 246, in post
    return self.create(request, *args, **kwargs)
  File "/Users/j/Desktop/BizSMART/Backend/biz/lib/python3.8/site-packages/rest_framework/mixins.py", line 20, in create
    headers = self.get_success_headers(serializer.data)
  File "/Users/j/Desktop/BizSMART/Backend/biz/lib/python3.8/site-packages/rest_framework/serializers.py", line 571, in data
    ret = super().data
  File "/Users/j/Desktop/BizSMART/Backend/biz/lib/python3.8/site-packages/rest_framework/serializers.py", line 249, in data
    self._data = self.to_representation(self.instance)
  File "/Users/j/Desktop/BizSMART/Backend/biz/lib/python3.8/site-packages/rest_framework/serializers.py", line 538, in to_representation
    ret[field.field_name] = field.to_representation(attribute)
  File "/Users/j/Desktop/BizSMART/Backend/biz/lib/python3.8/site-packages/rest_framework/fields.py", line 1654, in to_representation
    return [self.child.to_representation(item) if item is not None else None for item in data]
TypeError: 'RelatedManager' object is not iterable
ERROR 2026-05-30 11:52:21,988 basehttp "POST /api/v1/financials/budgets/ HTTP/1.1" 500 130652
